running develop
running egg_info
writing slam_pkg.egg-info/PKG-INFO
writing dependency_links to slam_pkg.egg-info/dependency_links.txt
writing entry points to slam_pkg.egg-info/entry_points.txt
writing requirements to slam_pkg.egg-info/requires.txt
writing top-level names to slam_pkg.egg-info/top_level.txt
reading manifest file 'slam_pkg.egg-info/SOURCES.txt'
writing manifest file 'slam_pkg.egg-info/SOURCES.txt'
running build_ext
Creating /home/yuarajan_s/ros2_ws/install/slam_pkg/lib/python3.12/site-packages/slam-pkg.egg-link (link to .)
Installing data_association script to /home/yuarajan_s/ros2_ws/install/slam_pkg/lib/slam_pkg
Installing ekf_slam script to /home/yuarajan_s/ros2_ws/install/slam_pkg/lib/slam_pkg
Installing landmark_covariance script to /home/yuarajan_s/ros2_ws/install/slam_pkg/lib/slam_pkg
Installing landmark_detector script to /home/yuarajan_s/ros2_ws/install/slam_pkg/lib/slam_pkg
Installing loop_closure script to /home/yuarajan_s/ros2_ws/install/slam_pkg/lib/slam_pkg
Installing occupancy_grid_slam script to /home/yuarajan_s/ros2_ws/install/slam_pkg/lib/slam_pkg
Installing pose_graph script to /home/yuarajan_s/ros2_ws/install/slam_pkg/lib/slam_pkg

Installed /home/yuarajan_s/ros2_ws/build/slam_pkg
running symlink_data
