[0.970s] Invoking command in '/home/yuarajan_s/ros2_ws/build/slam_pkg': PYTHONPATH=/home/yuarajan_s/ros2_ws/build/slam_pkg/prefix_override:/usr/lib/python3/dist-packages/colcon_core/task/python/colcon_distutils_commands:/home/yuarajan_s/ros2_ws/install/slam_pkg/lib/python3.12/site-packages:${PYTHONPATH} /usr/bin/python3 -W ignore:setup.py install is deprecated -W ignore:easy_install command is deprecated setup.py develop --editable --build-directory /home/yuarajan_s/ros2_ws/build/slam_pkg/build --no-deps symlink_data
[1.284s] running develop
[1.483s] running egg_info
[1.504s] writing slam_pkg.egg-info/PKG-INFO
[1.505s] writing dependency_links to slam_pkg.egg-info/dependency_links.txt
[1.505s] writing entry points to slam_pkg.egg-info/entry_points.txt
[1.505s] writing requirements to slam_pkg.egg-info/requires.txt
[1.505s] writing top-level names to slam_pkg.egg-info/top_level.txt
[1.547s] reading manifest file 'slam_pkg.egg-info/SOURCES.txt'
[1.548s] writing manifest file 'slam_pkg.egg-info/SOURCES.txt'
[1.567s] running build_ext
[1.567s] Creating /home/yuarajan_s/ros2_ws/install/slam_pkg/lib/python3.12/site-packages/slam-pkg.egg-link (link to .)
[1.568s] Installing data_association script to /home/yuarajan_s/ros2_ws/install/slam_pkg/lib/slam_pkg
[1.568s] Installing ekf_slam script to /home/yuarajan_s/ros2_ws/install/slam_pkg/lib/slam_pkg
[1.568s] Installing landmark_covariance script to /home/yuarajan_s/ros2_ws/install/slam_pkg/lib/slam_pkg
[1.569s] Installing landmark_detector script to /home/yuarajan_s/ros2_ws/install/slam_pkg/lib/slam_pkg
[1.570s] Installing loop_closure script to /home/yuarajan_s/ros2_ws/install/slam_pkg/lib/slam_pkg
[1.570s] Installing occupancy_grid_slam script to /home/yuarajan_s/ros2_ws/install/slam_pkg/lib/slam_pkg
[1.570s] Installing pose_graph script to /home/yuarajan_s/ros2_ws/install/slam_pkg/lib/slam_pkg
[1.571s] 
[1.571s] Installed /home/yuarajan_s/ros2_ws/build/slam_pkg
[1.571s] running symlink_data
[1.620s] Invoked command in '/home/yuarajan_s/ros2_ws/build/slam_pkg' returned '0': PYTHONPATH=/home/yuarajan_s/ros2_ws/build/slam_pkg/prefix_override:/usr/lib/python3/dist-packages/colcon_core/task/python/colcon_distutils_commands:/home/yuarajan_s/ros2_ws/install/slam_pkg/lib/python3.12/site-packages:${PYTHONPATH} /usr/bin/python3 -W ignore:setup.py install is deprecated -W ignore:easy_install command is deprecated setup.py develop --editable --build-directory /home/yuarajan_s/ros2_ws/build/slam_pkg/build --no-deps symlink_data
