[3.564s] Invoking command in '/home/yuarajan_s/ros2_ws/src/odometry_pkg': PYTHONPATH=/home/yuarajan_s/ros2_ws/build/odometry_pkg/prefix_override:/usr/lib/python3/dist-packages/colcon_core/task/python/colcon_distutils_commands:/home/yuarajan_s/ros2_ws/install/odometry_pkg/lib/python3.12/site-packages:${PYTHONPATH} /usr/bin/python3 -W ignore:setup.py install is deprecated -W ignore:easy_install command is deprecated setup.py egg_info --egg-base ../../build/odometry_pkg build --build-base /home/yuarajan_s/ros2_ws/build/odometry_pkg/build install --record /home/yuarajan_s/ros2_ws/build/odometry_pkg/install.log --single-version-externally-managed install_data
[4.036s] running egg_info
[4.037s] creating ../../build/odometry_pkg/odometry_pkg.egg-info
[4.073s] writing ../../build/odometry_pkg/odometry_pkg.egg-info/PKG-INFO
[4.075s] writing dependency_links to ../../build/odometry_pkg/odometry_pkg.egg-info/dependency_links.txt
[4.075s] writing entry points to ../../build/odometry_pkg/odometry_pkg.egg-info/entry_points.txt
[4.075s] writing requirements to ../../build/odometry_pkg/odometry_pkg.egg-info/requires.txt
[4.075s] writing top-level names to ../../build/odometry_pkg/odometry_pkg.egg-info/top_level.txt
[4.084s] writing manifest file '../../build/odometry_pkg/odometry_pkg.egg-info/SOURCES.txt'
[4.136s] reading manifest file '../../build/odometry_pkg/odometry_pkg.egg-info/SOURCES.txt'
[4.137s] writing manifest file '../../build/odometry_pkg/odometry_pkg.egg-info/SOURCES.txt'
[4.137s] running build
[4.138s] running build_py
[4.138s] creating /home/yuarajan_s/ros2_ws/build/odometry_pkg/build
[4.139s] creating /home/yuarajan_s/ros2_ws/build/odometry_pkg/build/lib
[4.140s] creating /home/yuarajan_s/ros2_ws/build/odometry_pkg/build/lib/odometry_pkg
[4.140s] copying odometry_pkg/__init__.py -> /home/yuarajan_s/ros2_ws/build/odometry_pkg/build/lib/odometry_pkg
[4.141s] copying odometry_pkg/wheel_odometry.py -> /home/yuarajan_s/ros2_ws/build/odometry_pkg/build/lib/odometry_pkg
[4.142s] running install
[4.151s] running install_lib
[4.186s] creating /home/yuarajan_s/ros2_ws/install/odometry_pkg/lib/python3.12/site-packages/odometry_pkg
[4.187s] copying /home/yuarajan_s/ros2_ws/build/odometry_pkg/build/lib/odometry_pkg/__init__.py -> /home/yuarajan_s/ros2_ws/install/odometry_pkg/lib/python3.12/site-packages/odometry_pkg
[4.187s] copying /home/yuarajan_s/ros2_ws/build/odometry_pkg/build/lib/odometry_pkg/wheel_odometry.py -> /home/yuarajan_s/ros2_ws/install/odometry_pkg/lib/python3.12/site-packages/odometry_pkg
[4.187s] byte-compiling /home/yuarajan_s/ros2_ws/install/odometry_pkg/lib/python3.12/site-packages/odometry_pkg/__init__.py to __init__.cpython-312.pyc
[4.187s] byte-compiling /home/yuarajan_s/ros2_ws/install/odometry_pkg/lib/python3.12/site-packages/odometry_pkg/wheel_odometry.py to wheel_odometry.cpython-312.pyc
[4.200s] running install_data
[4.201s] creating /home/yuarajan_s/ros2_ws/install/odometry_pkg/share/ament_index
[4.202s] creating /home/yuarajan_s/ros2_ws/install/odometry_pkg/share/ament_index/resource_index
[4.202s] creating /home/yuarajan_s/ros2_ws/install/odometry_pkg/share/ament_index/resource_index/packages
[4.202s] copying resource/odometry_pkg -> /home/yuarajan_s/ros2_ws/install/odometry_pkg/share/ament_index/resource_index/packages
[4.202s] copying package.xml -> /home/yuarajan_s/ros2_ws/install/odometry_pkg/share/odometry_pkg
[4.202s] running install_egg_info
[4.222s] Copying ../../build/odometry_pkg/odometry_pkg.egg-info to /home/yuarajan_s/ros2_ws/install/odometry_pkg/lib/python3.12/site-packages/odometry_pkg-0.0.0-py3.12.egg-info
[4.224s] running install_scripts
[4.413s] Installing wheel_odometry script to /home/yuarajan_s/ros2_ws/install/odometry_pkg/lib/odometry_pkg
[4.415s] writing list of installed files to '/home/yuarajan_s/ros2_ws/build/odometry_pkg/install.log'
[4.550s] Invoked command in '/home/yuarajan_s/ros2_ws/src/odometry_pkg' returned '0': PYTHONPATH=/home/yuarajan_s/ros2_ws/build/odometry_pkg/prefix_override:/usr/lib/python3/dist-packages/colcon_core/task/python/colcon_distutils_commands:/home/yuarajan_s/ros2_ws/install/odometry_pkg/lib/python3.12/site-packages:${PYTHONPATH} /usr/bin/python3 -W ignore:setup.py install is deprecated -W ignore:easy_install command is deprecated setup.py egg_info --egg-base ../../build/odometry_pkg build --build-base /home/yuarajan_s/ros2_ws/build/odometry_pkg/build install --record /home/yuarajan_s/ros2_ws/build/odometry_pkg/install.log --single-version-externally-managed install_data
