[0.815s] Invoking command in '/home/yuarajan_s/ros2_ws/build/visual_odometry_pkg': PYTHONPATH=/home/yuarajan_s/ros2_ws/build/visual_odometry_pkg/prefix_override:/usr/lib/python3/dist-packages/colcon_core/task/python/colcon_distutils_commands:/home/yuarajan_s/ros2_ws/install/visual_odometry_pkg/lib/python3.12/site-packages:${PYTHONPATH} /usr/bin/python3 -W ignore:setup.py install is deprecated -W ignore:easy_install command is deprecated setup.py develop --editable --build-directory /home/yuarajan_s/ros2_ws/build/visual_odometry_pkg/build --no-deps symlink_data
[1.131s] running develop
[1.347s] running egg_info
[1.366s] writing visual_odometry_pkg.egg-info/PKG-INFO
[1.367s] writing dependency_links to visual_odometry_pkg.egg-info/dependency_links.txt
[1.367s] writing entry points to visual_odometry_pkg.egg-info/entry_points.txt
[1.367s] writing requirements to visual_odometry_pkg.egg-info/requires.txt
[1.367s] writing top-level names to visual_odometry_pkg.egg-info/top_level.txt
[1.406s] reading manifest file 'visual_odometry_pkg.egg-info/SOURCES.txt'
[1.407s] writing manifest file 'visual_odometry_pkg.egg-info/SOURCES.txt'
[1.433s] running build_ext
[1.434s] Creating /home/yuarajan_s/ros2_ws/install/visual_odometry_pkg/lib/python3.12/site-packages/visual-odometry-pkg.egg-link (link to .)
[1.434s] Installing depth_estimator script to /home/yuarajan_s/ros2_ws/install/visual_odometry_pkg/lib/visual_odometry_pkg
[1.435s] Installing essential_matrix_estimator script to /home/yuarajan_s/ros2_ws/install/visual_odometry_pkg/lib/visual_odometry_pkg
[1.435s] Installing feature_matcher script to /home/yuarajan_s/ros2_ws/install/visual_odometry_pkg/lib/visual_odometry_pkg
[1.435s] Installing monocular_visual_odometry script to /home/yuarajan_s/ros2_ws/install/visual_odometry_pkg/lib/visual_odometry_pkg
[1.436s] Installing orb_feature_extractor script to /home/yuarajan_s/ros2_ws/install/visual_odometry_pkg/lib/visual_odometry_pkg
[1.436s] Installing ransac_feature_matching script to /home/yuarajan_s/ros2_ws/install/visual_odometry_pkg/lib/visual_odometry_pkg
[1.436s] Installing stereo_camera_publisher script to /home/yuarajan_s/ros2_ws/install/visual_odometry_pkg/lib/visual_odometry_pkg
[1.437s] Installing stereo_vision script to /home/yuarajan_s/ros2_ws/install/visual_odometry_pkg/lib/visual_odometry_pkg
[1.437s] Installing vision_loop_closure script to /home/yuarajan_s/ros2_ws/install/visual_odometry_pkg/lib/visual_odometry_pkg
[1.437s] Installing visual_odometry script to /home/yuarajan_s/ros2_ws/install/visual_odometry_pkg/lib/visual_odometry_pkg
[1.438s] Installing visual_place_recognition script to /home/yuarajan_s/ros2_ws/install/visual_odometry_pkg/lib/visual_odometry_pkg
[1.438s] Installing visual_slam script to /home/yuarajan_s/ros2_ws/install/visual_odometry_pkg/lib/visual_odometry_pkg
[1.438s] 
[1.438s] Installed /home/yuarajan_s/ros2_ws/build/visual_odometry_pkg
[1.438s] running symlink_data
[1.493s] Invoked command in '/home/yuarajan_s/ros2_ws/build/visual_odometry_pkg' returned '0': PYTHONPATH=/home/yuarajan_s/ros2_ws/build/visual_odometry_pkg/prefix_override:/usr/lib/python3/dist-packages/colcon_core/task/python/colcon_distutils_commands:/home/yuarajan_s/ros2_ws/install/visual_odometry_pkg/lib/python3.12/site-packages:${PYTHONPATH} /usr/bin/python3 -W ignore:setup.py install is deprecated -W ignore:easy_install command is deprecated setup.py develop --editable --build-directory /home/yuarajan_s/ros2_ws/build/visual_odometry_pkg/build --no-deps symlink_data
