running egg_info
creating ../../build/autonav_control/autonav_control.egg-info
writing ../../build/autonav_control/autonav_control.egg-info/PKG-INFO
writing dependency_links to ../../build/autonav_control/autonav_control.egg-info/dependency_links.txt
writing entry points to ../../build/autonav_control/autonav_control.egg-info/entry_points.txt
writing requirements to ../../build/autonav_control/autonav_control.egg-info/requires.txt
writing top-level names to ../../build/autonav_control/autonav_control.egg-info/top_level.txt
writing manifest file '../../build/autonav_control/autonav_control.egg-info/SOURCES.txt'
reading manifest file '../../build/autonav_control/autonav_control.egg-info/SOURCES.txt'
writing manifest file '../../build/autonav_control/autonav_control.egg-info/SOURCES.txt'
running build
running build_py
creating /home/yuarajan_s/ros2_ws/build/autonav_control/build
creating /home/yuarajan_s/ros2_ws/build/autonav_control/build/lib
creating /home/yuarajan_s/ros2_ws/build/autonav_control/build/lib/autonav_control
copying autonav_control/path_follower.py -> /home/yuarajan_s/ros2_ws/build/autonav_control/build/lib/autonav_control
copying autonav_control/__init__.py -> /home/yuarajan_s/ros2_ws/build/autonav_control/build/lib/autonav_control
copying autonav_control/pure_pursuit.py -> /home/yuarajan_s/ros2_ws/build/autonav_control/build/lib/autonav_control
running install
running install_lib
creating /home/yuarajan_s/ros2_ws/install/autonav_control/lib/python3.12/site-packages/autonav_control
copying /home/yuarajan_s/ros2_ws/build/autonav_control/build/lib/autonav_control/path_follower.py -> /home/yuarajan_s/ros2_ws/install/autonav_control/lib/python3.12/site-packages/autonav_control
copying /home/yuarajan_s/ros2_ws/build/autonav_control/build/lib/autonav_control/__init__.py -> /home/yuarajan_s/ros2_ws/install/autonav_control/lib/python3.12/site-packages/autonav_control
copying /home/yuarajan_s/ros2_ws/build/autonav_control/build/lib/autonav_control/pure_pursuit.py -> /home/yuarajan_s/ros2_ws/install/autonav_control/lib/python3.12/site-packages/autonav_control
byte-compiling /home/yuarajan_s/ros2_ws/install/autonav_control/lib/python3.12/site-packages/autonav_control/path_follower.py to path_follower.cpython-312.pyc
byte-compiling /home/yuarajan_s/ros2_ws/install/autonav_control/lib/python3.12/site-packages/autonav_control/__init__.py to __init__.cpython-312.pyc
byte-compiling /home/yuarajan_s/ros2_ws/install/autonav_control/lib/python3.12/site-packages/autonav_control/pure_pursuit.py to pure_pursuit.cpython-312.pyc
running install_data
creating /home/yuarajan_s/ros2_ws/install/autonav_control/share/ament_index
creating /home/yuarajan_s/ros2_ws/install/autonav_control/share/ament_index/resource_index
creating /home/yuarajan_s/ros2_ws/install/autonav_control/share/ament_index/resource_index/packages
copying resource/autonav_control -> /home/yuarajan_s/ros2_ws/install/autonav_control/share/ament_index/resource_index/packages
copying package.xml -> /home/yuarajan_s/ros2_ws/install/autonav_control/share/autonav_control
running install_egg_info
Copying ../../build/autonav_control/autonav_control.egg-info to /home/yuarajan_s/ros2_ws/install/autonav_control/lib/python3.12/site-packages/autonav_control-0.0.0-py3.12.egg-info
running install_scripts
Installing path_follower script to /home/yuarajan_s/ros2_ws/install/autonav_control/lib/autonav_control
Installing pure_pursuit script to /home/yuarajan_s/ros2_ws/install/autonav_control/lib/autonav_control
writing list of installed files to '/home/yuarajan_s/ros2_ws/build/autonav_control/install.log'
