[1.490s] Invoking command in '/home/yuarajan_s/ros2_ws/src/visual_odometry_pkg': PYTHONPATH=/home/yuarajan_s/ros2_ws/build/visual_odometry_pkg/prefix_override:/usr/lib/python3/dist-packages/colcon_core/task/python/colcon_distutils_commands:/home/yuarajan_s/ros2_ws/install/visual_odometry_pkg/lib/python3.12/site-packages:${PYTHONPATH} /usr/bin/python3 -W ignore:setup.py install is deprecated -W ignore:easy_install command is deprecated setup.py egg_info --egg-base ../../build/visual_odometry_pkg build --build-base /home/yuarajan_s/ros2_ws/build/visual_odometry_pkg/build install --record /home/yuarajan_s/ros2_ws/build/visual_odometry_pkg/install.log --single-version-externally-managed install_data
[1.912s] running egg_info
[1.952s] writing ../../build/visual_odometry_pkg/visual_odometry_pkg.egg-info/PKG-INFO
[1.953s] writing dependency_links to ../../build/visual_odometry_pkg/visual_odometry_pkg.egg-info/dependency_links.txt
[1.954s] writing entry points to ../../build/visual_odometry_pkg/visual_odometry_pkg.egg-info/entry_points.txt
[1.955s] writing requirements to ../../build/visual_odometry_pkg/visual_odometry_pkg.egg-info/requires.txt
[1.955s] writing top-level names to ../../build/visual_odometry_pkg/visual_odometry_pkg.egg-info/top_level.txt
[2.026s] reading manifest file '../../build/visual_odometry_pkg/visual_odometry_pkg.egg-info/SOURCES.txt'
[2.028s] writing manifest file '../../build/visual_odometry_pkg/visual_odometry_pkg.egg-info/SOURCES.txt'
[2.030s] running build
[2.030s] running build_py
[2.031s] running install
[2.042s] running install_lib
[2.072s] running install_data
[2.072s] running install_egg_info
[2.102s] removing '/home/yuarajan_s/ros2_ws/install/visual_odometry_pkg/lib/python3.12/site-packages/visual_odometry_pkg-0.0.0-py3.12.egg-info' (and everything under it)
[2.104s] Copying ../../build/visual_odometry_pkg/visual_odometry_pkg.egg-info to /home/yuarajan_s/ros2_ws/install/visual_odometry_pkg/lib/python3.12/site-packages/visual_odometry_pkg-0.0.0-py3.12.egg-info
[2.108s] running install_scripts
[2.304s] Installing visual_odometry script to /home/yuarajan_s/ros2_ws/install/visual_odometry_pkg/lib/visual_odometry_pkg
[2.304s] writing list of installed files to '/home/yuarajan_s/ros2_ws/build/visual_odometry_pkg/install.log'
[2.390s] Invoked command in '/home/yuarajan_s/ros2_ws/src/visual_odometry_pkg' returned '0': PYTHONPATH=/home/yuarajan_s/ros2_ws/build/visual_odometry_pkg/prefix_override:/usr/lib/python3/dist-packages/colcon_core/task/python/colcon_distutils_commands:/home/yuarajan_s/ros2_ws/install/visual_odometry_pkg/lib/python3.12/site-packages:${PYTHONPATH} /usr/bin/python3 -W ignore:setup.py install is deprecated -W ignore:easy_install command is deprecated setup.py egg_info --egg-base ../../build/visual_odometry_pkg build --build-base /home/yuarajan_s/ros2_ws/build/visual_odometry_pkg/build install --record /home/yuarajan_s/ros2_ws/build/visual_odometry_pkg/install.log --single-version-externally-managed install_data
