[2.276s] Invoking command in '/home/yuarajan_s/ros2_ws/src/slam_pkg': PYTHONPATH=/home/yuarajan_s/ros2_ws/build/slam_pkg/prefix_override:/usr/lib/python3/dist-packages/colcon_core/task/python/colcon_distutils_commands:/home/yuarajan_s/ros2_ws/install/slam_pkg/lib/python3.12/site-packages:${PYTHONPATH} /usr/bin/python3 -W ignore:setup.py install is deprecated -W ignore:easy_install command is deprecated setup.py egg_info --egg-base ../../build/slam_pkg build --build-base /home/yuarajan_s/ros2_ws/build/slam_pkg/build install --record /home/yuarajan_s/ros2_ws/build/slam_pkg/install.log --single-version-externally-managed install_data
[2.941s] running egg_info
[2.987s] writing ../../build/slam_pkg/slam_pkg.egg-info/PKG-INFO
[2.987s] writing dependency_links to ../../build/slam_pkg/slam_pkg.egg-info/dependency_links.txt
[2.987s] writing entry points to ../../build/slam_pkg/slam_pkg.egg-info/entry_points.txt
[2.987s] writing requirements to ../../build/slam_pkg/slam_pkg.egg-info/requires.txt
[2.987s] writing top-level names to ../../build/slam_pkg/slam_pkg.egg-info/top_level.txt
[3.053s] reading manifest file '../../build/slam_pkg/slam_pkg.egg-info/SOURCES.txt'
[3.055s] writing manifest file '../../build/slam_pkg/slam_pkg.egg-info/SOURCES.txt'
[3.055s] running build
[3.058s] running build_py
[3.058s] copying slam_pkg/data_association.py -> /home/yuarajan_s/ros2_ws/build/slam_pkg/build/lib/slam_pkg
[3.058s] running install
[3.074s] running install_lib
[3.111s] copying /home/yuarajan_s/ros2_ws/build/slam_pkg/build/lib/slam_pkg/data_association.py -> /home/yuarajan_s/ros2_ws/install/slam_pkg/lib/python3.12/site-packages/slam_pkg
[3.114s] byte-compiling /home/yuarajan_s/ros2_ws/install/slam_pkg/lib/python3.12/site-packages/slam_pkg/data_association.py to data_association.cpython-312.pyc
[3.115s] running install_data
[3.116s] running install_egg_info
[3.155s] removing '/home/yuarajan_s/ros2_ws/install/slam_pkg/lib/python3.12/site-packages/slam_pkg-0.0.0-py3.12.egg-info' (and everything under it)
[3.156s] Copying ../../build/slam_pkg/slam_pkg.egg-info to /home/yuarajan_s/ros2_ws/install/slam_pkg/lib/python3.12/site-packages/slam_pkg-0.0.0-py3.12.egg-info
[3.159s] running install_scripts
[3.497s] Installing data_association script to /home/yuarajan_s/ros2_ws/install/slam_pkg/lib/slam_pkg
[3.497s] Installing landmark_detector script to /home/yuarajan_s/ros2_ws/install/slam_pkg/lib/slam_pkg
[3.498s] writing list of installed files to '/home/yuarajan_s/ros2_ws/build/slam_pkg/install.log'
[3.608s] Invoked command in '/home/yuarajan_s/ros2_ws/src/slam_pkg' returned '0': PYTHONPATH=/home/yuarajan_s/ros2_ws/build/slam_pkg/prefix_override:/usr/lib/python3/dist-packages/colcon_core/task/python/colcon_distutils_commands:/home/yuarajan_s/ros2_ws/install/slam_pkg/lib/python3.12/site-packages:${PYTHONPATH} /usr/bin/python3 -W ignore:setup.py install is deprecated -W ignore:easy_install command is deprecated setup.py egg_info --egg-base ../../build/slam_pkg build --build-base /home/yuarajan_s/ros2_ws/build/slam_pkg/build install --record /home/yuarajan_s/ros2_ws/build/slam_pkg/install.log --single-version-externally-managed install_data
