/home/yuarajan_s/ros2_ws/install/robot_description_pkg/lib/python3.12/site-packages/robot_description_pkg/__init__.py
/home/yuarajan_s/ros2_ws/install/robot_description_pkg/lib/python3.12/site-packages/robot_description_pkg/__pycache__/__init__.cpython-312.pyc
/home/yuarajan_s/ros2_ws/install/robot_description_pkg/share/ament_index/resource_index/packages/robot_description_pkg
/home/yuarajan_s/ros2_ws/install/robot_description_pkg/share/robot_description_pkg/package.xml
/home/yuarajan_s/ros2_ws/install/robot_description_pkg/share/robot_description_pkg/launch/bridge.launch.py
/home/yuarajan_s/ros2_ws/install/robot_description_pkg/share/robot_description_pkg/launch/display_robot.launch.py
/home/yuarajan_s/ros2_ws/install/robot_description_pkg/share/robot_description_pkg/launch/full_tf.launch.py
/home/yuarajan_s/ros2_ws/install/robot_description_pkg/share/robot_description_pkg/launch/slam.launch.py
/home/yuarajan_s/ros2_ws/install/robot_description_pkg/share/robot_description_pkg/launch/gazebo.launch.py
/home/yuarajan_s/ros2_ws/install/robot_description_pkg/share/robot_description_pkg/config/slam.yaml
/home/yuarajan_s/ros2_ws/install/robot_description_pkg/share/robot_description_pkg/urdf/mobile_robot.urdf
/home/yuarajan_s/ros2_ws/install/robot_description_pkg/share/robot_description_pkg/rviz/robot.rviz
/home/yuarajan_s/ros2_ws/install/robot_description_pkg/share/robot_description_pkg/worlds/empty.sdf
/home/yuarajan_s/ros2_ws/install/robot_description_pkg/share/robot_description_pkg/models/mobile_robot/mobile_robot.sdf
/home/yuarajan_s/ros2_ws/install/robot_description_pkg/share/robot_description_pkg/models/mobile_robot/mobile_robot.sdf.save
/home/yuarajan_s/ros2_ws/install/robot_description_pkg/share/robot_description_pkg/models/mobile_robot/model.config
/home/yuarajan_s/ros2_ws/install/robot_description_pkg/share/robot_description_pkg/models/mobile_robot/mobile_robot.sdf.save.1
/home/yuarajan_s/ros2_ws/install/robot_description_pkg/lib/python3.12/site-packages/robot_description_pkg-0.0.0-py3.12.egg-info/top_level.txt
/home/yuarajan_s/ros2_ws/install/robot_description_pkg/lib/python3.12/site-packages/robot_description_pkg-0.0.0-py3.12.egg-info/SOURCES.txt
/home/yuarajan_s/ros2_ws/install/robot_description_pkg/lib/python3.12/site-packages/robot_description_pkg-0.0.0-py3.12.egg-info/requires.txt
/home/yuarajan_s/ros2_ws/install/robot_description_pkg/lib/python3.12/site-packages/robot_description_pkg-0.0.0-py3.12.egg-info/dependency_links.txt
/home/yuarajan_s/ros2_ws/install/robot_description_pkg/lib/python3.12/site-packages/robot_description_pkg-0.0.0-py3.12.egg-info/zip-safe
/home/yuarajan_s/ros2_ws/install/robot_description_pkg/lib/python3.12/site-packages/robot_description_pkg-0.0.0-py3.12.egg-info/PKG-INFO
