running egg_info
creating ../../build/visual_odometry_pkg/visual_odometry_pkg.egg-info
writing ../../build/visual_odometry_pkg/visual_odometry_pkg.egg-info/PKG-INFO
writing dependency_links to ../../build/visual_odometry_pkg/visual_odometry_pkg.egg-info/dependency_links.txt
writing entry points to ../../build/visual_odometry_pkg/visual_odometry_pkg.egg-info/entry_points.txt
writing requirements to ../../build/visual_odometry_pkg/visual_odometry_pkg.egg-info/requires.txt
writing top-level names to ../../build/visual_odometry_pkg/visual_odometry_pkg.egg-info/top_level.txt
writing manifest file '../../build/visual_odometry_pkg/visual_odometry_pkg.egg-info/SOURCES.txt'
reading manifest file '../../build/visual_odometry_pkg/visual_odometry_pkg.egg-info/SOURCES.txt'
writing manifest file '../../build/visual_odometry_pkg/visual_odometry_pkg.egg-info/SOURCES.txt'
running build
running build_py
creating /home/yuarajan_s/ros2_ws/build/visual_odometry_pkg/build
creating /home/yuarajan_s/ros2_ws/build/visual_odometry_pkg/build/lib
creating /home/yuarajan_s/ros2_ws/build/visual_odometry_pkg/build/lib/visual_odometry_pkg
copying visual_odometry_pkg/visual_odometry.py -> /home/yuarajan_s/ros2_ws/build/visual_odometry_pkg/build/lib/visual_odometry_pkg
copying visual_odometry_pkg/__init__.py -> /home/yuarajan_s/ros2_ws/build/visual_odometry_pkg/build/lib/visual_odometry_pkg
running install
running install_lib
creating /home/yuarajan_s/ros2_ws/install/visual_odometry_pkg/lib/python3.12/site-packages/visual_odometry_pkg
copying /home/yuarajan_s/ros2_ws/build/visual_odometry_pkg/build/lib/visual_odometry_pkg/visual_odometry.py -> /home/yuarajan_s/ros2_ws/install/visual_odometry_pkg/lib/python3.12/site-packages/visual_odometry_pkg
copying /home/yuarajan_s/ros2_ws/build/visual_odometry_pkg/build/lib/visual_odometry_pkg/__init__.py -> /home/yuarajan_s/ros2_ws/install/visual_odometry_pkg/lib/python3.12/site-packages/visual_odometry_pkg
byte-compiling /home/yuarajan_s/ros2_ws/install/visual_odometry_pkg/lib/python3.12/site-packages/visual_odometry_pkg/visual_odometry.py to visual_odometry.cpython-312.pyc
byte-compiling /home/yuarajan_s/ros2_ws/install/visual_odometry_pkg/lib/python3.12/site-packages/visual_odometry_pkg/__init__.py to __init__.cpython-312.pyc
running install_data
creating /home/yuarajan_s/ros2_ws/install/visual_odometry_pkg/share/ament_index
creating /home/yuarajan_s/ros2_ws/install/visual_odometry_pkg/share/ament_index/resource_index
creating /home/yuarajan_s/ros2_ws/install/visual_odometry_pkg/share/ament_index/resource_index/packages
copying resource/visual_odometry_pkg -> /home/yuarajan_s/ros2_ws/install/visual_odometry_pkg/share/ament_index/resource_index/packages
copying package.xml -> /home/yuarajan_s/ros2_ws/install/visual_odometry_pkg/share/visual_odometry_pkg
running install_egg_info
Copying ../../build/visual_odometry_pkg/visual_odometry_pkg.egg-info to /home/yuarajan_s/ros2_ws/install/visual_odometry_pkg/lib/python3.12/site-packages/visual_odometry_pkg-0.0.0-py3.12.egg-info
running install_scripts
Installing visual_odometry script to /home/yuarajan_s/ros2_ws/install/visual_odometry_pkg/lib/visual_odometry_pkg
writing list of installed files to '/home/yuarajan_s/ros2_ws/build/visual_odometry_pkg/install.log'
