[3.523s] Invoking command in '/home/yuarajan_s/ros2_ws/src/visual_odometry_pkg': PYTHONPATH=/home/yuarajan_s/ros2_ws/build/visual_odometry_pkg/prefix_override:/usr/lib/python3/dist-packages/colcon_core/task/python/colcon_distutils_commands:/home/yuarajan_s/ros2_ws/install/visual_odometry_pkg/lib/python3.12/site-packages:${PYTHONPATH} /usr/bin/python3 -W ignore:setup.py install is deprecated -W ignore:easy_install command is deprecated setup.py egg_info --egg-base ../../build/visual_odometry_pkg build --build-base /home/yuarajan_s/ros2_ws/build/visual_odometry_pkg/build install --record /home/yuarajan_s/ros2_ws/build/visual_odometry_pkg/install.log --single-version-externally-managed install_data
[3.977s] running egg_info
[3.978s] creating ../../build/visual_odometry_pkg/visual_odometry_pkg.egg-info
[4.008s] writing ../../build/visual_odometry_pkg/visual_odometry_pkg.egg-info/PKG-INFO
[4.008s] writing dependency_links to ../../build/visual_odometry_pkg/visual_odometry_pkg.egg-info/dependency_links.txt
[4.009s] writing entry points to ../../build/visual_odometry_pkg/visual_odometry_pkg.egg-info/entry_points.txt
[4.009s] writing requirements to ../../build/visual_odometry_pkg/visual_odometry_pkg.egg-info/requires.txt
[4.010s] writing top-level names to ../../build/visual_odometry_pkg/visual_odometry_pkg.egg-info/top_level.txt
[4.010s] writing manifest file '../../build/visual_odometry_pkg/visual_odometry_pkg.egg-info/SOURCES.txt'
[4.071s] reading manifest file '../../build/visual_odometry_pkg/visual_odometry_pkg.egg-info/SOURCES.txt'
[4.074s] writing manifest file '../../build/visual_odometry_pkg/visual_odometry_pkg.egg-info/SOURCES.txt'
[4.074s] running build
[4.074s] running build_py
[4.074s] creating /home/yuarajan_s/ros2_ws/build/visual_odometry_pkg/build
[4.074s] creating /home/yuarajan_s/ros2_ws/build/visual_odometry_pkg/build/lib
[4.074s] creating /home/yuarajan_s/ros2_ws/build/visual_odometry_pkg/build/lib/visual_odometry_pkg
[4.074s] copying visual_odometry_pkg/visual_odometry.py -> /home/yuarajan_s/ros2_ws/build/visual_odometry_pkg/build/lib/visual_odometry_pkg
[4.075s] copying visual_odometry_pkg/__init__.py -> /home/yuarajan_s/ros2_ws/build/visual_odometry_pkg/build/lib/visual_odometry_pkg
[4.075s] running install
[4.086s] running install_lib
[4.114s] creating /home/yuarajan_s/ros2_ws/install/visual_odometry_pkg/lib/python3.12/site-packages/visual_odometry_pkg
[4.114s] copying /home/yuarajan_s/ros2_ws/build/visual_odometry_pkg/build/lib/visual_odometry_pkg/visual_odometry.py -> /home/yuarajan_s/ros2_ws/install/visual_odometry_pkg/lib/python3.12/site-packages/visual_odometry_pkg
[4.114s] copying /home/yuarajan_s/ros2_ws/build/visual_odometry_pkg/build/lib/visual_odometry_pkg/__init__.py -> /home/yuarajan_s/ros2_ws/install/visual_odometry_pkg/lib/python3.12/site-packages/visual_odometry_pkg
[4.114s] byte-compiling /home/yuarajan_s/ros2_ws/install/visual_odometry_pkg/lib/python3.12/site-packages/visual_odometry_pkg/visual_odometry.py to visual_odometry.cpython-312.pyc
[4.115s] byte-compiling /home/yuarajan_s/ros2_ws/install/visual_odometry_pkg/lib/python3.12/site-packages/visual_odometry_pkg/__init__.py to __init__.cpython-312.pyc
[4.115s] running install_data
[4.115s] creating /home/yuarajan_s/ros2_ws/install/visual_odometry_pkg/share/ament_index
[4.117s] creating /home/yuarajan_s/ros2_ws/install/visual_odometry_pkg/share/ament_index/resource_index
[4.117s] creating /home/yuarajan_s/ros2_ws/install/visual_odometry_pkg/share/ament_index/resource_index/packages
[4.118s] copying resource/visual_odometry_pkg -> /home/yuarajan_s/ros2_ws/install/visual_odometry_pkg/share/ament_index/resource_index/packages
[4.120s] copying package.xml -> /home/yuarajan_s/ros2_ws/install/visual_odometry_pkg/share/visual_odometry_pkg
[4.120s] running install_egg_info
[4.158s] Copying ../../build/visual_odometry_pkg/visual_odometry_pkg.egg-info to /home/yuarajan_s/ros2_ws/install/visual_odometry_pkg/lib/python3.12/site-packages/visual_odometry_pkg-0.0.0-py3.12.egg-info
[4.158s] running install_scripts
[4.348s] Installing visual_odometry script to /home/yuarajan_s/ros2_ws/install/visual_odometry_pkg/lib/visual_odometry_pkg
[4.350s] writing list of installed files to '/home/yuarajan_s/ros2_ws/build/visual_odometry_pkg/install.log'
[4.464s] Invoked command in '/home/yuarajan_s/ros2_ws/src/visual_odometry_pkg' returned '0': PYTHONPATH=/home/yuarajan_s/ros2_ws/build/visual_odometry_pkg/prefix_override:/usr/lib/python3/dist-packages/colcon_core/task/python/colcon_distutils_commands:/home/yuarajan_s/ros2_ws/install/visual_odometry_pkg/lib/python3.12/site-packages:${PYTHONPATH} /usr/bin/python3 -W ignore:setup.py install is deprecated -W ignore:easy_install command is deprecated setup.py egg_info --egg-base ../../build/visual_odometry_pkg build --build-base /home/yuarajan_s/ros2_ws/build/visual_odometry_pkg/build install --record /home/yuarajan_s/ros2_ws/build/visual_odometry_pkg/install.log --single-version-externally-managed install_data
