/home/yuarajan_s/ros2_ws/install/autonav_localization/lib/python3.12/site-packages/autonav_localization/ekf_node.py
/home/yuarajan_s/ros2_ws/install/autonav_localization/lib/python3.12/site-packages/autonav_localization/__init__.py
/home/yuarajan_s/ros2_ws/install/autonav_localization/lib/python3.12/site-packages/autonav_localization/path_publisher.py
/home/yuarajan_s/ros2_ws/install/autonav_localization/lib/python3.12/site-packages/autonav_localization/ekf_localization_node.py
/home/yuarajan_s/ros2_ws/install/autonav_localization/lib/python3.12/site-packages/autonav_localization/tf_broadcaster.py
/home/yuarajan_s/ros2_ws/install/autonav_localization/lib/python3.12/site-packages/autonav_localization/robot_marker.py
/home/yuarajan_s/ros2_ws/install/autonav_localization/lib/python3.12/site-packages/autonav_localization/__pycache__/ekf_node.cpython-312.pyc
/home/yuarajan_s/ros2_ws/install/autonav_localization/lib/python3.12/site-packages/autonav_localization/__pycache__/__init__.cpython-312.pyc
/home/yuarajan_s/ros2_ws/install/autonav_localization/lib/python3.12/site-packages/autonav_localization/__pycache__/path_publisher.cpython-312.pyc
/home/yuarajan_s/ros2_ws/install/autonav_localization/lib/python3.12/site-packages/autonav_localization/__pycache__/ekf_localization_node.cpython-312.pyc
/home/yuarajan_s/ros2_ws/install/autonav_localization/lib/python3.12/site-packages/autonav_localization/__pycache__/tf_broadcaster.cpython-312.pyc
/home/yuarajan_s/ros2_ws/install/autonav_localization/lib/python3.12/site-packages/autonav_localization/__pycache__/robot_marker.cpython-312.pyc
/home/yuarajan_s/ros2_ws/install/autonav_localization/share/ament_index/resource_index/packages/autonav_localization
/home/yuarajan_s/ros2_ws/install/autonav_localization/share/autonav_localization/package.xml
/home/yuarajan_s/ros2_ws/install/autonav_localization/lib/python3.12/site-packages/autonav_localization-0.0.0-py3.12.egg-info/top_level.txt
/home/yuarajan_s/ros2_ws/install/autonav_localization/lib/python3.12/site-packages/autonav_localization-0.0.0-py3.12.egg-info/SOURCES.txt
/home/yuarajan_s/ros2_ws/install/autonav_localization/lib/python3.12/site-packages/autonav_localization-0.0.0-py3.12.egg-info/requires.txt
/home/yuarajan_s/ros2_ws/install/autonav_localization/lib/python3.12/site-packages/autonav_localization-0.0.0-py3.12.egg-info/dependency_links.txt
/home/yuarajan_s/ros2_ws/install/autonav_localization/lib/python3.12/site-packages/autonav_localization-0.0.0-py3.12.egg-info/entry_points.txt
/home/yuarajan_s/ros2_ws/install/autonav_localization/lib/python3.12/site-packages/autonav_localization-0.0.0-py3.12.egg-info/zip-safe
/home/yuarajan_s/ros2_ws/install/autonav_localization/lib/python3.12/site-packages/autonav_localization-0.0.0-py3.12.egg-info/PKG-INFO
/home/yuarajan_s/ros2_ws/install/autonav_localization/lib/autonav_localization/ekf_localization_node
/home/yuarajan_s/ros2_ws/install/autonav_localization/lib/autonav_localization/ekf_node
/home/yuarajan_s/ros2_ws/install/autonav_localization/lib/autonav_localization/path_publisher
/home/yuarajan_s/ros2_ws/install/autonav_localization/lib/autonav_localization/robot_marker
/home/yuarajan_s/ros2_ws/install/autonav_localization/lib/autonav_localization/tf_broadcaster
