/home/yuarajan_s/ros2_ws/install/autonav_planning/lib/python3.12/site-packages/autonav_planning/laser_scan_sim.py
/home/yuarajan_s/ros2_ws/install/autonav_planning/lib/python3.12/site-packages/autonav_planning/map_publisher.py
/home/yuarajan_s/ros2_ws/install/autonav_planning/lib/python3.12/site-packages/autonav_planning/occupancy_mapper.py
/home/yuarajan_s/ros2_ws/install/autonav_planning/lib/python3.12/site-packages/autonav_planning/__init__.py
/home/yuarajan_s/ros2_ws/install/autonav_planning/lib/python3.12/site-packages/autonav_planning/goal_manager.py
/home/yuarajan_s/ros2_ws/install/autonav_planning/lib/python3.12/site-packages/autonav_planning/astar_planner.py
/home/yuarajan_s/ros2_ws/install/autonav_planning/lib/python3.12/site-packages/autonav_planning/planner_node.py
/home/yuarajan_s/ros2_ws/install/autonav_planning/lib/python3.12/site-packages/autonav_planning/astar_search.py
/home/yuarajan_s/ros2_ws/install/autonav_planning/lib/python3.12/site-packages/autonav_planning/replanner.py
/home/yuarajan_s/ros2_ws/install/autonav_planning/lib/python3.12/site-packages/autonav_planning/__pycache__/laser_scan_sim.cpython-312.pyc
/home/yuarajan_s/ros2_ws/install/autonav_planning/lib/python3.12/site-packages/autonav_planning/__pycache__/map_publisher.cpython-312.pyc
/home/yuarajan_s/ros2_ws/install/autonav_planning/lib/python3.12/site-packages/autonav_planning/__pycache__/occupancy_mapper.cpython-312.pyc
/home/yuarajan_s/ros2_ws/install/autonav_planning/lib/python3.12/site-packages/autonav_planning/__pycache__/__init__.cpython-312.pyc
/home/yuarajan_s/ros2_ws/install/autonav_planning/lib/python3.12/site-packages/autonav_planning/__pycache__/goal_manager.cpython-312.pyc
/home/yuarajan_s/ros2_ws/install/autonav_planning/lib/python3.12/site-packages/autonav_planning/__pycache__/astar_planner.cpython-312.pyc
/home/yuarajan_s/ros2_ws/install/autonav_planning/lib/python3.12/site-packages/autonav_planning/__pycache__/planner_node.cpython-312.pyc
/home/yuarajan_s/ros2_ws/install/autonav_planning/lib/python3.12/site-packages/autonav_planning/__pycache__/astar_search.cpython-312.pyc
/home/yuarajan_s/ros2_ws/install/autonav_planning/lib/python3.12/site-packages/autonav_planning/__pycache__/replanner.cpython-312.pyc
/home/yuarajan_s/ros2_ws/install/autonav_planning/share/ament_index/resource_index/packages/autonav_planning
/home/yuarajan_s/ros2_ws/install/autonav_planning/share/autonav_planning/package.xml
/home/yuarajan_s/ros2_ws/install/autonav_planning/lib/python3.12/site-packages/autonav_planning-0.0.0-py3.12.egg-info/top_level.txt
/home/yuarajan_s/ros2_ws/install/autonav_planning/lib/python3.12/site-packages/autonav_planning-0.0.0-py3.12.egg-info/SOURCES.txt
/home/yuarajan_s/ros2_ws/install/autonav_planning/lib/python3.12/site-packages/autonav_planning-0.0.0-py3.12.egg-info/requires.txt
/home/yuarajan_s/ros2_ws/install/autonav_planning/lib/python3.12/site-packages/autonav_planning-0.0.0-py3.12.egg-info/dependency_links.txt
/home/yuarajan_s/ros2_ws/install/autonav_planning/lib/python3.12/site-packages/autonav_planning-0.0.0-py3.12.egg-info/entry_points.txt
/home/yuarajan_s/ros2_ws/install/autonav_planning/lib/python3.12/site-packages/autonav_planning-0.0.0-py3.12.egg-info/zip-safe
/home/yuarajan_s/ros2_ws/install/autonav_planning/lib/python3.12/site-packages/autonav_planning-0.0.0-py3.12.egg-info/PKG-INFO
/home/yuarajan_s/ros2_ws/install/autonav_planning/lib/autonav_planning/astar_planner
/home/yuarajan_s/ros2_ws/install/autonav_planning/lib/autonav_planning/goal_manager
/home/yuarajan_s/ros2_ws/install/autonav_planning/lib/autonav_planning/laser_scan_sim
/home/yuarajan_s/ros2_ws/install/autonav_planning/lib/autonav_planning/map_publisher
/home/yuarajan_s/ros2_ws/install/autonav_planning/lib/autonav_planning/occupancy_mapper
/home/yuarajan_s/ros2_ws/install/autonav_planning/lib/autonav_planning/replanner
