[2.023s] Invoking command in '/home/yuarajan_s/ros2_ws/src/robot_description_pkg': PYTHONPATH=/home/yuarajan_s/ros2_ws/build/robot_description_pkg/prefix_override:/usr/lib/python3/dist-packages/colcon_core/task/python/colcon_distutils_commands:/home/yuarajan_s/ros2_ws/install/robot_description_pkg/lib/python3.12/site-packages:${PYTHONPATH} /usr/bin/python3 -W ignore:setup.py install is deprecated -W ignore:easy_install command is deprecated setup.py egg_info --egg-base ../../build/robot_description_pkg build --build-base /home/yuarajan_s/ros2_ws/build/robot_description_pkg/build install --record /home/yuarajan_s/ros2_ws/build/robot_description_pkg/install.log --single-version-externally-managed install_data
[2.560s] running egg_info
[2.600s] writing ../../build/robot_description_pkg/robot_description_pkg.egg-info/PKG-INFO
[2.600s] writing dependency_links to ../../build/robot_description_pkg/robot_description_pkg.egg-info/dependency_links.txt
[2.604s] writing requirements to ../../build/robot_description_pkg/robot_description_pkg.egg-info/requires.txt
[2.605s] writing top-level names to ../../build/robot_description_pkg/robot_description_pkg.egg-info/top_level.txt
[2.683s] reading manifest file '../../build/robot_description_pkg/robot_description_pkg.egg-info/SOURCES.txt'
[2.685s] writing manifest file '../../build/robot_description_pkg/robot_description_pkg.egg-info/SOURCES.txt'
[2.685s] running build
[2.685s] running build_py
[2.686s] running install
[2.697s] running install_lib
[2.728s] running install_data
[2.729s] copying rviz/robot.rviz -> /home/yuarajan_s/ros2_ws/install/robot_description_pkg/share/robot_description_pkg/rviz
[2.733s] running install_egg_info
[2.774s] removing '/home/yuarajan_s/ros2_ws/install/robot_description_pkg/lib/python3.12/site-packages/robot_description_pkg-0.0.0-py3.12.egg-info' (and everything under it)
[2.774s] Copying ../../build/robot_description_pkg/robot_description_pkg.egg-info to /home/yuarajan_s/ros2_ws/install/robot_description_pkg/lib/python3.12/site-packages/robot_description_pkg-0.0.0-py3.12.egg-info
[2.780s] running install_scripts
[3.058s] writing list of installed files to '/home/yuarajan_s/ros2_ws/build/robot_description_pkg/install.log'
[3.202s] Invoked command in '/home/yuarajan_s/ros2_ws/src/robot_description_pkg' returned '0': PYTHONPATH=/home/yuarajan_s/ros2_ws/build/robot_description_pkg/prefix_override:/usr/lib/python3/dist-packages/colcon_core/task/python/colcon_distutils_commands:/home/yuarajan_s/ros2_ws/install/robot_description_pkg/lib/python3.12/site-packages:${PYTHONPATH} /usr/bin/python3 -W ignore:setup.py install is deprecated -W ignore:easy_install command is deprecated setup.py egg_info --egg-base ../../build/robot_description_pkg build --build-base /home/yuarajan_s/ros2_ws/build/robot_description_pkg/build install --record /home/yuarajan_s/ros2_ws/build/robot_description_pkg/install.log --single-version-externally-managed install_data
