running develop
Removing /home/yuarajan_s/ros2_ws/install/slam_pkg/lib/python3.12/site-packages/slam-pkg.egg-link (link to .)
running egg_info
writing ../../build/slam_pkg/slam_pkg.egg-info/PKG-INFO
writing dependency_links to ../../build/slam_pkg/slam_pkg.egg-info/dependency_links.txt
writing entry points to ../../build/slam_pkg/slam_pkg.egg-info/entry_points.txt
writing requirements to ../../build/slam_pkg/slam_pkg.egg-info/requires.txt
writing top-level names to ../../build/slam_pkg/slam_pkg.egg-info/top_level.txt
reading manifest file '../../build/slam_pkg/slam_pkg.egg-info/SOURCES.txt'
writing manifest file '../../build/slam_pkg/slam_pkg.egg-info/SOURCES.txt'
running build
running build_py
copying slam_pkg/occupancy_grid_slam.py -> /home/yuarajan_s/ros2_ws/build/slam_pkg/build/lib/slam_pkg
copying slam_pkg/data_association.py -> /home/yuarajan_s/ros2_ws/build/slam_pkg/build/lib/slam_pkg
copying slam_pkg/pose_graph.py -> /home/yuarajan_s/ros2_ws/build/slam_pkg/build/lib/slam_pkg
copying slam_pkg/landmark_covariance.py -> /home/yuarajan_s/ros2_ws/build/slam_pkg/build/lib/slam_pkg
copying slam_pkg/ekf_slam.py -> /home/yuarajan_s/ros2_ws/build/slam_pkg/build/lib/slam_pkg
copying slam_pkg/loop_closure.py -> /home/yuarajan_s/ros2_ws/build/slam_pkg/build/lib/slam_pkg
copying slam_pkg/slam_metrics.py -> /home/yuarajan_s/ros2_ws/build/slam_pkg/build/lib/slam_pkg
copying slam_pkg/graph_slam_backend.py -> /home/yuarajan_s/ros2_ws/build/slam_pkg/build/lib/slam_pkg
running install
running install_lib
creating /home/yuarajan_s/ros2_ws/install/slam_pkg/lib/python3.12/site-packages/slam_pkg
copying /home/yuarajan_s/ros2_ws/build/slam_pkg/build/lib/slam_pkg/occupancy_grid_slam.py -> /home/yuarajan_s/ros2_ws/install/slam_pkg/lib/python3.12/site-packages/slam_pkg
copying /home/yuarajan_s/ros2_ws/build/slam_pkg/build/lib/slam_pkg/data_association.py -> /home/yuarajan_s/ros2_ws/install/slam_pkg/lib/python3.12/site-packages/slam_pkg
copying /home/yuarajan_s/ros2_ws/build/slam_pkg/build/lib/slam_pkg/pose_graph.py -> /home/yuarajan_s/ros2_ws/install/slam_pkg/lib/python3.12/site-packages/slam_pkg
copying /home/yuarajan_s/ros2_ws/build/slam_pkg/build/lib/slam_pkg/landmark_covariance.py -> /home/yuarajan_s/ros2_ws/install/slam_pkg/lib/python3.12/site-packages/slam_pkg
copying /home/yuarajan_s/ros2_ws/build/slam_pkg/build/lib/slam_pkg/landmark_detector.py -> /home/yuarajan_s/ros2_ws/install/slam_pkg/lib/python3.12/site-packages/slam_pkg
copying /home/yuarajan_s/ros2_ws/build/slam_pkg/build/lib/slam_pkg/ekf_slam.py -> /home/yuarajan_s/ros2_ws/install/slam_pkg/lib/python3.12/site-packages/slam_pkg
copying /home/yuarajan_s/ros2_ws/build/slam_pkg/build/lib/slam_pkg/loop_closure.py -> /home/yuarajan_s/ros2_ws/install/slam_pkg/lib/python3.12/site-packages/slam_pkg
copying /home/yuarajan_s/ros2_ws/build/slam_pkg/build/lib/slam_pkg/__init__.py -> /home/yuarajan_s/ros2_ws/install/slam_pkg/lib/python3.12/site-packages/slam_pkg
copying /home/yuarajan_s/ros2_ws/build/slam_pkg/build/lib/slam_pkg/slam_metrics.py -> /home/yuarajan_s/ros2_ws/install/slam_pkg/lib/python3.12/site-packages/slam_pkg
copying /home/yuarajan_s/ros2_ws/build/slam_pkg/build/lib/slam_pkg/graph_slam_backend.py -> /home/yuarajan_s/ros2_ws/install/slam_pkg/lib/python3.12/site-packages/slam_pkg
byte-compiling /home/yuarajan_s/ros2_ws/install/slam_pkg/lib/python3.12/site-packages/slam_pkg/occupancy_grid_slam.py to occupancy_grid_slam.cpython-312.pyc
byte-compiling /home/yuarajan_s/ros2_ws/install/slam_pkg/lib/python3.12/site-packages/slam_pkg/data_association.py to data_association.cpython-312.pyc
byte-compiling /home/yuarajan_s/ros2_ws/install/slam_pkg/lib/python3.12/site-packages/slam_pkg/pose_graph.py to pose_graph.cpython-312.pyc
byte-compiling /home/yuarajan_s/ros2_ws/install/slam_pkg/lib/python3.12/site-packages/slam_pkg/landmark_covariance.py to landmark_covariance.cpython-312.pyc
byte-compiling /home/yuarajan_s/ros2_ws/install/slam_pkg/lib/python3.12/site-packages/slam_pkg/landmark_detector.py to landmark_detector.cpython-312.pyc
byte-compiling /home/yuarajan_s/ros2_ws/install/slam_pkg/lib/python3.12/site-packages/slam_pkg/ekf_slam.py to ekf_slam.cpython-312.pyc
byte-compiling /home/yuarajan_s/ros2_ws/install/slam_pkg/lib/python3.12/site-packages/slam_pkg/loop_closure.py to loop_closure.cpython-312.pyc
byte-compiling /home/yuarajan_s/ros2_ws/install/slam_pkg/lib/python3.12/site-packages/slam_pkg/__init__.py to __init__.cpython-312.pyc
byte-compiling /home/yuarajan_s/ros2_ws/install/slam_pkg/lib/python3.12/site-packages/slam_pkg/slam_metrics.py to slam_metrics.cpython-312.pyc
byte-compiling /home/yuarajan_s/ros2_ws/install/slam_pkg/lib/python3.12/site-packages/slam_pkg/graph_slam_backend.py to graph_slam_backend.cpython-312.pyc
running install_data
copying resource/slam_pkg -> /home/yuarajan_s/ros2_ws/install/slam_pkg/share/ament_index/resource_index/packages
copying package.xml -> /home/yuarajan_s/ros2_ws/install/slam_pkg/share/slam_pkg
running install_egg_info
Copying ../../build/slam_pkg/slam_pkg.egg-info to /home/yuarajan_s/ros2_ws/install/slam_pkg/lib/python3.12/site-packages/slam_pkg-0.0.0-py3.12.egg-info
running install_scripts
Installing data_association script to /home/yuarajan_s/ros2_ws/install/slam_pkg/lib/slam_pkg
Installing ekf_slam script to /home/yuarajan_s/ros2_ws/install/slam_pkg/lib/slam_pkg
Installing graph_slam_backend script to /home/yuarajan_s/ros2_ws/install/slam_pkg/lib/slam_pkg
Installing landmark_covariance script to /home/yuarajan_s/ros2_ws/install/slam_pkg/lib/slam_pkg
Installing landmark_detector script to /home/yuarajan_s/ros2_ws/install/slam_pkg/lib/slam_pkg
Installing loop_closure script to /home/yuarajan_s/ros2_ws/install/slam_pkg/lib/slam_pkg
Installing occupancy_grid_slam script to /home/yuarajan_s/ros2_ws/install/slam_pkg/lib/slam_pkg
Installing pose_graph script to /home/yuarajan_s/ros2_ws/install/slam_pkg/lib/slam_pkg
Installing slam_metrics script to /home/yuarajan_s/ros2_ws/install/slam_pkg/lib/slam_pkg
writing list of installed files to '/home/yuarajan_s/ros2_ws/build/slam_pkg/install.log'
