[4.941s] Invoking command in '/home/yuarajan_s/ros2_ws/build/slam_pkg': PYTHONPATH=/home/yuarajan_s/ros2_ws/build/slam_pkg/prefix_override:/usr/lib/python3/dist-packages/colcon_core/task/python/colcon_distutils_commands:/home/yuarajan_s/ros2_ws/install/slam_pkg/lib/python3.12/site-packages:${PYTHONPATH} /usr/bin/python3 -W ignore:setup.py install is deprecated -W ignore:easy_install command is deprecated setup.py develop --uninstall --editable --build-directory /home/yuarajan_s/ros2_ws/build/slam_pkg/build
[5.457s] running develop
[5.802s] Removing /home/yuarajan_s/ros2_ws/install/slam_pkg/lib/python3.12/site-packages/slam-pkg.egg-link (link to .)
[5.982s] Invoked command in '/home/yuarajan_s/ros2_ws/build/slam_pkg' returned '0': PYTHONPATH=/home/yuarajan_s/ros2_ws/build/slam_pkg/prefix_override:/usr/lib/python3/dist-packages/colcon_core/task/python/colcon_distutils_commands:/home/yuarajan_s/ros2_ws/install/slam_pkg/lib/python3.12/site-packages:${PYTHONPATH} /usr/bin/python3 -W ignore:setup.py install is deprecated -W ignore:easy_install command is deprecated setup.py develop --uninstall --editable --build-directory /home/yuarajan_s/ros2_ws/build/slam_pkg/build
[5.983s] Invoking command in '/home/yuarajan_s/ros2_ws/src/slam_pkg': PYTHONPATH=/home/yuarajan_s/ros2_ws/build/slam_pkg/prefix_override:/usr/lib/python3/dist-packages/colcon_core/task/python/colcon_distutils_commands:/home/yuarajan_s/ros2_ws/install/slam_pkg/lib/python3.12/site-packages:${PYTHONPATH} /usr/bin/python3 -W ignore:setup.py install is deprecated -W ignore:easy_install command is deprecated setup.py egg_info --egg-base ../../build/slam_pkg build --build-base /home/yuarajan_s/ros2_ws/build/slam_pkg/build install --record /home/yuarajan_s/ros2_ws/build/slam_pkg/install.log --single-version-externally-managed install_data --force
[6.326s] running egg_info
[6.350s] writing ../../build/slam_pkg/slam_pkg.egg-info/PKG-INFO
[6.351s] writing dependency_links to ../../build/slam_pkg/slam_pkg.egg-info/dependency_links.txt
[6.351s] writing entry points to ../../build/slam_pkg/slam_pkg.egg-info/entry_points.txt
[6.351s] writing requirements to ../../build/slam_pkg/slam_pkg.egg-info/requires.txt
[6.352s] writing top-level names to ../../build/slam_pkg/slam_pkg.egg-info/top_level.txt
[6.405s] reading manifest file '../../build/slam_pkg/slam_pkg.egg-info/SOURCES.txt'
[6.407s] writing manifest file '../../build/slam_pkg/slam_pkg.egg-info/SOURCES.txt'
[6.407s] running build
[6.407s] running build_py
[6.408s] copying slam_pkg/occupancy_grid_slam.py -> /home/yuarajan_s/ros2_ws/build/slam_pkg/build/lib/slam_pkg
[6.409s] copying slam_pkg/data_association.py -> /home/yuarajan_s/ros2_ws/build/slam_pkg/build/lib/slam_pkg
[6.409s] copying slam_pkg/pose_graph.py -> /home/yuarajan_s/ros2_ws/build/slam_pkg/build/lib/slam_pkg
[6.410s] copying slam_pkg/landmark_covariance.py -> /home/yuarajan_s/ros2_ws/build/slam_pkg/build/lib/slam_pkg
[6.412s] copying slam_pkg/ekf_slam.py -> /home/yuarajan_s/ros2_ws/build/slam_pkg/build/lib/slam_pkg
[6.413s] copying slam_pkg/loop_closure.py -> /home/yuarajan_s/ros2_ws/build/slam_pkg/build/lib/slam_pkg
[6.413s] copying slam_pkg/slam_metrics.py -> /home/yuarajan_s/ros2_ws/build/slam_pkg/build/lib/slam_pkg
[6.415s] copying slam_pkg/graph_slam_backend.py -> /home/yuarajan_s/ros2_ws/build/slam_pkg/build/lib/slam_pkg
[6.416s] running install
[6.423s] running install_lib
[6.451s] creating /home/yuarajan_s/ros2_ws/install/slam_pkg/lib/python3.12/site-packages/slam_pkg
[6.451s] copying /home/yuarajan_s/ros2_ws/build/slam_pkg/build/lib/slam_pkg/occupancy_grid_slam.py -> /home/yuarajan_s/ros2_ws/install/slam_pkg/lib/python3.12/site-packages/slam_pkg
[6.452s] copying /home/yuarajan_s/ros2_ws/build/slam_pkg/build/lib/slam_pkg/data_association.py -> /home/yuarajan_s/ros2_ws/install/slam_pkg/lib/python3.12/site-packages/slam_pkg
[6.452s] copying /home/yuarajan_s/ros2_ws/build/slam_pkg/build/lib/slam_pkg/pose_graph.py -> /home/yuarajan_s/ros2_ws/install/slam_pkg/lib/python3.12/site-packages/slam_pkg
[6.452s] copying /home/yuarajan_s/ros2_ws/build/slam_pkg/build/lib/slam_pkg/landmark_covariance.py -> /home/yuarajan_s/ros2_ws/install/slam_pkg/lib/python3.12/site-packages/slam_pkg
[6.452s] copying /home/yuarajan_s/ros2_ws/build/slam_pkg/build/lib/slam_pkg/landmark_detector.py -> /home/yuarajan_s/ros2_ws/install/slam_pkg/lib/python3.12/site-packages/slam_pkg
[6.454s] copying /home/yuarajan_s/ros2_ws/build/slam_pkg/build/lib/slam_pkg/ekf_slam.py -> /home/yuarajan_s/ros2_ws/install/slam_pkg/lib/python3.12/site-packages/slam_pkg
[6.454s] copying /home/yuarajan_s/ros2_ws/build/slam_pkg/build/lib/slam_pkg/loop_closure.py -> /home/yuarajan_s/ros2_ws/install/slam_pkg/lib/python3.12/site-packages/slam_pkg
[6.454s] copying /home/yuarajan_s/ros2_ws/build/slam_pkg/build/lib/slam_pkg/__init__.py -> /home/yuarajan_s/ros2_ws/install/slam_pkg/lib/python3.12/site-packages/slam_pkg
[6.454s] copying /home/yuarajan_s/ros2_ws/build/slam_pkg/build/lib/slam_pkg/slam_metrics.py -> /home/yuarajan_s/ros2_ws/install/slam_pkg/lib/python3.12/site-packages/slam_pkg
[6.454s] copying /home/yuarajan_s/ros2_ws/build/slam_pkg/build/lib/slam_pkg/graph_slam_backend.py -> /home/yuarajan_s/ros2_ws/install/slam_pkg/lib/python3.12/site-packages/slam_pkg
[6.454s] byte-compiling /home/yuarajan_s/ros2_ws/install/slam_pkg/lib/python3.12/site-packages/slam_pkg/occupancy_grid_slam.py to occupancy_grid_slam.cpython-312.pyc
[6.457s] byte-compiling /home/yuarajan_s/ros2_ws/install/slam_pkg/lib/python3.12/site-packages/slam_pkg/data_association.py to data_association.cpython-312.pyc
[6.457s] byte-compiling /home/yuarajan_s/ros2_ws/install/slam_pkg/lib/python3.12/site-packages/slam_pkg/pose_graph.py to pose_graph.cpython-312.pyc
[6.458s] byte-compiling /home/yuarajan_s/ros2_ws/install/slam_pkg/lib/python3.12/site-packages/slam_pkg/landmark_covariance.py to landmark_covariance.cpython-312.pyc
[6.459s] byte-compiling /home/yuarajan_s/ros2_ws/install/slam_pkg/lib/python3.12/site-packages/slam_pkg/landmark_detector.py to landmark_detector.cpython-312.pyc
[6.459s] byte-compiling /home/yuarajan_s/ros2_ws/install/slam_pkg/lib/python3.12/site-packages/slam_pkg/ekf_slam.py to ekf_slam.cpython-312.pyc
[6.459s] byte-compiling /home/yuarajan_s/ros2_ws/install/slam_pkg/lib/python3.12/site-packages/slam_pkg/loop_closure.py to loop_closure.cpython-312.pyc
[6.460s] byte-compiling /home/yuarajan_s/ros2_ws/install/slam_pkg/lib/python3.12/site-packages/slam_pkg/__init__.py to __init__.cpython-312.pyc
[6.460s] byte-compiling /home/yuarajan_s/ros2_ws/install/slam_pkg/lib/python3.12/site-packages/slam_pkg/slam_metrics.py to slam_metrics.cpython-312.pyc
[6.461s] byte-compiling /home/yuarajan_s/ros2_ws/install/slam_pkg/lib/python3.12/site-packages/slam_pkg/graph_slam_backend.py to graph_slam_backend.cpython-312.pyc
[6.466s] running install_data
[6.466s] copying resource/slam_pkg -> /home/yuarajan_s/ros2_ws/install/slam_pkg/share/ament_index/resource_index/packages
[6.467s] copying package.xml -> /home/yuarajan_s/ros2_ws/install/slam_pkg/share/slam_pkg
[6.467s] running install_egg_info
[6.492s] Copying ../../build/slam_pkg/slam_pkg.egg-info to /home/yuarajan_s/ros2_ws/install/slam_pkg/lib/python3.12/site-packages/slam_pkg-0.0.0-py3.12.egg-info
[6.497s] running install_scripts
[6.665s] Installing data_association script to /home/yuarajan_s/ros2_ws/install/slam_pkg/lib/slam_pkg
[6.665s] Installing ekf_slam script to /home/yuarajan_s/ros2_ws/install/slam_pkg/lib/slam_pkg
[6.666s] Installing graph_slam_backend script to /home/yuarajan_s/ros2_ws/install/slam_pkg/lib/slam_pkg
[6.666s] Installing landmark_covariance script to /home/yuarajan_s/ros2_ws/install/slam_pkg/lib/slam_pkg
[6.666s] Installing landmark_detector script to /home/yuarajan_s/ros2_ws/install/slam_pkg/lib/slam_pkg
[6.667s] Installing loop_closure script to /home/yuarajan_s/ros2_ws/install/slam_pkg/lib/slam_pkg
[6.667s] Installing occupancy_grid_slam script to /home/yuarajan_s/ros2_ws/install/slam_pkg/lib/slam_pkg
[6.667s] Installing pose_graph script to /home/yuarajan_s/ros2_ws/install/slam_pkg/lib/slam_pkg
[6.667s] Installing slam_metrics script to /home/yuarajan_s/ros2_ws/install/slam_pkg/lib/slam_pkg
[6.668s] writing list of installed files to '/home/yuarajan_s/ros2_ws/build/slam_pkg/install.log'
[6.730s] Invoked command in '/home/yuarajan_s/ros2_ws/src/slam_pkg' returned '0': PYTHONPATH=/home/yuarajan_s/ros2_ws/build/slam_pkg/prefix_override:/usr/lib/python3/dist-packages/colcon_core/task/python/colcon_distutils_commands:/home/yuarajan_s/ros2_ws/install/slam_pkg/lib/python3.12/site-packages:${PYTHONPATH} /usr/bin/python3 -W ignore:setup.py install is deprecated -W ignore:easy_install command is deprecated setup.py egg_info --egg-base ../../build/slam_pkg build --build-base /home/yuarajan_s/ros2_ws/build/slam_pkg/build install --record /home/yuarajan_s/ros2_ws/build/slam_pkg/install.log --single-version-externally-managed install_data --force
