[1.461s] Invoking command in '/home/yuarajan_s/ros2_ws/build/slam_pkg': PYTHONPATH=/home/yuarajan_s/ros2_ws/build/slam_pkg/prefix_override:/usr/lib/python3/dist-packages/colcon_core/task/python/colcon_distutils_commands:/home/yuarajan_s/ros2_ws/install/slam_pkg/lib/python3.12/site-packages:${PYTHONPATH} /usr/bin/python3 -W ignore:setup.py install is deprecated -W ignore:easy_install command is deprecated setup.py develop --editable --build-directory /home/yuarajan_s/ros2_ws/build/slam_pkg/build --no-deps symlink_data
[2.025s] running develop
[2.316s] running egg_info
[2.349s] writing slam_pkg.egg-info/PKG-INFO
[2.350s] writing dependency_links to slam_pkg.egg-info/dependency_links.txt
[2.350s] writing entry points to slam_pkg.egg-info/entry_points.txt
[2.350s] writing requirements to slam_pkg.egg-info/requires.txt
[2.350s] writing top-level names to slam_pkg.egg-info/top_level.txt
[2.414s] reading manifest file 'slam_pkg.egg-info/SOURCES.txt'
[2.415s] writing manifest file 'slam_pkg.egg-info/SOURCES.txt'
[2.445s] running build_ext
[2.445s] Creating /home/yuarajan_s/ros2_ws/install/slam_pkg/lib/python3.12/site-packages/slam-pkg.egg-link (link to .)
[2.446s] Installing data_association script to /home/yuarajan_s/ros2_ws/install/slam_pkg/lib/slam_pkg
[2.446s] Installing ekf_slam script to /home/yuarajan_s/ros2_ws/install/slam_pkg/lib/slam_pkg
[2.447s] Installing landmark_covariance script to /home/yuarajan_s/ros2_ws/install/slam_pkg/lib/slam_pkg
[2.447s] Installing landmark_detector script to /home/yuarajan_s/ros2_ws/install/slam_pkg/lib/slam_pkg
[2.447s] 
[2.447s] Installed /home/yuarajan_s/ros2_ws/build/slam_pkg
[2.447s] running symlink_data
[2.534s] Invoked command in '/home/yuarajan_s/ros2_ws/build/slam_pkg' returned '0': PYTHONPATH=/home/yuarajan_s/ros2_ws/build/slam_pkg/prefix_override:/usr/lib/python3/dist-packages/colcon_core/task/python/colcon_distutils_commands:/home/yuarajan_s/ros2_ws/install/slam_pkg/lib/python3.12/site-packages:${PYTHONPATH} /usr/bin/python3 -W ignore:setup.py install is deprecated -W ignore:easy_install command is deprecated setup.py develop --editable --build-directory /home/yuarajan_s/ros2_ws/build/slam_pkg/build --no-deps symlink_data
