running egg_info
creating ../../build/robot_description_pkg/robot_description_pkg.egg-info
writing ../../build/robot_description_pkg/robot_description_pkg.egg-info/PKG-INFO
writing dependency_links to ../../build/robot_description_pkg/robot_description_pkg.egg-info/dependency_links.txt
writing requirements to ../../build/robot_description_pkg/robot_description_pkg.egg-info/requires.txt
writing top-level names to ../../build/robot_description_pkg/robot_description_pkg.egg-info/top_level.txt
writing manifest file '../../build/robot_description_pkg/robot_description_pkg.egg-info/SOURCES.txt'
reading manifest file '../../build/robot_description_pkg/robot_description_pkg.egg-info/SOURCES.txt'
writing manifest file '../../build/robot_description_pkg/robot_description_pkg.egg-info/SOURCES.txt'
running build
running build_py
creating /home/yuarajan_s/ros2_ws/build/robot_description_pkg/build
creating /home/yuarajan_s/ros2_ws/build/robot_description_pkg/build/lib
creating /home/yuarajan_s/ros2_ws/build/robot_description_pkg/build/lib/robot_description_pkg
copying robot_description_pkg/__init__.py -> /home/yuarajan_s/ros2_ws/build/robot_description_pkg/build/lib/robot_description_pkg
running install
running install_lib
creating /home/yuarajan_s/ros2_ws/install/robot_description_pkg/lib/python3.12/site-packages/robot_description_pkg
copying /home/yuarajan_s/ros2_ws/build/robot_description_pkg/build/lib/robot_description_pkg/__init__.py -> /home/yuarajan_s/ros2_ws/install/robot_description_pkg/lib/python3.12/site-packages/robot_description_pkg
byte-compiling /home/yuarajan_s/ros2_ws/install/robot_description_pkg/lib/python3.12/site-packages/robot_description_pkg/__init__.py to __init__.cpython-312.pyc
running install_data
creating /home/yuarajan_s/ros2_ws/install/robot_description_pkg/share/ament_index
creating /home/yuarajan_s/ros2_ws/install/robot_description_pkg/share/ament_index/resource_index
creating /home/yuarajan_s/ros2_ws/install/robot_description_pkg/share/ament_index/resource_index/packages
copying resource/robot_description_pkg -> /home/yuarajan_s/ros2_ws/install/robot_description_pkg/share/ament_index/resource_index/packages
copying package.xml -> /home/yuarajan_s/ros2_ws/install/robot_description_pkg/share/robot_description_pkg
creating /home/yuarajan_s/ros2_ws/install/robot_description_pkg/share/robot_description_pkg/launch
copying launch/display_robot.launch.py -> /home/yuarajan_s/ros2_ws/install/robot_description_pkg/share/robot_description_pkg/launch
creating /home/yuarajan_s/ros2_ws/install/robot_description_pkg/share/robot_description_pkg/urdf
copying urdf/mobile_robot.urdf -> /home/yuarajan_s/ros2_ws/install/robot_description_pkg/share/robot_description_pkg/urdf
running install_egg_info
Copying ../../build/robot_description_pkg/robot_description_pkg.egg-info to /home/yuarajan_s/ros2_ws/install/robot_description_pkg/lib/python3.12/site-packages/robot_description_pkg-0.0.0-py3.12.egg-info
running install_scripts
writing list of installed files to '/home/yuarajan_s/ros2_ws/build/robot_description_pkg/install.log'
