[0.867s] Invoking command in '/home/yuarajan_s/ros2_ws/src/robot_description_pkg': PYTHONPATH=/home/yuarajan_s/ros2_ws/build/robot_description_pkg/prefix_override:/usr/lib/python3/dist-packages/colcon_core/task/python/colcon_distutils_commands:/home/yuarajan_s/ros2_ws/install/robot_description_pkg/lib/python3.12/site-packages:${PYTHONPATH} /usr/bin/python3 -W ignore:setup.py install is deprecated -W ignore:easy_install command is deprecated setup.py egg_info --egg-base ../../build/robot_description_pkg build --build-base /home/yuarajan_s/ros2_ws/build/robot_description_pkg/build install --record /home/yuarajan_s/ros2_ws/build/robot_description_pkg/install.log --single-version-externally-managed install_data
[1.140s] running egg_info
[1.140s] creating ../../build/robot_description_pkg/robot_description_pkg.egg-info
[1.158s] writing ../../build/robot_description_pkg/robot_description_pkg.egg-info/PKG-INFO
[1.158s] writing dependency_links to ../../build/robot_description_pkg/robot_description_pkg.egg-info/dependency_links.txt
[1.158s] writing requirements to ../../build/robot_description_pkg/robot_description_pkg.egg-info/requires.txt
[1.158s] writing top-level names to ../../build/robot_description_pkg/robot_description_pkg.egg-info/top_level.txt
[1.158s] writing manifest file '../../build/robot_description_pkg/robot_description_pkg.egg-info/SOURCES.txt'
[1.196s] reading manifest file '../../build/robot_description_pkg/robot_description_pkg.egg-info/SOURCES.txt'
[1.196s] writing manifest file '../../build/robot_description_pkg/robot_description_pkg.egg-info/SOURCES.txt'
[1.196s] running build
[1.196s] running build_py
[1.196s] creating /home/yuarajan_s/ros2_ws/build/robot_description_pkg/build
[1.197s] creating /home/yuarajan_s/ros2_ws/build/robot_description_pkg/build/lib
[1.199s] creating /home/yuarajan_s/ros2_ws/build/robot_description_pkg/build/lib/robot_description_pkg
[1.199s] copying robot_description_pkg/__init__.py -> /home/yuarajan_s/ros2_ws/build/robot_description_pkg/build/lib/robot_description_pkg
[1.200s] running install
[1.205s] running install_lib
[1.222s] creating /home/yuarajan_s/ros2_ws/install/robot_description_pkg/lib/python3.12/site-packages/robot_description_pkg
[1.223s] copying /home/yuarajan_s/ros2_ws/build/robot_description_pkg/build/lib/robot_description_pkg/__init__.py -> /home/yuarajan_s/ros2_ws/install/robot_description_pkg/lib/python3.12/site-packages/robot_description_pkg
[1.224s] byte-compiling /home/yuarajan_s/ros2_ws/install/robot_description_pkg/lib/python3.12/site-packages/robot_description_pkg/__init__.py to __init__.cpython-312.pyc
[1.227s] running install_data
[1.227s] creating /home/yuarajan_s/ros2_ws/install/robot_description_pkg/share/ament_index
[1.229s] creating /home/yuarajan_s/ros2_ws/install/robot_description_pkg/share/ament_index/resource_index
[1.230s] creating /home/yuarajan_s/ros2_ws/install/robot_description_pkg/share/ament_index/resource_index/packages
[1.231s] copying resource/robot_description_pkg -> /home/yuarajan_s/ros2_ws/install/robot_description_pkg/share/ament_index/resource_index/packages
[1.231s] copying package.xml -> /home/yuarajan_s/ros2_ws/install/robot_description_pkg/share/robot_description_pkg
[1.231s] creating /home/yuarajan_s/ros2_ws/install/robot_description_pkg/share/robot_description_pkg/launch
[1.232s] copying launch/display_robot.launch.py -> /home/yuarajan_s/ros2_ws/install/robot_description_pkg/share/robot_description_pkg/launch
[1.232s] creating /home/yuarajan_s/ros2_ws/install/robot_description_pkg/share/robot_description_pkg/urdf
[1.232s] copying urdf/mobile_robot.urdf -> /home/yuarajan_s/ros2_ws/install/robot_description_pkg/share/robot_description_pkg/urdf
[1.233s] running install_egg_info
[1.251s] Copying ../../build/robot_description_pkg/robot_description_pkg.egg-info to /home/yuarajan_s/ros2_ws/install/robot_description_pkg/lib/python3.12/site-packages/robot_description_pkg-0.0.0-py3.12.egg-info
[1.255s] running install_scripts
[1.381s] writing list of installed files to '/home/yuarajan_s/ros2_ws/build/robot_description_pkg/install.log'
[1.415s] Invoked command in '/home/yuarajan_s/ros2_ws/src/robot_description_pkg' returned '0': PYTHONPATH=/home/yuarajan_s/ros2_ws/build/robot_description_pkg/prefix_override:/usr/lib/python3/dist-packages/colcon_core/task/python/colcon_distutils_commands:/home/yuarajan_s/ros2_ws/install/robot_description_pkg/lib/python3.12/site-packages:${PYTHONPATH} /usr/bin/python3 -W ignore:setup.py install is deprecated -W ignore:easy_install command is deprecated setup.py egg_info --egg-base ../../build/robot_description_pkg build --build-base /home/yuarajan_s/ros2_ws/build/robot_description_pkg/build install --record /home/yuarajan_s/ros2_ws/build/robot_description_pkg/install.log --single-version-externally-managed install_data
