running egg_info
creating ../../build/imu_pkg/imu_pkg.egg-info
writing ../../build/imu_pkg/imu_pkg.egg-info/PKG-INFO
writing dependency_links to ../../build/imu_pkg/imu_pkg.egg-info/dependency_links.txt
writing entry points to ../../build/imu_pkg/imu_pkg.egg-info/entry_points.txt
writing requirements to ../../build/imu_pkg/imu_pkg.egg-info/requires.txt
writing top-level names to ../../build/imu_pkg/imu_pkg.egg-info/top_level.txt
writing manifest file '../../build/imu_pkg/imu_pkg.egg-info/SOURCES.txt'
reading manifest file '../../build/imu_pkg/imu_pkg.egg-info/SOURCES.txt'
writing manifest file '../../build/imu_pkg/imu_pkg.egg-info/SOURCES.txt'
running build
running build_py
creating /home/yuarajan_s/ros2_ws/build/imu_pkg/build
creating /home/yuarajan_s/ros2_ws/build/imu_pkg/build/lib
creating /home/yuarajan_s/ros2_ws/build/imu_pkg/build/lib/imu_pkg
copying imu_pkg/imu_publisher.py -> /home/yuarajan_s/ros2_ws/build/imu_pkg/build/lib/imu_pkg
copying imu_pkg/__init__.py -> /home/yuarajan_s/ros2_ws/build/imu_pkg/build/lib/imu_pkg
running install
running install_lib
creating /home/yuarajan_s/ros2_ws/install/imu_pkg/lib/python3.12/site-packages/imu_pkg
copying /home/yuarajan_s/ros2_ws/build/imu_pkg/build/lib/imu_pkg/imu_publisher.py -> /home/yuarajan_s/ros2_ws/install/imu_pkg/lib/python3.12/site-packages/imu_pkg
copying /home/yuarajan_s/ros2_ws/build/imu_pkg/build/lib/imu_pkg/__init__.py -> /home/yuarajan_s/ros2_ws/install/imu_pkg/lib/python3.12/site-packages/imu_pkg
byte-compiling /home/yuarajan_s/ros2_ws/install/imu_pkg/lib/python3.12/site-packages/imu_pkg/imu_publisher.py to imu_publisher.cpython-312.pyc
byte-compiling /home/yuarajan_s/ros2_ws/install/imu_pkg/lib/python3.12/site-packages/imu_pkg/__init__.py to __init__.cpython-312.pyc
running install_data
creating /home/yuarajan_s/ros2_ws/install/imu_pkg/share/ament_index
creating /home/yuarajan_s/ros2_ws/install/imu_pkg/share/ament_index/resource_index
creating /home/yuarajan_s/ros2_ws/install/imu_pkg/share/ament_index/resource_index/packages
copying resource/imu_pkg -> /home/yuarajan_s/ros2_ws/install/imu_pkg/share/ament_index/resource_index/packages
copying package.xml -> /home/yuarajan_s/ros2_ws/install/imu_pkg/share/imu_pkg
running install_egg_info
Copying ../../build/imu_pkg/imu_pkg.egg-info to /home/yuarajan_s/ros2_ws/install/imu_pkg/lib/python3.12/site-packages/imu_pkg-0.0.0-py3.12.egg-info
running install_scripts
Installing imu_publisher script to /home/yuarajan_s/ros2_ws/install/imu_pkg/lib/imu_pkg
writing list of installed files to '/home/yuarajan_s/ros2_ws/build/imu_pkg/install.log'
