[1.627s] Invoking command in '/home/yuarajan_s/ros2_ws/src/imu_pkg': PYTHONPATH=/home/yuarajan_s/ros2_ws/build/imu_pkg/prefix_override:/usr/lib/python3/dist-packages/colcon_core/task/python/colcon_distutils_commands:/home/yuarajan_s/ros2_ws/install/imu_pkg/lib/python3.12/site-packages:${PYTHONPATH} /usr/bin/python3 -W ignore:setup.py install is deprecated -W ignore:easy_install command is deprecated setup.py egg_info --egg-base ../../build/imu_pkg build --build-base /home/yuarajan_s/ros2_ws/build/imu_pkg/build install --record /home/yuarajan_s/ros2_ws/build/imu_pkg/install.log --single-version-externally-managed install_data
[2.108s] running egg_info
[2.109s] creating ../../build/imu_pkg/imu_pkg.egg-info
[2.138s] writing ../../build/imu_pkg/imu_pkg.egg-info/PKG-INFO
[2.139s] writing dependency_links to ../../build/imu_pkg/imu_pkg.egg-info/dependency_links.txt
[2.139s] writing entry points to ../../build/imu_pkg/imu_pkg.egg-info/entry_points.txt
[2.139s] writing requirements to ../../build/imu_pkg/imu_pkg.egg-info/requires.txt
[2.139s] writing top-level names to ../../build/imu_pkg/imu_pkg.egg-info/top_level.txt
[2.139s] writing manifest file '../../build/imu_pkg/imu_pkg.egg-info/SOURCES.txt'
[2.203s] reading manifest file '../../build/imu_pkg/imu_pkg.egg-info/SOURCES.txt'
[2.203s] writing manifest file '../../build/imu_pkg/imu_pkg.egg-info/SOURCES.txt'
[2.203s] running build
[2.203s] running build_py
[2.203s] creating /home/yuarajan_s/ros2_ws/build/imu_pkg/build
[2.204s] creating /home/yuarajan_s/ros2_ws/build/imu_pkg/build/lib
[2.206s] creating /home/yuarajan_s/ros2_ws/build/imu_pkg/build/lib/imu_pkg
[2.207s] copying imu_pkg/imu_publisher.py -> /home/yuarajan_s/ros2_ws/build/imu_pkg/build/lib/imu_pkg
[2.207s] copying imu_pkg/__init__.py -> /home/yuarajan_s/ros2_ws/build/imu_pkg/build/lib/imu_pkg
[2.207s] running install
[2.219s] running install_lib
[2.254s] creating /home/yuarajan_s/ros2_ws/install/imu_pkg/lib/python3.12/site-packages/imu_pkg
[2.254s] copying /home/yuarajan_s/ros2_ws/build/imu_pkg/build/lib/imu_pkg/imu_publisher.py -> /home/yuarajan_s/ros2_ws/install/imu_pkg/lib/python3.12/site-packages/imu_pkg
[2.254s] copying /home/yuarajan_s/ros2_ws/build/imu_pkg/build/lib/imu_pkg/__init__.py -> /home/yuarajan_s/ros2_ws/install/imu_pkg/lib/python3.12/site-packages/imu_pkg
[2.254s] byte-compiling /home/yuarajan_s/ros2_ws/install/imu_pkg/lib/python3.12/site-packages/imu_pkg/imu_publisher.py to imu_publisher.cpython-312.pyc
[2.255s] byte-compiling /home/yuarajan_s/ros2_ws/install/imu_pkg/lib/python3.12/site-packages/imu_pkg/__init__.py to __init__.cpython-312.pyc
[2.256s] running install_data
[2.257s] creating /home/yuarajan_s/ros2_ws/install/imu_pkg/share/ament_index
[2.258s] creating /home/yuarajan_s/ros2_ws/install/imu_pkg/share/ament_index/resource_index
[2.258s] creating /home/yuarajan_s/ros2_ws/install/imu_pkg/share/ament_index/resource_index/packages
[2.259s] copying resource/imu_pkg -> /home/yuarajan_s/ros2_ws/install/imu_pkg/share/ament_index/resource_index/packages
[2.259s] copying package.xml -> /home/yuarajan_s/ros2_ws/install/imu_pkg/share/imu_pkg
[2.260s] running install_egg_info
[2.288s] Copying ../../build/imu_pkg/imu_pkg.egg-info to /home/yuarajan_s/ros2_ws/install/imu_pkg/lib/python3.12/site-packages/imu_pkg-0.0.0-py3.12.egg-info
[2.290s] running install_scripts
[2.524s] Installing imu_publisher script to /home/yuarajan_s/ros2_ws/install/imu_pkg/lib/imu_pkg
[2.529s] writing list of installed files to '/home/yuarajan_s/ros2_ws/build/imu_pkg/install.log'
[2.700s] Invoked command in '/home/yuarajan_s/ros2_ws/src/imu_pkg' returned '0': PYTHONPATH=/home/yuarajan_s/ros2_ws/build/imu_pkg/prefix_override:/usr/lib/python3/dist-packages/colcon_core/task/python/colcon_distutils_commands:/home/yuarajan_s/ros2_ws/install/imu_pkg/lib/python3.12/site-packages:${PYTHONPATH} /usr/bin/python3 -W ignore:setup.py install is deprecated -W ignore:easy_install command is deprecated setup.py egg_info --egg-base ../../build/imu_pkg build --build-base /home/yuarajan_s/ros2_ws/build/imu_pkg/build install --record /home/yuarajan_s/ros2_ws/build/imu_pkg/install.log --single-version-externally-managed install_data
