[1.263s] Invoking command in '/home/yuarajan_s/ros2_ws/src/imu_pkg': PYTHONPATH=/home/yuarajan_s/ros2_ws/build/imu_pkg/prefix_override:/usr/lib/python3/dist-packages/colcon_core/task/python/colcon_distutils_commands:/home/yuarajan_s/ros2_ws/install/imu_pkg/lib/python3.12/site-packages:${PYTHONPATH} /usr/bin/python3 -W ignore:setup.py install is deprecated -W ignore:easy_install command is deprecated setup.py egg_info --egg-base ../../build/imu_pkg build --build-base /home/yuarajan_s/ros2_ws/build/imu_pkg/build install --record /home/yuarajan_s/ros2_ws/build/imu_pkg/install.log --single-version-externally-managed install_data
[1.724s] running egg_info
[1.751s] writing ../../build/imu_pkg/imu_pkg.egg-info/PKG-INFO
[1.752s] writing dependency_links to ../../build/imu_pkg/imu_pkg.egg-info/dependency_links.txt
[1.752s] writing entry points to ../../build/imu_pkg/imu_pkg.egg-info/entry_points.txt
[1.752s] writing requirements to ../../build/imu_pkg/imu_pkg.egg-info/requires.txt
[1.752s] writing top-level names to ../../build/imu_pkg/imu_pkg.egg-info/top_level.txt
[1.805s] reading manifest file '../../build/imu_pkg/imu_pkg.egg-info/SOURCES.txt'
[1.805s] writing manifest file '../../build/imu_pkg/imu_pkg.egg-info/SOURCES.txt'
[1.806s] running build
[1.806s] running build_py
[1.806s] running install
[1.817s] running install_lib
[1.850s] running install_data
[1.851s] running install_egg_info
[1.883s] removing '/home/yuarajan_s/ros2_ws/install/imu_pkg/lib/python3.12/site-packages/imu_pkg-0.0.0-py3.12.egg-info' (and everything under it)
[1.884s] Copying ../../build/imu_pkg/imu_pkg.egg-info to /home/yuarajan_s/ros2_ws/install/imu_pkg/lib/python3.12/site-packages/imu_pkg-0.0.0-py3.12.egg-info
[1.886s] running install_scripts
[2.134s] Installing imu_publisher script to /home/yuarajan_s/ros2_ws/install/imu_pkg/lib/imu_pkg
[2.135s] writing list of installed files to '/home/yuarajan_s/ros2_ws/build/imu_pkg/install.log'
[2.249s] Invoked command in '/home/yuarajan_s/ros2_ws/src/imu_pkg' returned '0': PYTHONPATH=/home/yuarajan_s/ros2_ws/build/imu_pkg/prefix_override:/usr/lib/python3/dist-packages/colcon_core/task/python/colcon_distutils_commands:/home/yuarajan_s/ros2_ws/install/imu_pkg/lib/python3.12/site-packages:${PYTHONPATH} /usr/bin/python3 -W ignore:setup.py install is deprecated -W ignore:easy_install command is deprecated setup.py egg_info --egg-base ../../build/imu_pkg build --build-base /home/yuarajan_s/ros2_ws/build/imu_pkg/build install --record /home/yuarajan_s/ros2_ws/build/imu_pkg/install.log --single-version-externally-managed install_data
