[0.392s] DEBUG:colcon:Command line arguments: ['/usr/bin/colcon', 'build', '--packages-select', 'imu_pkg']
[0.392s] DEBUG:colcon:Parsed command line arguments: Namespace(log_base=None, log_level=None, verb_name='build', build_base='build', install_base='install', merge_install=False, symlink_install=False, test_result_base=None, continue_on_error=False, executor='parallel', parallel_workers=16, event_handlers=None, ignore_user_meta=False, metas=['./colcon.meta'], base_paths=['.'], packages_ignore=None, packages_ignore_regex=None, paths=None, packages_up_to=None, packages_up_to_regex=None, packages_above=None, packages_above_and_dependencies=None, packages_above_depth=None, packages_select_by_dep=None, packages_skip_by_dep=None, packages_skip_up_to=None, packages_select_build_failed=False, packages_skip_build_finished=False, packages_select_test_failures=False, packages_skip_test_passed=False, packages_select=['imu_pkg'], packages_skip=None, packages_select_regex=None, packages_skip_regex=None, packages_start=None, packages_end=None, allow_overriding=[], cmake_args=None, cmake_target=None, cmake_target_skip_unavailable=False, cmake_clean_cache=False, cmake_clean_first=False, cmake_force_configure=False, ament_cmake_args=None, catkin_cmake_args=None, catkin_skip_building_tests=False, verb_parser=<colcon_defaults.argument_parser.defaults.DefaultArgumentsDecorator object at 0x73a5b196deb0>, verb_extension=<colcon_core.verb.build.BuildVerb object at 0x73a5b196da90>, main=<bound method BuildVerb.main of <colcon_core.verb.build.BuildVerb object at 0x73a5b196da90>>)
[0.470s] Level 1:colcon.colcon_core.package_discovery:discover_packages(colcon_meta) check parameters
[0.470s] Level 1:colcon.colcon_core.package_discovery:discover_packages(recursive) check parameters
[0.471s] Level 1:colcon.colcon_core.package_discovery:discover_packages(ignore) check parameters
[0.471s] Level 1:colcon.colcon_core.package_discovery:discover_packages(path) check parameters
[0.471s] Level 1:colcon.colcon_core.package_discovery:discover_packages(colcon_meta) discover
[0.471s] Level 1:colcon.colcon_core.package_discovery:discover_packages(recursive) discover
[0.471s] INFO:colcon.colcon_core.package_discovery:Crawling recursively for packages in '/home/yuarajan_s/ros2_ws'
[0.471s] Level 1:colcon.colcon_core.package_identification:_identify(.) by extensions ['ignore', 'ignore_ament_install']
[0.471s] Level 1:colcon.colcon_core.package_identification:_identify(.) by extension 'ignore'
[0.471s] Level 1:colcon.colcon_core.package_identification:_identify(.) by extension 'ignore_ament_install'
[0.472s] Level 1:colcon.colcon_core.package_identification:_identify(.) by extensions ['colcon_pkg']
[0.472s] Level 1:colcon.colcon_core.package_identification:_identify(.) by extension 'colcon_pkg'
[0.472s] Level 1:colcon.colcon_core.package_identification:_identify(.) by extensions ['colcon_meta']
[0.472s] Level 1:colcon.colcon_core.package_identification:_identify(.) by extension 'colcon_meta'
[0.472s] Level 1:colcon.colcon_core.package_identification:_identify(.) by extensions ['ros']
[0.472s] Level 1:colcon.colcon_core.package_identification:_identify(.) by extension 'ros'
[0.519s] Level 1:colcon.colcon_core.package_identification:_identify(.) by extensions ['cmake', 'python']
[0.519s] Level 1:colcon.colcon_core.package_identification:_identify(.) by extension 'cmake'
[0.519s] Level 1:colcon.colcon_core.package_identification:_identify(.) by extension 'python'
[0.519s] Level 1:colcon.colcon_core.package_identification:_identify(.) by extensions ['python_setup_py']
[0.519s] Level 1:colcon.colcon_core.package_identification:_identify(.) by extension 'python_setup_py'
[0.520s] Level 1:colcon.colcon_core.package_identification:_identify(build) by extensions ['ignore', 'ignore_ament_install']
[0.520s] Level 1:colcon.colcon_core.package_identification:_identify(build) by extension 'ignore'
[0.520s] Level 1:colcon.colcon_core.package_identification:_identify(build) ignored
[0.520s] Level 1:colcon.colcon_core.package_identification:_identify(install) by extensions ['ignore', 'ignore_ament_install']
[0.520s] Level 1:colcon.colcon_core.package_identification:_identify(install) by extension 'ignore'
[0.520s] Level 1:colcon.colcon_core.package_identification:_identify(install) ignored
[0.520s] Level 1:colcon.colcon_core.package_identification:_identify(log) by extensions ['ignore', 'ignore_ament_install']
[0.521s] Level 1:colcon.colcon_core.package_identification:_identify(log) by extension 'ignore'
[0.521s] Level 1:colcon.colcon_core.package_identification:_identify(log) ignored
[0.521s] Level 1:colcon.colcon_core.package_identification:_identify(src) by extensions ['ignore', 'ignore_ament_install']
[0.521s] Level 1:colcon.colcon_core.package_identification:_identify(src) by extension 'ignore'
[0.521s] Level 1:colcon.colcon_core.package_identification:_identify(src) by extension 'ignore_ament_install'
[0.521s] Level 1:colcon.colcon_core.package_identification:_identify(src) by extensions ['colcon_pkg']
[0.521s] Level 1:colcon.colcon_core.package_identification:_identify(src) by extension 'colcon_pkg'
[0.521s] Level 1:colcon.colcon_core.package_identification:_identify(src) by extensions ['colcon_meta']
[0.521s] Level 1:colcon.colcon_core.package_identification:_identify(src) by extension 'colcon_meta'
[0.521s] Level 1:colcon.colcon_core.package_identification:_identify(src) by extensions ['ros']
[0.521s] Level 1:colcon.colcon_core.package_identification:_identify(src) by extension 'ros'
[0.521s] Level 1:colcon.colcon_core.package_identification:_identify(src) by extensions ['cmake', 'python']
[0.521s] Level 1:colcon.colcon_core.package_identification:_identify(src) by extension 'cmake'
[0.521s] Level 1:colcon.colcon_core.package_identification:_identify(src) by extension 'python'
[0.521s] Level 1:colcon.colcon_core.package_identification:_identify(src) by extensions ['python_setup_py']
[0.522s] Level 1:colcon.colcon_core.package_identification:_identify(src) by extension 'python_setup_py'
[0.522s] Level 1:colcon.colcon_core.package_identification:_identify(src/autonav_control) by extensions ['ignore', 'ignore_ament_install']
[0.522s] Level 1:colcon.colcon_core.package_identification:_identify(src/autonav_control) by extension 'ignore'
[0.522s] Level 1:colcon.colcon_core.package_identification:_identify(src/autonav_control) by extension 'ignore_ament_install'
[0.522s] Level 1:colcon.colcon_core.package_identification:_identify(src/autonav_control) by extensions ['colcon_pkg']
[0.522s] Level 1:colcon.colcon_core.package_identification:_identify(src/autonav_control) by extension 'colcon_pkg'
[0.522s] Level 1:colcon.colcon_core.package_identification:_identify(src/autonav_control) by extensions ['colcon_meta']
[0.522s] Level 1:colcon.colcon_core.package_identification:_identify(src/autonav_control) by extension 'colcon_meta'
[0.522s] Level 1:colcon.colcon_core.package_identification:_identify(src/autonav_control) by extensions ['ros']
[0.522s] Level 1:colcon.colcon_core.package_identification:_identify(src/autonav_control) by extension 'ros'
[0.528s] DEBUG:colcon.colcon_core.package_identification:Package 'src/autonav_control' with type 'ros.ament_python' and name 'autonav_control'
[0.528s] Level 1:colcon.colcon_core.package_identification:_identify(src/autonav_description) by extensions ['ignore', 'ignore_ament_install']
[0.528s] Level 1:colcon.colcon_core.package_identification:_identify(src/autonav_description) by extension 'ignore'
[0.528s] Level 1:colcon.colcon_core.package_identification:_identify(src/autonav_description) by extension 'ignore_ament_install'
[0.529s] Level 1:colcon.colcon_core.package_identification:_identify(src/autonav_description) by extensions ['colcon_pkg']
[0.529s] Level 1:colcon.colcon_core.package_identification:_identify(src/autonav_description) by extension 'colcon_pkg'
[0.529s] Level 1:colcon.colcon_core.package_identification:_identify(src/autonav_description) by extensions ['colcon_meta']
[0.529s] Level 1:colcon.colcon_core.package_identification:_identify(src/autonav_description) by extension 'colcon_meta'
[0.529s] Level 1:colcon.colcon_core.package_identification:_identify(src/autonav_description) by extensions ['ros']
[0.529s] Level 1:colcon.colcon_core.package_identification:_identify(src/autonav_description) by extension 'ros'
[0.530s] DEBUG:colcon.colcon_core.package_identification:Package 'src/autonav_description' with type 'ros.ament_python' and name 'autonav_description'
[0.530s] Level 1:colcon.colcon_core.package_identification:_identify(src/autonav_localization) by extensions ['ignore', 'ignore_ament_install']
[0.530s] Level 1:colcon.colcon_core.package_identification:_identify(src/autonav_localization) by extension 'ignore'
[0.531s] Level 1:colcon.colcon_core.package_identification:_identify(src/autonav_localization) by extension 'ignore_ament_install'
[0.531s] Level 1:colcon.colcon_core.package_identification:_identify(src/autonav_localization) by extensions ['colcon_pkg']
[0.531s] Level 1:colcon.colcon_core.package_identification:_identify(src/autonav_localization) by extension 'colcon_pkg'
[0.531s] Level 1:colcon.colcon_core.package_identification:_identify(src/autonav_localization) by extensions ['colcon_meta']
[0.531s] Level 1:colcon.colcon_core.package_identification:_identify(src/autonav_localization) by extension 'colcon_meta'
[0.531s] Level 1:colcon.colcon_core.package_identification:_identify(src/autonav_localization) by extensions ['ros']
[0.531s] Level 1:colcon.colcon_core.package_identification:_identify(src/autonav_localization) by extension 'ros'
[0.531s] DEBUG:colcon.colcon_core.package_identification:Package 'src/autonav_localization' with type 'ros.ament_python' and name 'autonav_localization'
[0.532s] Level 1:colcon.colcon_core.package_identification:_identify(src/autonav_planning) by extensions ['ignore', 'ignore_ament_install']
[0.532s] Level 1:colcon.colcon_core.package_identification:_identify(src/autonav_planning) by extension 'ignore'
[0.532s] Level 1:colcon.colcon_core.package_identification:_identify(src/autonav_planning) by extension 'ignore_ament_install'
[0.532s] Level 1:colcon.colcon_core.package_identification:_identify(src/autonav_planning) by extensions ['colcon_pkg']
[0.532s] Level 1:colcon.colcon_core.package_identification:_identify(src/autonav_planning) by extension 'colcon_pkg'
[0.532s] Level 1:colcon.colcon_core.package_identification:_identify(src/autonav_planning) by extensions ['colcon_meta']
[0.532s] Level 1:colcon.colcon_core.package_identification:_identify(src/autonav_planning) by extension 'colcon_meta'
[0.532s] Level 1:colcon.colcon_core.package_identification:_identify(src/autonav_planning) by extensions ['ros']
[0.532s] Level 1:colcon.colcon_core.package_identification:_identify(src/autonav_planning) by extension 'ros'
[0.534s] DEBUG:colcon.colcon_core.package_identification:Package 'src/autonav_planning' with type 'ros.ament_python' and name 'autonav_planning'
[0.535s] Level 1:colcon.colcon_core.package_identification:_identify(src/imu_pkg) by extensions ['ignore', 'ignore_ament_install']
[0.535s] Level 1:colcon.colcon_core.package_identification:_identify(src/imu_pkg) by extension 'ignore'
[0.537s] Level 1:colcon.colcon_core.package_identification:_identify(src/imu_pkg) by extension 'ignore_ament_install'
[0.537s] Level 1:colcon.colcon_core.package_identification:_identify(src/imu_pkg) by extensions ['colcon_pkg']
[0.537s] Level 1:colcon.colcon_core.package_identification:_identify(src/imu_pkg) by extension 'colcon_pkg'
[0.537s] Level 1:colcon.colcon_core.package_identification:_identify(src/imu_pkg) by extensions ['colcon_meta']
[0.538s] Level 1:colcon.colcon_core.package_identification:_identify(src/imu_pkg) by extension 'colcon_meta'
[0.538s] Level 1:colcon.colcon_core.package_identification:_identify(src/imu_pkg) by extensions ['ros']
[0.538s] Level 1:colcon.colcon_core.package_identification:_identify(src/imu_pkg) by extension 'ros'
[0.539s] DEBUG:colcon.colcon_core.package_identification:Package 'src/imu_pkg' with type 'ros.ament_python' and name 'imu_pkg'
[0.539s] Level 1:colcon.colcon_core.package_identification:_identify(src/odometry_pkg) by extensions ['ignore', 'ignore_ament_install']
[0.539s] Level 1:colcon.colcon_core.package_identification:_identify(src/odometry_pkg) by extension 'ignore'
[0.539s] Level 1:colcon.colcon_core.package_identification:_identify(src/odometry_pkg) by extension 'ignore_ament_install'
[0.539s] Level 1:colcon.colcon_core.package_identification:_identify(src/odometry_pkg) by extensions ['colcon_pkg']
[0.539s] Level 1:colcon.colcon_core.package_identification:_identify(src/odometry_pkg) by extension 'colcon_pkg'
[0.539s] Level 1:colcon.colcon_core.package_identification:_identify(src/odometry_pkg) by extensions ['colcon_meta']
[0.539s] Level 1:colcon.colcon_core.package_identification:_identify(src/odometry_pkg) by extension 'colcon_meta'
[0.539s] Level 1:colcon.colcon_core.package_identification:_identify(src/odometry_pkg) by extensions ['ros']
[0.539s] Level 1:colcon.colcon_core.package_identification:_identify(src/odometry_pkg) by extension 'ros'
[0.540s] DEBUG:colcon.colcon_core.package_identification:Package 'src/odometry_pkg' with type 'ros.ament_python' and name 'odometry_pkg'
[0.541s] Level 1:colcon.colcon_core.package_identification:_identify(src/visual_odometry_pkg) by extensions ['ignore', 'ignore_ament_install']
[0.541s] Level 1:colcon.colcon_core.package_identification:_identify(src/visual_odometry_pkg) by extension 'ignore'
[0.541s] Level 1:colcon.colcon_core.package_identification:_identify(src/visual_odometry_pkg) by extension 'ignore_ament_install'
[0.541s] Level 1:colcon.colcon_core.package_identification:_identify(src/visual_odometry_pkg) by extensions ['colcon_pkg']
[0.541s] Level 1:colcon.colcon_core.package_identification:_identify(src/visual_odometry_pkg) by extension 'colcon_pkg'
[0.541s] Level 1:colcon.colcon_core.package_identification:_identify(src/visual_odometry_pkg) by extensions ['colcon_meta']
[0.541s] Level 1:colcon.colcon_core.package_identification:_identify(src/visual_odometry_pkg) by extension 'colcon_meta'
[0.541s] Level 1:colcon.colcon_core.package_identification:_identify(src/visual_odometry_pkg) by extensions ['ros']
[0.541s] Level 1:colcon.colcon_core.package_identification:_identify(src/visual_odometry_pkg) by extension 'ros'
[0.542s] DEBUG:colcon.colcon_core.package_identification:Package 'src/visual_odometry_pkg' with type 'ros.ament_python' and name 'visual_odometry_pkg'
[0.542s] Level 1:colcon.colcon_core.package_discovery:discover_packages(recursive) using defaults
[0.542s] Level 1:colcon.colcon_core.package_discovery:discover_packages(ignore) discover
[0.542s] Level 1:colcon.colcon_core.package_discovery:discover_packages(ignore) using defaults
[0.542s] Level 1:colcon.colcon_core.package_discovery:discover_packages(path) discover
[0.542s] Level 1:colcon.colcon_core.package_discovery:discover_packages(path) using defaults
[0.579s] INFO:colcon.colcon_core.package_selection:Skipping not selected package 'autonav_control' in 'src/autonav_control'
[0.580s] INFO:colcon.colcon_core.package_selection:Skipping not selected package 'autonav_description' in 'src/autonav_description'
[0.580s] INFO:colcon.colcon_core.package_selection:Skipping not selected package 'autonav_localization' in 'src/autonav_localization'
[0.580s] INFO:colcon.colcon_core.package_selection:Skipping not selected package 'autonav_planning' in 'src/autonav_planning'
[0.580s] INFO:colcon.colcon_core.package_selection:Skipping not selected package 'odometry_pkg' in 'src/odometry_pkg'
[0.580s] INFO:colcon.colcon_core.package_selection:Skipping not selected package 'visual_odometry_pkg' in 'src/visual_odometry_pkg'
[0.582s] Level 1:colcon.colcon_core.package_discovery:discover_packages(prefix_path) check parameters
[0.584s] Level 1:colcon.colcon_core.package_discovery:discover_packages(prefix_path) discover
[0.589s] DEBUG:colcon.colcon_installed_package_information.package_discovery:Found 290 installed packages in /opt/ros/jazzy
[0.590s] Level 1:colcon.colcon_core.package_discovery:discover_packages(prefix_path) using defaults
[0.657s] Level 5:colcon.colcon_core.verb:set package 'imu_pkg' build argument 'cmake_args' from command line to 'None'
[0.657s] Level 5:colcon.colcon_core.verb:set package 'imu_pkg' build argument 'cmake_target' from command line to 'None'
[0.657s] Level 5:colcon.colcon_core.verb:set package 'imu_pkg' build argument 'cmake_target_skip_unavailable' from command line to 'False'
[0.657s] Level 5:colcon.colcon_core.verb:set package 'imu_pkg' build argument 'cmake_clean_cache' from command line to 'False'
[0.657s] Level 5:colcon.colcon_core.verb:set package 'imu_pkg' build argument 'cmake_clean_first' from command line to 'False'
[0.657s] Level 5:colcon.colcon_core.verb:set package 'imu_pkg' build argument 'cmake_force_configure' from command line to 'False'
[0.657s] Level 5:colcon.colcon_core.verb:set package 'imu_pkg' build argument 'ament_cmake_args' from command line to 'None'
[0.657s] Level 5:colcon.colcon_core.verb:set package 'imu_pkg' build argument 'catkin_cmake_args' from command line to 'None'
[0.657s] Level 5:colcon.colcon_core.verb:set package 'imu_pkg' build argument 'catkin_skip_building_tests' from command line to 'False'
[0.657s] DEBUG:colcon.colcon_core.verb:Building package 'imu_pkg' with the following arguments: {'ament_cmake_args': None, 'build_base': '/home/yuarajan_s/ros2_ws/build/imu_pkg', 'catkin_cmake_args': None, 'catkin_skip_building_tests': False, 'cmake_args': None, 'cmake_clean_cache': False, 'cmake_clean_first': False, 'cmake_force_configure': False, 'cmake_target': None, 'cmake_target_skip_unavailable': False, 'install_base': '/home/yuarajan_s/ros2_ws/install/imu_pkg', 'merge_install': False, 'path': '/home/yuarajan_s/ros2_ws/src/imu_pkg', 'symlink_install': False, 'test_result_base': None}
[0.657s] INFO:colcon.colcon_core.executor:Executing jobs using 'parallel' executor
[0.659s] DEBUG:colcon.colcon_parallel_executor.executor.parallel:run_until_complete
[0.659s] INFO:colcon.colcon_ros.task.ament_python.build:Building ROS package in '/home/yuarajan_s/ros2_ws/src/imu_pkg' with build type 'ament_python'
[0.659s] Level 1:colcon.colcon_core.shell:create_environment_hook('imu_pkg', 'ament_prefix_path')
[0.667s] INFO:colcon.colcon_core.plugin_system:Skipping extension 'colcon_core.shell.bat': Not used on non-Windows systems
[0.668s] INFO:colcon.colcon_core.shell:Creating environment hook '/home/yuarajan_s/ros2_ws/install/imu_pkg/share/imu_pkg/hook/ament_prefix_path.ps1'
[0.677s] INFO:colcon.colcon_core.shell:Creating environment descriptor '/home/yuarajan_s/ros2_ws/install/imu_pkg/share/imu_pkg/hook/ament_prefix_path.dsv'
[0.678s] INFO:colcon.colcon_core.shell:Creating environment hook '/home/yuarajan_s/ros2_ws/install/imu_pkg/share/imu_pkg/hook/ament_prefix_path.sh'
[0.680s] INFO:colcon.colcon_core.shell:Skip shell extension 'powershell' for command environment: Not usable outside of PowerShell
[0.680s] DEBUG:colcon.colcon_core.shell:Skip shell extension 'dsv' for command environment
[1.097s] INFO:colcon.colcon_core.task.python.build:Building Python package in '/home/yuarajan_s/ros2_ws/src/imu_pkg'
[1.098s] INFO:colcon.colcon_core.shell:Skip shell extension 'powershell' for command environment: Not usable outside of PowerShell
[1.098s] DEBUG:colcon.colcon_core.shell:Skip shell extension 'dsv' for command environment
[2.290s] DEBUG:colcon.colcon_core.event_handler.log_command:Invoking command in '/home/yuarajan_s/ros2_ws/src/imu_pkg': PYTHONPATH=/home/yuarajan_s/ros2_ws/build/imu_pkg/prefix_override:/usr/lib/python3/dist-packages/colcon_core/task/python/colcon_distutils_commands:/home/yuarajan_s/ros2_ws/install/imu_pkg/lib/python3.12/site-packages:${PYTHONPATH} /usr/bin/python3 -W ignore:setup.py install is deprecated -W ignore:easy_install command is deprecated setup.py egg_info --egg-base ../../build/imu_pkg build --build-base /home/yuarajan_s/ros2_ws/build/imu_pkg/build install --record /home/yuarajan_s/ros2_ws/build/imu_pkg/install.log --single-version-externally-managed install_data
[3.363s] DEBUG:colcon.colcon_core.event_handler.log_command:Invoked command in '/home/yuarajan_s/ros2_ws/src/imu_pkg' returned '0': PYTHONPATH=/home/yuarajan_s/ros2_ws/build/imu_pkg/prefix_override:/usr/lib/python3/dist-packages/colcon_core/task/python/colcon_distutils_commands:/home/yuarajan_s/ros2_ws/install/imu_pkg/lib/python3.12/site-packages:${PYTHONPATH} /usr/bin/python3 -W ignore:setup.py install is deprecated -W ignore:easy_install command is deprecated setup.py egg_info --egg-base ../../build/imu_pkg build --build-base /home/yuarajan_s/ros2_ws/build/imu_pkg/build install --record /home/yuarajan_s/ros2_ws/build/imu_pkg/install.log --single-version-externally-managed install_data
[3.366s] Level 1:colcon.colcon_core.environment:checking '/home/yuarajan_s/ros2_ws/install/imu_pkg' for CMake module files
[3.366s] Level 1:colcon.colcon_core.environment:checking '/home/yuarajan_s/ros2_ws/install/imu_pkg' for CMake config files
[3.368s] Level 1:colcon.colcon_core.environment:checking '/home/yuarajan_s/ros2_ws/install/imu_pkg/lib'
[3.368s] Level 1:colcon.colcon_core.environment:checking '/home/yuarajan_s/ros2_ws/install/imu_pkg/bin'
[3.368s] Level 1:colcon.colcon_core.environment:checking '/home/yuarajan_s/ros2_ws/install/imu_pkg/lib/pkgconfig/imu_pkg.pc'
[3.369s] Level 1:colcon.colcon_core.environment:checking '/home/yuarajan_s/ros2_ws/install/imu_pkg/lib/python3.12/site-packages'
[3.369s] Level 1:colcon.colcon_core.shell:create_environment_hook('imu_pkg', 'pythonpath')
[3.369s] INFO:colcon.colcon_core.shell:Creating environment hook '/home/yuarajan_s/ros2_ws/install/imu_pkg/share/imu_pkg/hook/pythonpath.ps1'
[3.371s] INFO:colcon.colcon_core.shell:Creating environment descriptor '/home/yuarajan_s/ros2_ws/install/imu_pkg/share/imu_pkg/hook/pythonpath.dsv'
[3.372s] INFO:colcon.colcon_core.shell:Creating environment hook '/home/yuarajan_s/ros2_ws/install/imu_pkg/share/imu_pkg/hook/pythonpath.sh'
[3.373s] Level 1:colcon.colcon_core.environment:checking '/home/yuarajan_s/ros2_ws/install/imu_pkg/bin'
[3.373s] Level 1:colcon.colcon_core.environment:create_environment_scripts_only(imu_pkg)
[3.374s] INFO:colcon.colcon_core.shell:Creating package script '/home/yuarajan_s/ros2_ws/install/imu_pkg/share/imu_pkg/package.ps1'
[3.375s] INFO:colcon.colcon_core.shell:Creating package descriptor '/home/yuarajan_s/ros2_ws/install/imu_pkg/share/imu_pkg/package.dsv'
[3.376s] INFO:colcon.colcon_core.shell:Creating package script '/home/yuarajan_s/ros2_ws/install/imu_pkg/share/imu_pkg/package.sh'
[3.382s] INFO:colcon.colcon_core.shell:Creating package script '/home/yuarajan_s/ros2_ws/install/imu_pkg/share/imu_pkg/package.bash'
[3.384s] INFO:colcon.colcon_core.shell:Creating package script '/home/yuarajan_s/ros2_ws/install/imu_pkg/share/imu_pkg/package.zsh'
[3.384s] Level 1:colcon.colcon_core.environment:create_file_with_runtime_dependencies(/home/yuarajan_s/ros2_ws/install/imu_pkg/share/colcon-core/packages/imu_pkg)
[3.386s] DEBUG:colcon.colcon_parallel_executor.executor.parallel:closing loop
[3.387s] DEBUG:colcon.colcon_parallel_executor.executor.parallel:loop closed
[3.388s] DEBUG:colcon.colcon_parallel_executor.executor.parallel:run_until_complete finished with '0'
[3.388s] DEBUG:colcon.colcon_core.event_reactor:joining thread
[3.547s] INFO:colcon.colcon_core.plugin_system:Skipping extension 'colcon_notification.desktop_notification.notify_send': Could not find 'notify-send'
[3.547s] INFO:colcon.colcon_core.plugin_system:Skipping extension 'colcon_notification.desktop_notification.terminal_notifier': Not used on non-Darwin systems
[3.547s] INFO:colcon.colcon_core.plugin_system:Skipping extension 'colcon_notification.desktop_notification.win32': Not used on non-Windows systems
[3.547s] INFO:colcon.colcon_notification.desktop_notification:Sending desktop notification using 'notify2'
[3.548s] DEBUG:colcon.colcon_notification.desktop_notification.notify2:Failed to initialize notify2: org.freedesktop.DBus.Error.ServiceUnknown: The name org.freedesktop.Notifications was not provided by any .service files
[3.549s] DEBUG:colcon.colcon_core.event_reactor:joined thread
[3.549s] INFO:colcon.colcon_core.shell:Creating prefix script '/home/yuarajan_s/ros2_ws/install/local_setup.ps1'
[3.550s] INFO:colcon.colcon_core.shell:Creating prefix util module '/home/yuarajan_s/ros2_ws/install/_local_setup_util_ps1.py'
[3.551s] INFO:colcon.colcon_core.shell:Creating prefix chain script '/home/yuarajan_s/ros2_ws/install/setup.ps1'
[3.552s] INFO:colcon.colcon_core.shell:Creating prefix script '/home/yuarajan_s/ros2_ws/install/local_setup.sh'
[3.552s] INFO:colcon.colcon_core.shell:Creating prefix util module '/home/yuarajan_s/ros2_ws/install/_local_setup_util_sh.py'
[3.554s] INFO:colcon.colcon_core.shell:Creating prefix chain script '/home/yuarajan_s/ros2_ws/install/setup.sh'
[3.555s] INFO:colcon.colcon_core.shell:Creating prefix script '/home/yuarajan_s/ros2_ws/install/local_setup.bash'
[3.556s] INFO:colcon.colcon_core.shell:Creating prefix chain script '/home/yuarajan_s/ros2_ws/install/setup.bash'
[3.557s] INFO:colcon.colcon_core.shell:Creating prefix script '/home/yuarajan_s/ros2_ws/install/local_setup.zsh'
[3.558s] INFO:colcon.colcon_core.shell:Creating prefix chain script '/home/yuarajan_s/ros2_ws/install/setup.zsh'
