running egg_info
creating ../../build/slam_pkg/slam_pkg.egg-info
writing ../../build/slam_pkg/slam_pkg.egg-info/PKG-INFO
writing dependency_links to ../../build/slam_pkg/slam_pkg.egg-info/dependency_links.txt
writing entry points to ../../build/slam_pkg/slam_pkg.egg-info/entry_points.txt
writing requirements to ../../build/slam_pkg/slam_pkg.egg-info/requires.txt
writing top-level names to ../../build/slam_pkg/slam_pkg.egg-info/top_level.txt
writing manifest file '../../build/slam_pkg/slam_pkg.egg-info/SOURCES.txt'
reading manifest file '../../build/slam_pkg/slam_pkg.egg-info/SOURCES.txt'
writing manifest file '../../build/slam_pkg/slam_pkg.egg-info/SOURCES.txt'
running build
running build_py
creating /home/yuarajan_s/ros2_ws/build/slam_pkg/build
creating /home/yuarajan_s/ros2_ws/build/slam_pkg/build/lib
creating /home/yuarajan_s/ros2_ws/build/slam_pkg/build/lib/slam_pkg
copying slam_pkg/landmark_detector.py -> /home/yuarajan_s/ros2_ws/build/slam_pkg/build/lib/slam_pkg
copying slam_pkg/__init__.py -> /home/yuarajan_s/ros2_ws/build/slam_pkg/build/lib/slam_pkg
running install
running install_lib
creating /home/yuarajan_s/ros2_ws/install/slam_pkg/lib/python3.12/site-packages/slam_pkg
copying /home/yuarajan_s/ros2_ws/build/slam_pkg/build/lib/slam_pkg/landmark_detector.py -> /home/yuarajan_s/ros2_ws/install/slam_pkg/lib/python3.12/site-packages/slam_pkg
copying /home/yuarajan_s/ros2_ws/build/slam_pkg/build/lib/slam_pkg/__init__.py -> /home/yuarajan_s/ros2_ws/install/slam_pkg/lib/python3.12/site-packages/slam_pkg
byte-compiling /home/yuarajan_s/ros2_ws/install/slam_pkg/lib/python3.12/site-packages/slam_pkg/landmark_detector.py to landmark_detector.cpython-312.pyc
byte-compiling /home/yuarajan_s/ros2_ws/install/slam_pkg/lib/python3.12/site-packages/slam_pkg/__init__.py to __init__.cpython-312.pyc
running install_data
creating /home/yuarajan_s/ros2_ws/install/slam_pkg/share/ament_index
creating /home/yuarajan_s/ros2_ws/install/slam_pkg/share/ament_index/resource_index
creating /home/yuarajan_s/ros2_ws/install/slam_pkg/share/ament_index/resource_index/packages
copying resource/slam_pkg -> /home/yuarajan_s/ros2_ws/install/slam_pkg/share/ament_index/resource_index/packages
copying package.xml -> /home/yuarajan_s/ros2_ws/install/slam_pkg/share/slam_pkg
running install_egg_info
Copying ../../build/slam_pkg/slam_pkg.egg-info to /home/yuarajan_s/ros2_ws/install/slam_pkg/lib/python3.12/site-packages/slam_pkg-0.0.0-py3.12.egg-info
running install_scripts
Installing landmark_detector script to /home/yuarajan_s/ros2_ws/install/slam_pkg/lib/slam_pkg
writing list of installed files to '/home/yuarajan_s/ros2_ws/build/slam_pkg/install.log'
