[1.419s] Invoking command in '/home/yuarajan_s/ros2_ws/src/slam_pkg': PYTHONPATH=/home/yuarajan_s/ros2_ws/build/slam_pkg/prefix_override:/usr/lib/python3/dist-packages/colcon_core/task/python/colcon_distutils_commands:/home/yuarajan_s/ros2_ws/install/slam_pkg/lib/python3.12/site-packages:${PYTHONPATH} /usr/bin/python3 -W ignore:setup.py install is deprecated -W ignore:easy_install command is deprecated setup.py egg_info --egg-base ../../build/slam_pkg build --build-base /home/yuarajan_s/ros2_ws/build/slam_pkg/build install --record /home/yuarajan_s/ros2_ws/build/slam_pkg/install.log --single-version-externally-managed install_data
[1.843s] running egg_info
[1.844s] creating ../../build/slam_pkg/slam_pkg.egg-info
[1.875s] writing ../../build/slam_pkg/slam_pkg.egg-info/PKG-INFO
[1.876s] writing dependency_links to ../../build/slam_pkg/slam_pkg.egg-info/dependency_links.txt
[1.876s] writing entry points to ../../build/slam_pkg/slam_pkg.egg-info/entry_points.txt
[1.876s] writing requirements to ../../build/slam_pkg/slam_pkg.egg-info/requires.txt
[1.877s] writing top-level names to ../../build/slam_pkg/slam_pkg.egg-info/top_level.txt
[1.880s] writing manifest file '../../build/slam_pkg/slam_pkg.egg-info/SOURCES.txt'
[1.941s] reading manifest file '../../build/slam_pkg/slam_pkg.egg-info/SOURCES.txt'
[1.942s] writing manifest file '../../build/slam_pkg/slam_pkg.egg-info/SOURCES.txt'
[1.942s] running build
[1.943s] running build_py
[1.947s] creating /home/yuarajan_s/ros2_ws/build/slam_pkg/build
[1.947s] creating /home/yuarajan_s/ros2_ws/build/slam_pkg/build/lib
[1.947s] creating /home/yuarajan_s/ros2_ws/build/slam_pkg/build/lib/slam_pkg
[1.948s] copying slam_pkg/landmark_detector.py -> /home/yuarajan_s/ros2_ws/build/slam_pkg/build/lib/slam_pkg
[1.948s] copying slam_pkg/__init__.py -> /home/yuarajan_s/ros2_ws/build/slam_pkg/build/lib/slam_pkg
[1.948s] running install
[1.960s] running install_lib
[1.993s] creating /home/yuarajan_s/ros2_ws/install/slam_pkg/lib/python3.12/site-packages/slam_pkg
[1.993s] copying /home/yuarajan_s/ros2_ws/build/slam_pkg/build/lib/slam_pkg/landmark_detector.py -> /home/yuarajan_s/ros2_ws/install/slam_pkg/lib/python3.12/site-packages/slam_pkg
[1.993s] copying /home/yuarajan_s/ros2_ws/build/slam_pkg/build/lib/slam_pkg/__init__.py -> /home/yuarajan_s/ros2_ws/install/slam_pkg/lib/python3.12/site-packages/slam_pkg
[1.994s] byte-compiling /home/yuarajan_s/ros2_ws/install/slam_pkg/lib/python3.12/site-packages/slam_pkg/landmark_detector.py to landmark_detector.cpython-312.pyc
[1.999s] byte-compiling /home/yuarajan_s/ros2_ws/install/slam_pkg/lib/python3.12/site-packages/slam_pkg/__init__.py to __init__.cpython-312.pyc
[1.999s] running install_data
[2.000s] creating /home/yuarajan_s/ros2_ws/install/slam_pkg/share/ament_index
[2.001s] creating /home/yuarajan_s/ros2_ws/install/slam_pkg/share/ament_index/resource_index
[2.002s] creating /home/yuarajan_s/ros2_ws/install/slam_pkg/share/ament_index/resource_index/packages
[2.003s] copying resource/slam_pkg -> /home/yuarajan_s/ros2_ws/install/slam_pkg/share/ament_index/resource_index/packages
[2.003s] copying package.xml -> /home/yuarajan_s/ros2_ws/install/slam_pkg/share/slam_pkg
[2.003s] running install_egg_info
[2.056s] Copying ../../build/slam_pkg/slam_pkg.egg-info to /home/yuarajan_s/ros2_ws/install/slam_pkg/lib/python3.12/site-packages/slam_pkg-0.0.0-py3.12.egg-info
[2.064s] running install_scripts
[2.365s] Installing landmark_detector script to /home/yuarajan_s/ros2_ws/install/slam_pkg/lib/slam_pkg
[2.373s] writing list of installed files to '/home/yuarajan_s/ros2_ws/build/slam_pkg/install.log'
[2.463s] Invoked command in '/home/yuarajan_s/ros2_ws/src/slam_pkg' returned '0': PYTHONPATH=/home/yuarajan_s/ros2_ws/build/slam_pkg/prefix_override:/usr/lib/python3/dist-packages/colcon_core/task/python/colcon_distutils_commands:/home/yuarajan_s/ros2_ws/install/slam_pkg/lib/python3.12/site-packages:${PYTHONPATH} /usr/bin/python3 -W ignore:setup.py install is deprecated -W ignore:easy_install command is deprecated setup.py egg_info --egg-base ../../build/slam_pkg build --build-base /home/yuarajan_s/ros2_ws/build/slam_pkg/build install --record /home/yuarajan_s/ros2_ws/build/slam_pkg/install.log --single-version-externally-managed install_data
