running egg_info
creating ../../build/autonav_localization/autonav_localization.egg-info
writing ../../build/autonav_localization/autonav_localization.egg-info/PKG-INFO
writing dependency_links to ../../build/autonav_localization/autonav_localization.egg-info/dependency_links.txt
writing entry points to ../../build/autonav_localization/autonav_localization.egg-info/entry_points.txt
writing requirements to ../../build/autonav_localization/autonav_localization.egg-info/requires.txt
writing top-level names to ../../build/autonav_localization/autonav_localization.egg-info/top_level.txt
writing manifest file '../../build/autonav_localization/autonav_localization.egg-info/SOURCES.txt'
reading manifest file '../../build/autonav_localization/autonav_localization.egg-info/SOURCES.txt'
writing manifest file '../../build/autonav_localization/autonav_localization.egg-info/SOURCES.txt'
running build
running build_py
creating /home/yuarajan_s/ros2_ws/build/autonav_localization/build
creating /home/yuarajan_s/ros2_ws/build/autonav_localization/build/lib
creating /home/yuarajan_s/ros2_ws/build/autonav_localization/build/lib/autonav_localization
copying autonav_localization/ekf_node.py -> /home/yuarajan_s/ros2_ws/build/autonav_localization/build/lib/autonav_localization
copying autonav_localization/__init__.py -> /home/yuarajan_s/ros2_ws/build/autonav_localization/build/lib/autonav_localization
copying autonav_localization/path_publisher.py -> /home/yuarajan_s/ros2_ws/build/autonav_localization/build/lib/autonav_localization
copying autonav_localization/ekf_localization_node.py -> /home/yuarajan_s/ros2_ws/build/autonav_localization/build/lib/autonav_localization
copying autonav_localization/tf_broadcaster.py -> /home/yuarajan_s/ros2_ws/build/autonav_localization/build/lib/autonav_localization
copying autonav_localization/robot_marker.py -> /home/yuarajan_s/ros2_ws/build/autonav_localization/build/lib/autonav_localization
running install
running install_lib
creating /home/yuarajan_s/ros2_ws/install/autonav_localization/lib/python3.12/site-packages/autonav_localization
copying /home/yuarajan_s/ros2_ws/build/autonav_localization/build/lib/autonav_localization/ekf_node.py -> /home/yuarajan_s/ros2_ws/install/autonav_localization/lib/python3.12/site-packages/autonav_localization
copying /home/yuarajan_s/ros2_ws/build/autonav_localization/build/lib/autonav_localization/__init__.py -> /home/yuarajan_s/ros2_ws/install/autonav_localization/lib/python3.12/site-packages/autonav_localization
copying /home/yuarajan_s/ros2_ws/build/autonav_localization/build/lib/autonav_localization/path_publisher.py -> /home/yuarajan_s/ros2_ws/install/autonav_localization/lib/python3.12/site-packages/autonav_localization
copying /home/yuarajan_s/ros2_ws/build/autonav_localization/build/lib/autonav_localization/ekf_localization_node.py -> /home/yuarajan_s/ros2_ws/install/autonav_localization/lib/python3.12/site-packages/autonav_localization
copying /home/yuarajan_s/ros2_ws/build/autonav_localization/build/lib/autonav_localization/tf_broadcaster.py -> /home/yuarajan_s/ros2_ws/install/autonav_localization/lib/python3.12/site-packages/autonav_localization
copying /home/yuarajan_s/ros2_ws/build/autonav_localization/build/lib/autonav_localization/robot_marker.py -> /home/yuarajan_s/ros2_ws/install/autonav_localization/lib/python3.12/site-packages/autonav_localization
byte-compiling /home/yuarajan_s/ros2_ws/install/autonav_localization/lib/python3.12/site-packages/autonav_localization/ekf_node.py to ekf_node.cpython-312.pyc
byte-compiling /home/yuarajan_s/ros2_ws/install/autonav_localization/lib/python3.12/site-packages/autonav_localization/__init__.py to __init__.cpython-312.pyc
byte-compiling /home/yuarajan_s/ros2_ws/install/autonav_localization/lib/python3.12/site-packages/autonav_localization/path_publisher.py to path_publisher.cpython-312.pyc
byte-compiling /home/yuarajan_s/ros2_ws/install/autonav_localization/lib/python3.12/site-packages/autonav_localization/ekf_localization_node.py to ekf_localization_node.cpython-312.pyc
byte-compiling /home/yuarajan_s/ros2_ws/install/autonav_localization/lib/python3.12/site-packages/autonav_localization/tf_broadcaster.py to tf_broadcaster.cpython-312.pyc
byte-compiling /home/yuarajan_s/ros2_ws/install/autonav_localization/lib/python3.12/site-packages/autonav_localization/robot_marker.py to robot_marker.cpython-312.pyc
running install_data
creating /home/yuarajan_s/ros2_ws/install/autonav_localization/share/ament_index
creating /home/yuarajan_s/ros2_ws/install/autonav_localization/share/ament_index/resource_index
creating /home/yuarajan_s/ros2_ws/install/autonav_localization/share/ament_index/resource_index/packages
copying resource/autonav_localization -> /home/yuarajan_s/ros2_ws/install/autonav_localization/share/ament_index/resource_index/packages
copying package.xml -> /home/yuarajan_s/ros2_ws/install/autonav_localization/share/autonav_localization
running install_egg_info
Copying ../../build/autonav_localization/autonav_localization.egg-info to /home/yuarajan_s/ros2_ws/install/autonav_localization/lib/python3.12/site-packages/autonav_localization-0.0.0-py3.12.egg-info
running install_scripts
Installing ekf_localization_node script to /home/yuarajan_s/ros2_ws/install/autonav_localization/lib/autonav_localization
Installing ekf_node script to /home/yuarajan_s/ros2_ws/install/autonav_localization/lib/autonav_localization
Installing path_publisher script to /home/yuarajan_s/ros2_ws/install/autonav_localization/lib/autonav_localization
Installing robot_marker script to /home/yuarajan_s/ros2_ws/install/autonav_localization/lib/autonav_localization
Installing tf_broadcaster script to /home/yuarajan_s/ros2_ws/install/autonav_localization/lib/autonav_localization
writing list of installed files to '/home/yuarajan_s/ros2_ws/build/autonav_localization/install.log'
