[0.343s] DEBUG:colcon:Command line arguments: ['/usr/bin/colcon', 'build', '--packages-select', 'robot_description_pkg']
[0.343s] DEBUG:colcon:Parsed command line arguments: Namespace(log_base=None, log_level=None, verb_name='build', build_base='build', install_base='install', merge_install=False, symlink_install=False, test_result_base=None, continue_on_error=False, executor='parallel', parallel_workers=16, event_handlers=None, ignore_user_meta=False, metas=['./colcon.meta'], base_paths=['.'], packages_ignore=None, packages_ignore_regex=None, paths=None, packages_up_to=None, packages_up_to_regex=None, packages_above=None, packages_above_and_dependencies=None, packages_above_depth=None, packages_select_by_dep=None, packages_skip_by_dep=None, packages_skip_up_to=None, packages_select_build_failed=False, packages_skip_build_finished=False, packages_select_test_failures=False, packages_skip_test_passed=False, packages_select=['robot_description_pkg'], packages_skip=None, packages_select_regex=None, packages_skip_regex=None, packages_start=None, packages_end=None, allow_overriding=[], cmake_args=None, cmake_target=None, cmake_target_skip_unavailable=False, cmake_clean_cache=False, cmake_clean_first=False, cmake_force_configure=False, ament_cmake_args=None, catkin_cmake_args=None, catkin_skip_building_tests=False, verb_parser=<colcon_defaults.argument_parser.defaults.DefaultArgumentsDecorator object at 0x75cbb8967860>, verb_extension=<colcon_core.verb.build.BuildVerb object at 0x75cbb89674d0>, main=<bound method BuildVerb.main of <colcon_core.verb.build.BuildVerb object at 0x75cbb89674d0>>)
[0.403s] Level 1:colcon.colcon_core.package_discovery:discover_packages(colcon_meta) check parameters
[0.404s] Level 1:colcon.colcon_core.package_discovery:discover_packages(recursive) check parameters
[0.404s] Level 1:colcon.colcon_core.package_discovery:discover_packages(ignore) check parameters
[0.404s] Level 1:colcon.colcon_core.package_discovery:discover_packages(path) check parameters
[0.404s] Level 1:colcon.colcon_core.package_discovery:discover_packages(colcon_meta) discover
[0.404s] Level 1:colcon.colcon_core.package_discovery:discover_packages(recursive) discover
[0.404s] INFO:colcon.colcon_core.package_discovery:Crawling recursively for packages in '/home/yuarajan_s/ros2_ws'
[0.404s] Level 1:colcon.colcon_core.package_identification:_identify(.) by extensions ['ignore', 'ignore_ament_install']
[0.408s] Level 1:colcon.colcon_core.package_identification:_identify(.) by extension 'ignore'
[0.408s] Level 1:colcon.colcon_core.package_identification:_identify(.) by extension 'ignore_ament_install'
[0.408s] Level 1:colcon.colcon_core.package_identification:_identify(.) by extensions ['colcon_pkg']
[0.408s] Level 1:colcon.colcon_core.package_identification:_identify(.) by extension 'colcon_pkg'
[0.408s] Level 1:colcon.colcon_core.package_identification:_identify(.) by extensions ['colcon_meta']
[0.408s] Level 1:colcon.colcon_core.package_identification:_identify(.) by extension 'colcon_meta'
[0.408s] Level 1:colcon.colcon_core.package_identification:_identify(.) by extensions ['ros']
[0.408s] Level 1:colcon.colcon_core.package_identification:_identify(.) by extension 'ros'
[0.464s] Level 1:colcon.colcon_core.package_identification:_identify(.) by extensions ['cmake', 'python']
[0.464s] Level 1:colcon.colcon_core.package_identification:_identify(.) by extension 'cmake'
[0.464s] Level 1:colcon.colcon_core.package_identification:_identify(.) by extension 'python'
[0.464s] Level 1:colcon.colcon_core.package_identification:_identify(.) by extensions ['python_setup_py']
[0.464s] Level 1:colcon.colcon_core.package_identification:_identify(.) by extension 'python_setup_py'
[0.465s] Level 1:colcon.colcon_core.package_identification:_identify(build) by extensions ['ignore', 'ignore_ament_install']
[0.465s] Level 1:colcon.colcon_core.package_identification:_identify(build) by extension 'ignore'
[0.465s] Level 1:colcon.colcon_core.package_identification:_identify(build) ignored
[0.465s] Level 1:colcon.colcon_core.package_identification:_identify(install) by extensions ['ignore', 'ignore_ament_install']
[0.465s] Level 1:colcon.colcon_core.package_identification:_identify(install) by extension 'ignore'
[0.465s] Level 1:colcon.colcon_core.package_identification:_identify(install) ignored
[0.465s] Level 1:colcon.colcon_core.package_identification:_identify(log) by extensions ['ignore', 'ignore_ament_install']
[0.465s] Level 1:colcon.colcon_core.package_identification:_identify(log) by extension 'ignore'
[0.465s] Level 1:colcon.colcon_core.package_identification:_identify(log) ignored
[0.465s] Level 1:colcon.colcon_core.package_identification:_identify(src) by extensions ['ignore', 'ignore_ament_install']
[0.465s] Level 1:colcon.colcon_core.package_identification:_identify(src) by extension 'ignore'
[0.465s] Level 1:colcon.colcon_core.package_identification:_identify(src) by extension 'ignore_ament_install'
[0.465s] Level 1:colcon.colcon_core.package_identification:_identify(src) by extensions ['colcon_pkg']
[0.466s] Level 1:colcon.colcon_core.package_identification:_identify(src) by extension 'colcon_pkg'
[0.466s] Level 1:colcon.colcon_core.package_identification:_identify(src) by extensions ['colcon_meta']
[0.466s] Level 1:colcon.colcon_core.package_identification:_identify(src) by extension 'colcon_meta'
[0.466s] Level 1:colcon.colcon_core.package_identification:_identify(src) by extensions ['ros']
[0.466s] Level 1:colcon.colcon_core.package_identification:_identify(src) by extension 'ros'
[0.466s] Level 1:colcon.colcon_core.package_identification:_identify(src) by extensions ['cmake', 'python']
[0.466s] Level 1:colcon.colcon_core.package_identification:_identify(src) by extension 'cmake'
[0.466s] Level 1:colcon.colcon_core.package_identification:_identify(src) by extension 'python'
[0.466s] Level 1:colcon.colcon_core.package_identification:_identify(src) by extensions ['python_setup_py']
[0.466s] Level 1:colcon.colcon_core.package_identification:_identify(src) by extension 'python_setup_py'
[0.466s] Level 1:colcon.colcon_core.package_identification:_identify(src/autonav_control) by extensions ['ignore', 'ignore_ament_install']
[0.466s] Level 1:colcon.colcon_core.package_identification:_identify(src/autonav_control) by extension 'ignore'
[0.466s] Level 1:colcon.colcon_core.package_identification:_identify(src/autonav_control) by extension 'ignore_ament_install'
[0.466s] Level 1:colcon.colcon_core.package_identification:_identify(src/autonav_control) by extensions ['colcon_pkg']
[0.466s] Level 1:colcon.colcon_core.package_identification:_identify(src/autonav_control) by extension 'colcon_pkg'
[0.466s] Level 1:colcon.colcon_core.package_identification:_identify(src/autonav_control) by extensions ['colcon_meta']
[0.466s] Level 1:colcon.colcon_core.package_identification:_identify(src/autonav_control) by extension 'colcon_meta'
[0.466s] Level 1:colcon.colcon_core.package_identification:_identify(src/autonav_control) by extensions ['ros']
[0.466s] Level 1:colcon.colcon_core.package_identification:_identify(src/autonav_control) by extension 'ros'
[0.471s] DEBUG:colcon.colcon_core.package_identification:Package 'src/autonav_control' with type 'ros.ament_python' and name 'autonav_control'
[0.472s] Level 1:colcon.colcon_core.package_identification:_identify(src/autonav_description) by extensions ['ignore', 'ignore_ament_install']
[0.472s] Level 1:colcon.colcon_core.package_identification:_identify(src/autonav_description) by extension 'ignore'
[0.472s] Level 1:colcon.colcon_core.package_identification:_identify(src/autonav_description) by extension 'ignore_ament_install'
[0.472s] Level 1:colcon.colcon_core.package_identification:_identify(src/autonav_description) by extensions ['colcon_pkg']
[0.472s] Level 1:colcon.colcon_core.package_identification:_identify(src/autonav_description) by extension 'colcon_pkg'
[0.472s] Level 1:colcon.colcon_core.package_identification:_identify(src/autonav_description) by extensions ['colcon_meta']
[0.472s] Level 1:colcon.colcon_core.package_identification:_identify(src/autonav_description) by extension 'colcon_meta'
[0.472s] Level 1:colcon.colcon_core.package_identification:_identify(src/autonav_description) by extensions ['ros']
[0.472s] Level 1:colcon.colcon_core.package_identification:_identify(src/autonav_description) by extension 'ros'
[0.473s] DEBUG:colcon.colcon_core.package_identification:Package 'src/autonav_description' with type 'ros.ament_python' and name 'autonav_description'
[0.473s] Level 1:colcon.colcon_core.package_identification:_identify(src/autonav_localization) by extensions ['ignore', 'ignore_ament_install']
[0.473s] Level 1:colcon.colcon_core.package_identification:_identify(src/autonav_localization) by extension 'ignore'
[0.473s] Level 1:colcon.colcon_core.package_identification:_identify(src/autonav_localization) by extension 'ignore_ament_install'
[0.473s] Level 1:colcon.colcon_core.package_identification:_identify(src/autonav_localization) by extensions ['colcon_pkg']
[0.473s] Level 1:colcon.colcon_core.package_identification:_identify(src/autonav_localization) by extension 'colcon_pkg'
[0.473s] Level 1:colcon.colcon_core.package_identification:_identify(src/autonav_localization) by extensions ['colcon_meta']
[0.473s] Level 1:colcon.colcon_core.package_identification:_identify(src/autonav_localization) by extension 'colcon_meta'
[0.473s] Level 1:colcon.colcon_core.package_identification:_identify(src/autonav_localization) by extensions ['ros']
[0.473s] Level 1:colcon.colcon_core.package_identification:_identify(src/autonav_localization) by extension 'ros'
[0.474s] DEBUG:colcon.colcon_core.package_identification:Package 'src/autonav_localization' with type 'ros.ament_python' and name 'autonav_localization'
[0.474s] Level 1:colcon.colcon_core.package_identification:_identify(src/autonav_planning) by extensions ['ignore', 'ignore_ament_install']
[0.474s] Level 1:colcon.colcon_core.package_identification:_identify(src/autonav_planning) by extension 'ignore'
[0.474s] Level 1:colcon.colcon_core.package_identification:_identify(src/autonav_planning) by extension 'ignore_ament_install'
[0.474s] Level 1:colcon.colcon_core.package_identification:_identify(src/autonav_planning) by extensions ['colcon_pkg']
[0.474s] Level 1:colcon.colcon_core.package_identification:_identify(src/autonav_planning) by extension 'colcon_pkg'
[0.474s] Level 1:colcon.colcon_core.package_identification:_identify(src/autonav_planning) by extensions ['colcon_meta']
[0.474s] Level 1:colcon.colcon_core.package_identification:_identify(src/autonav_planning) by extension 'colcon_meta'
[0.474s] Level 1:colcon.colcon_core.package_identification:_identify(src/autonav_planning) by extensions ['ros']
[0.474s] Level 1:colcon.colcon_core.package_identification:_identify(src/autonav_planning) by extension 'ros'
[0.475s] DEBUG:colcon.colcon_core.package_identification:Package 'src/autonav_planning' with type 'ros.ament_python' and name 'autonav_planning'
[0.475s] Level 1:colcon.colcon_core.package_identification:_identify(src/imu_pkg) by extensions ['ignore', 'ignore_ament_install']
[0.475s] Level 1:colcon.colcon_core.package_identification:_identify(src/imu_pkg) by extension 'ignore'
[0.475s] Level 1:colcon.colcon_core.package_identification:_identify(src/imu_pkg) by extension 'ignore_ament_install'
[0.475s] Level 1:colcon.colcon_core.package_identification:_identify(src/imu_pkg) by extensions ['colcon_pkg']
[0.475s] Level 1:colcon.colcon_core.package_identification:_identify(src/imu_pkg) by extension 'colcon_pkg'
[0.475s] Level 1:colcon.colcon_core.package_identification:_identify(src/imu_pkg) by extensions ['colcon_meta']
[0.475s] Level 1:colcon.colcon_core.package_identification:_identify(src/imu_pkg) by extension 'colcon_meta'
[0.475s] Level 1:colcon.colcon_core.package_identification:_identify(src/imu_pkg) by extensions ['ros']
[0.475s] Level 1:colcon.colcon_core.package_identification:_identify(src/imu_pkg) by extension 'ros'
[0.476s] DEBUG:colcon.colcon_core.package_identification:Package 'src/imu_pkg' with type 'ros.ament_python' and name 'imu_pkg'
[0.476s] Level 1:colcon.colcon_core.package_identification:_identify(src/odometry_pkg) by extensions ['ignore', 'ignore_ament_install']
[0.476s] Level 1:colcon.colcon_core.package_identification:_identify(src/odometry_pkg) by extension 'ignore'
[0.476s] Level 1:colcon.colcon_core.package_identification:_identify(src/odometry_pkg) by extension 'ignore_ament_install'
[0.476s] Level 1:colcon.colcon_core.package_identification:_identify(src/odometry_pkg) by extensions ['colcon_pkg']
[0.476s] Level 1:colcon.colcon_core.package_identification:_identify(src/odometry_pkg) by extension 'colcon_pkg'
[0.476s] Level 1:colcon.colcon_core.package_identification:_identify(src/odometry_pkg) by extensions ['colcon_meta']
[0.476s] Level 1:colcon.colcon_core.package_identification:_identify(src/odometry_pkg) by extension 'colcon_meta'
[0.476s] Level 1:colcon.colcon_core.package_identification:_identify(src/odometry_pkg) by extensions ['ros']
[0.476s] Level 1:colcon.colcon_core.package_identification:_identify(src/odometry_pkg) by extension 'ros'
[0.477s] DEBUG:colcon.colcon_core.package_identification:Package 'src/odometry_pkg' with type 'ros.ament_python' and name 'odometry_pkg'
[0.477s] Level 1:colcon.colcon_core.package_identification:_identify(src/robot_description_pkg) by extensions ['ignore', 'ignore_ament_install']
[0.477s] Level 1:colcon.colcon_core.package_identification:_identify(src/robot_description_pkg) by extension 'ignore'
[0.477s] Level 1:colcon.colcon_core.package_identification:_identify(src/robot_description_pkg) by extension 'ignore_ament_install'
[0.477s] Level 1:colcon.colcon_core.package_identification:_identify(src/robot_description_pkg) by extensions ['colcon_pkg']
[0.477s] Level 1:colcon.colcon_core.package_identification:_identify(src/robot_description_pkg) by extension 'colcon_pkg'
[0.477s] Level 1:colcon.colcon_core.package_identification:_identify(src/robot_description_pkg) by extensions ['colcon_meta']
[0.477s] Level 1:colcon.colcon_core.package_identification:_identify(src/robot_description_pkg) by extension 'colcon_meta'
[0.477s] Level 1:colcon.colcon_core.package_identification:_identify(src/robot_description_pkg) by extensions ['ros']
[0.477s] Level 1:colcon.colcon_core.package_identification:_identify(src/robot_description_pkg) by extension 'ros'
[0.478s] DEBUG:colcon.colcon_core.package_identification:Package 'src/robot_description_pkg' with type 'ros.ament_python' and name 'robot_description_pkg'
[0.478s] Level 1:colcon.colcon_core.package_identification:_identify(src/slam_pkg) by extensions ['ignore', 'ignore_ament_install']
[0.478s] Level 1:colcon.colcon_core.package_identification:_identify(src/slam_pkg) by extension 'ignore'
[0.478s] Level 1:colcon.colcon_core.package_identification:_identify(src/slam_pkg) by extension 'ignore_ament_install'
[0.478s] Level 1:colcon.colcon_core.package_identification:_identify(src/slam_pkg) by extensions ['colcon_pkg']
[0.478s] Level 1:colcon.colcon_core.package_identification:_identify(src/slam_pkg) by extension 'colcon_pkg'
[0.478s] Level 1:colcon.colcon_core.package_identification:_identify(src/slam_pkg) by extensions ['colcon_meta']
[0.478s] Level 1:colcon.colcon_core.package_identification:_identify(src/slam_pkg) by extension 'colcon_meta'
[0.478s] Level 1:colcon.colcon_core.package_identification:_identify(src/slam_pkg) by extensions ['ros']
[0.478s] Level 1:colcon.colcon_core.package_identification:_identify(src/slam_pkg) by extension 'ros'
[0.479s] DEBUG:colcon.colcon_core.package_identification:Package 'src/slam_pkg' with type 'ros.ament_python' and name 'slam_pkg'
[0.479s] Level 1:colcon.colcon_core.package_identification:_identify(src/visual_odometry_pkg) by extensions ['ignore', 'ignore_ament_install']
[0.479s] Level 1:colcon.colcon_core.package_identification:_identify(src/visual_odometry_pkg) by extension 'ignore'
[0.479s] Level 1:colcon.colcon_core.package_identification:_identify(src/visual_odometry_pkg) by extension 'ignore_ament_install'
[0.479s] Level 1:colcon.colcon_core.package_identification:_identify(src/visual_odometry_pkg) by extensions ['colcon_pkg']
[0.479s] Level 1:colcon.colcon_core.package_identification:_identify(src/visual_odometry_pkg) by extension 'colcon_pkg'
[0.479s] Level 1:colcon.colcon_core.package_identification:_identify(src/visual_odometry_pkg) by extensions ['colcon_meta']
[0.479s] Level 1:colcon.colcon_core.package_identification:_identify(src/visual_odometry_pkg) by extension 'colcon_meta'
[0.479s] Level 1:colcon.colcon_core.package_identification:_identify(src/visual_odometry_pkg) by extensions ['ros']
[0.479s] Level 1:colcon.colcon_core.package_identification:_identify(src/visual_odometry_pkg) by extension 'ros'
[0.480s] DEBUG:colcon.colcon_core.package_identification:Package 'src/visual_odometry_pkg' with type 'ros.ament_python' and name 'visual_odometry_pkg'
[0.480s] Level 1:colcon.colcon_core.package_discovery:discover_packages(recursive) using defaults
[0.480s] Level 1:colcon.colcon_core.package_discovery:discover_packages(ignore) discover
[0.480s] Level 1:colcon.colcon_core.package_discovery:discover_packages(ignore) using defaults
[0.480s] Level 1:colcon.colcon_core.package_discovery:discover_packages(path) discover
[0.480s] Level 1:colcon.colcon_core.package_discovery:discover_packages(path) using defaults
[0.510s] INFO:colcon.colcon_core.package_selection:Skipping not selected package 'autonav_control' in 'src/autonav_control'
[0.510s] INFO:colcon.colcon_core.package_selection:Skipping not selected package 'autonav_description' in 'src/autonav_description'
[0.510s] INFO:colcon.colcon_core.package_selection:Skipping not selected package 'autonav_localization' in 'src/autonav_localization'
[0.510s] INFO:colcon.colcon_core.package_selection:Skipping not selected package 'autonav_planning' in 'src/autonav_planning'
[0.510s] INFO:colcon.colcon_core.package_selection:Skipping not selected package 'imu_pkg' in 'src/imu_pkg'
[0.510s] INFO:colcon.colcon_core.package_selection:Skipping not selected package 'odometry_pkg' in 'src/odometry_pkg'
[0.510s] INFO:colcon.colcon_core.package_selection:Skipping not selected package 'slam_pkg' in 'src/slam_pkg'
[0.510s] INFO:colcon.colcon_core.package_selection:Skipping not selected package 'visual_odometry_pkg' in 'src/visual_odometry_pkg'
[0.511s] Level 1:colcon.colcon_core.package_discovery:discover_packages(prefix_path) check parameters
[0.511s] Level 1:colcon.colcon_core.package_discovery:discover_packages(prefix_path) discover
[0.515s] DEBUG:colcon.colcon_installed_package_information.package_discovery:Found 9 installed packages in /home/yuarajan_s/ros2_ws/install
[0.519s] DEBUG:colcon.colcon_installed_package_information.package_discovery:Found 291 installed packages in /opt/ros/jazzy
[0.524s] Level 1:colcon.colcon_core.package_discovery:discover_packages(prefix_path) using defaults
[0.587s] Level 5:colcon.colcon_core.verb:set package 'robot_description_pkg' build argument 'cmake_args' from command line to 'None'
[0.587s] Level 5:colcon.colcon_core.verb:set package 'robot_description_pkg' build argument 'cmake_target' from command line to 'None'
[0.587s] Level 5:colcon.colcon_core.verb:set package 'robot_description_pkg' build argument 'cmake_target_skip_unavailable' from command line to 'False'
[0.587s] Level 5:colcon.colcon_core.verb:set package 'robot_description_pkg' build argument 'cmake_clean_cache' from command line to 'False'
[0.587s] Level 5:colcon.colcon_core.verb:set package 'robot_description_pkg' build argument 'cmake_clean_first' from command line to 'False'
[0.587s] Level 5:colcon.colcon_core.verb:set package 'robot_description_pkg' build argument 'cmake_force_configure' from command line to 'False'
[0.587s] Level 5:colcon.colcon_core.verb:set package 'robot_description_pkg' build argument 'ament_cmake_args' from command line to 'None'
[0.587s] Level 5:colcon.colcon_core.verb:set package 'robot_description_pkg' build argument 'catkin_cmake_args' from command line to 'None'
[0.587s] Level 5:colcon.colcon_core.verb:set package 'robot_description_pkg' build argument 'catkin_skip_building_tests' from command line to 'False'
[0.587s] DEBUG:colcon.colcon_core.verb:Building package 'robot_description_pkg' with the following arguments: {'ament_cmake_args': None, 'build_base': '/home/yuarajan_s/ros2_ws/build/robot_description_pkg', 'catkin_cmake_args': None, 'catkin_skip_building_tests': False, 'cmake_args': None, 'cmake_clean_cache': False, 'cmake_clean_first': False, 'cmake_force_configure': False, 'cmake_target': None, 'cmake_target_skip_unavailable': False, 'install_base': '/home/yuarajan_s/ros2_ws/install/robot_description_pkg', 'merge_install': False, 'path': '/home/yuarajan_s/ros2_ws/src/robot_description_pkg', 'symlink_install': False, 'test_result_base': None}
[0.587s] INFO:colcon.colcon_core.executor:Executing jobs using 'parallel' executor
[0.589s] DEBUG:colcon.colcon_parallel_executor.executor.parallel:run_until_complete
[0.590s] INFO:colcon.colcon_ros.task.ament_python.build:Building ROS package in '/home/yuarajan_s/ros2_ws/src/robot_description_pkg' with build type 'ament_python'
[0.590s] Level 1:colcon.colcon_core.shell:create_environment_hook('robot_description_pkg', 'ament_prefix_path')
[0.593s] INFO:colcon.colcon_core.plugin_system:Skipping extension 'colcon_core.shell.bat': Not used on non-Windows systems
[0.593s] INFO:colcon.colcon_core.shell:Creating environment hook '/home/yuarajan_s/ros2_ws/install/robot_description_pkg/share/robot_description_pkg/hook/ament_prefix_path.ps1'
[0.594s] INFO:colcon.colcon_core.shell:Creating environment descriptor '/home/yuarajan_s/ros2_ws/install/robot_description_pkg/share/robot_description_pkg/hook/ament_prefix_path.dsv'
[0.594s] INFO:colcon.colcon_core.shell:Creating environment hook '/home/yuarajan_s/ros2_ws/install/robot_description_pkg/share/robot_description_pkg/hook/ament_prefix_path.sh'
[0.595s] INFO:colcon.colcon_core.shell:Skip shell extension 'powershell' for command environment: Not usable outside of PowerShell
[0.595s] DEBUG:colcon.colcon_core.shell:Skip shell extension 'dsv' for command environment
[1.012s] INFO:colcon.colcon_core.task.python.build:Building Python package in '/home/yuarajan_s/ros2_ws/src/robot_description_pkg'
[1.012s] INFO:colcon.colcon_core.shell:Skip shell extension 'powershell' for command environment: Not usable outside of PowerShell
[1.012s] DEBUG:colcon.colcon_core.shell:Skip shell extension 'dsv' for command environment
[2.239s] DEBUG:colcon.colcon_core.event_handler.log_command:Invoking command in '/home/yuarajan_s/ros2_ws/src/robot_description_pkg': PYTHONPATH=/home/yuarajan_s/ros2_ws/build/robot_description_pkg/prefix_override:/usr/lib/python3/dist-packages/colcon_core/task/python/colcon_distutils_commands:/home/yuarajan_s/ros2_ws/install/robot_description_pkg/lib/python3.12/site-packages:${PYTHONPATH} /usr/bin/python3 -W ignore:setup.py install is deprecated -W ignore:easy_install command is deprecated setup.py egg_info --egg-base ../../build/robot_description_pkg build --build-base /home/yuarajan_s/ros2_ws/build/robot_description_pkg/build install --record /home/yuarajan_s/ros2_ws/build/robot_description_pkg/install.log --single-version-externally-managed install_data
[3.183s] DEBUG:colcon.colcon_core.event_handler.log_command:Invoked command in '/home/yuarajan_s/ros2_ws/src/robot_description_pkg' returned '0': PYTHONPATH=/home/yuarajan_s/ros2_ws/build/robot_description_pkg/prefix_override:/usr/lib/python3/dist-packages/colcon_core/task/python/colcon_distutils_commands:/home/yuarajan_s/ros2_ws/install/robot_description_pkg/lib/python3.12/site-packages:${PYTHONPATH} /usr/bin/python3 -W ignore:setup.py install is deprecated -W ignore:easy_install command is deprecated setup.py egg_info --egg-base ../../build/robot_description_pkg build --build-base /home/yuarajan_s/ros2_ws/build/robot_description_pkg/build install --record /home/yuarajan_s/ros2_ws/build/robot_description_pkg/install.log --single-version-externally-managed install_data
[3.185s] Level 1:colcon.colcon_core.environment:checking '/home/yuarajan_s/ros2_ws/install/robot_description_pkg' for CMake module files
[3.185s] Level 1:colcon.colcon_core.environment:checking '/home/yuarajan_s/ros2_ws/install/robot_description_pkg' for CMake config files
[3.187s] Level 1:colcon.colcon_core.environment:checking '/home/yuarajan_s/ros2_ws/install/robot_description_pkg/lib'
[3.187s] Level 1:colcon.colcon_core.environment:checking '/home/yuarajan_s/ros2_ws/install/robot_description_pkg/bin'
[3.187s] Level 1:colcon.colcon_core.environment:checking '/home/yuarajan_s/ros2_ws/install/robot_description_pkg/lib/pkgconfig/robot_description_pkg.pc'
[3.187s] Level 1:colcon.colcon_core.environment:checking '/home/yuarajan_s/ros2_ws/install/robot_description_pkg/lib/python3.12/site-packages'
[3.188s] Level 1:colcon.colcon_core.shell:create_environment_hook('robot_description_pkg', 'pythonpath')
[3.188s] INFO:colcon.colcon_core.shell:Creating environment hook '/home/yuarajan_s/ros2_ws/install/robot_description_pkg/share/robot_description_pkg/hook/pythonpath.ps1'
[3.191s] INFO:colcon.colcon_core.shell:Creating environment descriptor '/home/yuarajan_s/ros2_ws/install/robot_description_pkg/share/robot_description_pkg/hook/pythonpath.dsv'
[3.192s] INFO:colcon.colcon_core.shell:Creating environment hook '/home/yuarajan_s/ros2_ws/install/robot_description_pkg/share/robot_description_pkg/hook/pythonpath.sh'
[3.193s] Level 1:colcon.colcon_core.environment:checking '/home/yuarajan_s/ros2_ws/install/robot_description_pkg/bin'
[3.193s] Level 1:colcon.colcon_core.environment:create_environment_scripts_only(robot_description_pkg)
[3.194s] INFO:colcon.colcon_core.shell:Creating package script '/home/yuarajan_s/ros2_ws/install/robot_description_pkg/share/robot_description_pkg/package.ps1'
[3.195s] INFO:colcon.colcon_core.shell:Creating package descriptor '/home/yuarajan_s/ros2_ws/install/robot_description_pkg/share/robot_description_pkg/package.dsv'
[3.196s] INFO:colcon.colcon_core.shell:Creating package script '/home/yuarajan_s/ros2_ws/install/robot_description_pkg/share/robot_description_pkg/package.sh'
[3.196s] INFO:colcon.colcon_core.shell:Creating package script '/home/yuarajan_s/ros2_ws/install/robot_description_pkg/share/robot_description_pkg/package.bash'
[3.197s] INFO:colcon.colcon_core.shell:Creating package script '/home/yuarajan_s/ros2_ws/install/robot_description_pkg/share/robot_description_pkg/package.zsh'
[3.198s] Level 1:colcon.colcon_core.environment:create_file_with_runtime_dependencies(/home/yuarajan_s/ros2_ws/install/robot_description_pkg/share/colcon-core/packages/robot_description_pkg)
[3.198s] DEBUG:colcon.colcon_parallel_executor.executor.parallel:closing loop
[3.199s] DEBUG:colcon.colcon_parallel_executor.executor.parallel:loop closed
[3.199s] DEBUG:colcon.colcon_parallel_executor.executor.parallel:run_until_complete finished with '0'
[3.199s] DEBUG:colcon.colcon_core.event_reactor:joining thread
[3.293s] INFO:colcon.colcon_core.plugin_system:Skipping extension 'colcon_notification.desktop_notification.notify_send': Could not find 'notify-send'
[3.293s] INFO:colcon.colcon_core.plugin_system:Skipping extension 'colcon_notification.desktop_notification.terminal_notifier': Not used on non-Darwin systems
[3.293s] INFO:colcon.colcon_core.plugin_system:Skipping extension 'colcon_notification.desktop_notification.win32': Not used on non-Windows systems
[3.293s] INFO:colcon.colcon_notification.desktop_notification:Sending desktop notification using 'notify2'
[3.294s] DEBUG:colcon.colcon_notification.desktop_notification.notify2:Failed to initialize notify2: org.freedesktop.DBus.Error.ServiceUnknown: The name org.freedesktop.Notifications was not provided by any .service files
[3.294s] DEBUG:colcon.colcon_core.event_reactor:joined thread
[3.295s] INFO:colcon.colcon_core.shell:Creating prefix script '/home/yuarajan_s/ros2_ws/install/local_setup.ps1'
[3.296s] INFO:colcon.colcon_core.shell:Creating prefix util module '/home/yuarajan_s/ros2_ws/install/_local_setup_util_ps1.py'
[3.300s] INFO:colcon.colcon_core.shell:Creating prefix chain script '/home/yuarajan_s/ros2_ws/install/setup.ps1'
[3.303s] INFO:colcon.colcon_core.shell:Creating prefix script '/home/yuarajan_s/ros2_ws/install/local_setup.sh'
[3.304s] INFO:colcon.colcon_core.shell:Creating prefix util module '/home/yuarajan_s/ros2_ws/install/_local_setup_util_sh.py'
[3.305s] INFO:colcon.colcon_core.shell:Creating prefix chain script '/home/yuarajan_s/ros2_ws/install/setup.sh'
[3.306s] INFO:colcon.colcon_core.shell:Creating prefix script '/home/yuarajan_s/ros2_ws/install/local_setup.bash'
[3.307s] INFO:colcon.colcon_core.shell:Creating prefix chain script '/home/yuarajan_s/ros2_ws/install/setup.bash'
[3.308s] INFO:colcon.colcon_core.shell:Creating prefix script '/home/yuarajan_s/ros2_ws/install/local_setup.zsh'
[3.309s] INFO:colcon.colcon_core.shell:Creating prefix chain script '/home/yuarajan_s/ros2_ws/install/setup.zsh'
