[0.840s] Invoking command in '/home/yuarajan_s/ros2_ws/build/slam_pkg': PYTHONPATH=/home/yuarajan_s/ros2_ws/build/slam_pkg/prefix_override:/usr/lib/python3/dist-packages/colcon_core/task/python/colcon_distutils_commands:/home/yuarajan_s/ros2_ws/install/slam_pkg/lib/python3.12/site-packages:${PYTHONPATH} /usr/bin/python3 -W ignore:setup.py install is deprecated -W ignore:easy_install command is deprecated setup.py develop --editable --build-directory /home/yuarajan_s/ros2_ws/build/slam_pkg/build --no-deps symlink_data
[1.168s] running develop
[1.348s] running egg_info
[1.369s] writing slam_pkg.egg-info/PKG-INFO
[1.369s] writing dependency_links to slam_pkg.egg-info/dependency_links.txt
[1.369s] writing entry points to slam_pkg.egg-info/entry_points.txt
[1.370s] writing requirements to slam_pkg.egg-info/requires.txt
[1.370s] writing top-level names to slam_pkg.egg-info/top_level.txt
[1.405s] reading manifest file 'slam_pkg.egg-info/SOURCES.txt'
[1.406s] writing manifest file 'slam_pkg.egg-info/SOURCES.txt'
[1.427s] running build_ext
[1.427s] Creating /home/yuarajan_s/ros2_ws/install/slam_pkg/lib/python3.12/site-packages/slam-pkg.egg-link (link to .)
[1.428s] Installing data_association script to /home/yuarajan_s/ros2_ws/install/slam_pkg/lib/slam_pkg
[1.429s] Installing ekf_slam script to /home/yuarajan_s/ros2_ws/install/slam_pkg/lib/slam_pkg
[1.429s] Installing graph_slam_backend script to /home/yuarajan_s/ros2_ws/install/slam_pkg/lib/slam_pkg
[1.429s] Installing landmark_covariance script to /home/yuarajan_s/ros2_ws/install/slam_pkg/lib/slam_pkg
[1.429s] Installing landmark_detector script to /home/yuarajan_s/ros2_ws/install/slam_pkg/lib/slam_pkg
[1.429s] Installing loop_closure script to /home/yuarajan_s/ros2_ws/install/slam_pkg/lib/slam_pkg
[1.430s] Installing occupancy_grid_slam script to /home/yuarajan_s/ros2_ws/install/slam_pkg/lib/slam_pkg
[1.430s] Installing pose_graph script to /home/yuarajan_s/ros2_ws/install/slam_pkg/lib/slam_pkg
[1.430s] Installing slam_metrics script to /home/yuarajan_s/ros2_ws/install/slam_pkg/lib/slam_pkg
[1.431s] 
[1.431s] Installed /home/yuarajan_s/ros2_ws/build/slam_pkg
[1.431s] running symlink_data
[1.471s] Invoked command in '/home/yuarajan_s/ros2_ws/build/slam_pkg' returned '0': PYTHONPATH=/home/yuarajan_s/ros2_ws/build/slam_pkg/prefix_override:/usr/lib/python3/dist-packages/colcon_core/task/python/colcon_distutils_commands:/home/yuarajan_s/ros2_ws/install/slam_pkg/lib/python3.12/site-packages:${PYTHONPATH} /usr/bin/python3 -W ignore:setup.py install is deprecated -W ignore:easy_install command is deprecated setup.py develop --editable --build-directory /home/yuarajan_s/ros2_ws/build/slam_pkg/build --no-deps symlink_data
