/home/yuarajan_s/ros2_ws/install/visual_odometry_pkg/lib/python3.12/site-packages/visual_odometry_pkg/feature_matcher.py
/home/yuarajan_s/ros2_ws/install/visual_odometry_pkg/lib/python3.12/site-packages/visual_odometry_pkg/visual_odometry.py
/home/yuarajan_s/ros2_ws/install/visual_odometry_pkg/lib/python3.12/site-packages/visual_odometry_pkg/depth_estimator.py
/home/yuarajan_s/ros2_ws/install/visual_odometry_pkg/lib/python3.12/site-packages/visual_odometry_pkg/visual_place_recognition.py
/home/yuarajan_s/ros2_ws/install/visual_odometry_pkg/lib/python3.12/site-packages/visual_odometry_pkg/stereo_vision.py
/home/yuarajan_s/ros2_ws/install/visual_odometry_pkg/lib/python3.12/site-packages/visual_odometry_pkg/ransac_feature_matching.py
/home/yuarajan_s/ros2_ws/install/visual_odometry_pkg/lib/python3.12/site-packages/visual_odometry_pkg/orb_feature_extractor.py
/home/yuarajan_s/ros2_ws/install/visual_odometry_pkg/lib/python3.12/site-packages/visual_odometry_pkg/monocular_visual_odometry.py
/home/yuarajan_s/ros2_ws/install/visual_odometry_pkg/lib/python3.12/site-packages/visual_odometry_pkg/__init__.py
/home/yuarajan_s/ros2_ws/install/visual_odometry_pkg/lib/python3.12/site-packages/visual_odometry_pkg/visual_slam.py
/home/yuarajan_s/ros2_ws/install/visual_odometry_pkg/lib/python3.12/site-packages/visual_odometry_pkg/essential_matrix_estimator.py
/home/yuarajan_s/ros2_ws/install/visual_odometry_pkg/lib/python3.12/site-packages/visual_odometry_pkg/stereo_camera_publisher.py
/home/yuarajan_s/ros2_ws/install/visual_odometry_pkg/lib/python3.12/site-packages/visual_odometry_pkg/vision_loop_closure.py
/home/yuarajan_s/ros2_ws/install/visual_odometry_pkg/lib/python3.12/site-packages/visual_odometry_pkg/__pycache__/feature_matcher.cpython-312.pyc
/home/yuarajan_s/ros2_ws/install/visual_odometry_pkg/lib/python3.12/site-packages/visual_odometry_pkg/__pycache__/visual_odometry.cpython-312.pyc
/home/yuarajan_s/ros2_ws/install/visual_odometry_pkg/lib/python3.12/site-packages/visual_odometry_pkg/__pycache__/depth_estimator.cpython-312.pyc
/home/yuarajan_s/ros2_ws/install/visual_odometry_pkg/lib/python3.12/site-packages/visual_odometry_pkg/__pycache__/visual_place_recognition.cpython-312.pyc
/home/yuarajan_s/ros2_ws/install/visual_odometry_pkg/lib/python3.12/site-packages/visual_odometry_pkg/__pycache__/stereo_vision.cpython-312.pyc
/home/yuarajan_s/ros2_ws/install/visual_odometry_pkg/lib/python3.12/site-packages/visual_odometry_pkg/__pycache__/ransac_feature_matching.cpython-312.pyc
/home/yuarajan_s/ros2_ws/install/visual_odometry_pkg/lib/python3.12/site-packages/visual_odometry_pkg/__pycache__/orb_feature_extractor.cpython-312.pyc
/home/yuarajan_s/ros2_ws/install/visual_odometry_pkg/lib/python3.12/site-packages/visual_odometry_pkg/__pycache__/monocular_visual_odometry.cpython-312.pyc
/home/yuarajan_s/ros2_ws/install/visual_odometry_pkg/lib/python3.12/site-packages/visual_odometry_pkg/__pycache__/__init__.cpython-312.pyc
/home/yuarajan_s/ros2_ws/install/visual_odometry_pkg/lib/python3.12/site-packages/visual_odometry_pkg/__pycache__/visual_slam.cpython-312.pyc
/home/yuarajan_s/ros2_ws/install/visual_odometry_pkg/lib/python3.12/site-packages/visual_odometry_pkg/__pycache__/essential_matrix_estimator.cpython-312.pyc
/home/yuarajan_s/ros2_ws/install/visual_odometry_pkg/lib/python3.12/site-packages/visual_odometry_pkg/__pycache__/stereo_camera_publisher.cpython-312.pyc
/home/yuarajan_s/ros2_ws/install/visual_odometry_pkg/lib/python3.12/site-packages/visual_odometry_pkg/__pycache__/vision_loop_closure.cpython-312.pyc
/home/yuarajan_s/ros2_ws/install/visual_odometry_pkg/share/ament_index/resource_index/packages/visual_odometry_pkg
/home/yuarajan_s/ros2_ws/install/visual_odometry_pkg/share/visual_odometry_pkg/package.xml
/home/yuarajan_s/ros2_ws/install/visual_odometry_pkg/lib/python3.12/site-packages/visual_odometry_pkg-0.0.0-py3.12.egg-info/top_level.txt
/home/yuarajan_s/ros2_ws/install/visual_odometry_pkg/lib/python3.12/site-packages/visual_odometry_pkg-0.0.0-py3.12.egg-info/SOURCES.txt
/home/yuarajan_s/ros2_ws/install/visual_odometry_pkg/lib/python3.12/site-packages/visual_odometry_pkg-0.0.0-py3.12.egg-info/requires.txt
/home/yuarajan_s/ros2_ws/install/visual_odometry_pkg/lib/python3.12/site-packages/visual_odometry_pkg-0.0.0-py3.12.egg-info/dependency_links.txt
/home/yuarajan_s/ros2_ws/install/visual_odometry_pkg/lib/python3.12/site-packages/visual_odometry_pkg-0.0.0-py3.12.egg-info/entry_points.txt
/home/yuarajan_s/ros2_ws/install/visual_odometry_pkg/lib/python3.12/site-packages/visual_odometry_pkg-0.0.0-py3.12.egg-info/zip-safe
/home/yuarajan_s/ros2_ws/install/visual_odometry_pkg/lib/python3.12/site-packages/visual_odometry_pkg-0.0.0-py3.12.egg-info/PKG-INFO
/home/yuarajan_s/ros2_ws/install/visual_odometry_pkg/lib/visual_odometry_pkg/depth_estimator
/home/yuarajan_s/ros2_ws/install/visual_odometry_pkg/lib/visual_odometry_pkg/essential_matrix_estimator
/home/yuarajan_s/ros2_ws/install/visual_odometry_pkg/lib/visual_odometry_pkg/feature_matcher
/home/yuarajan_s/ros2_ws/install/visual_odometry_pkg/lib/visual_odometry_pkg/monocular_visual_odometry
/home/yuarajan_s/ros2_ws/install/visual_odometry_pkg/lib/visual_odometry_pkg/orb_feature_extractor
/home/yuarajan_s/ros2_ws/install/visual_odometry_pkg/lib/visual_odometry_pkg/ransac_feature_matching
/home/yuarajan_s/ros2_ws/install/visual_odometry_pkg/lib/visual_odometry_pkg/stereo_camera_publisher
/home/yuarajan_s/ros2_ws/install/visual_odometry_pkg/lib/visual_odometry_pkg/stereo_vision
/home/yuarajan_s/ros2_ws/install/visual_odometry_pkg/lib/visual_odometry_pkg/vision_loop_closure
/home/yuarajan_s/ros2_ws/install/visual_odometry_pkg/lib/visual_odometry_pkg/visual_odometry
/home/yuarajan_s/ros2_ws/install/visual_odometry_pkg/lib/visual_odometry_pkg/visual_place_recognition
/home/yuarajan_s/ros2_ws/install/visual_odometry_pkg/lib/visual_odometry_pkg/visual_slam
