[4.940s] Invoking command in '/home/yuarajan_s/ros2_ws/src/imu_pkg': PYTHONPATH=/home/yuarajan_s/ros2_ws/build/imu_pkg/prefix_override:/usr/lib/python3/dist-packages/colcon_core/task/python/colcon_distutils_commands:/home/yuarajan_s/ros2_ws/install/imu_pkg/lib/python3.12/site-packages:${PYTHONPATH} /usr/bin/python3 -W ignore:setup.py install is deprecated -W ignore:easy_install command is deprecated setup.py egg_info --egg-base ../../build/imu_pkg build --build-base /home/yuarajan_s/ros2_ws/build/imu_pkg/build install --record /home/yuarajan_s/ros2_ws/build/imu_pkg/install.log --single-version-externally-managed install_data
[5.416s] running egg_info
[5.451s] writing ../../build/imu_pkg/imu_pkg.egg-info/PKG-INFO
[5.451s] writing dependency_links to ../../build/imu_pkg/imu_pkg.egg-info/dependency_links.txt
[5.452s] writing entry points to ../../build/imu_pkg/imu_pkg.egg-info/entry_points.txt
[5.452s] writing requirements to ../../build/imu_pkg/imu_pkg.egg-info/requires.txt
[5.452s] writing top-level names to ../../build/imu_pkg/imu_pkg.egg-info/top_level.txt
[5.519s] reading manifest file '../../build/imu_pkg/imu_pkg.egg-info/SOURCES.txt'
[5.521s] writing manifest file '../../build/imu_pkg/imu_pkg.egg-info/SOURCES.txt'
[5.524s] running build
[5.524s] running build_py
[5.524s] running install
[5.535s] running install_lib
[5.568s] running install_data
[5.569s] running install_egg_info
[5.613s] removing '/home/yuarajan_s/ros2_ws/install/imu_pkg/lib/python3.12/site-packages/imu_pkg-0.0.0-py3.12.egg-info' (and everything under it)
[5.613s] Copying ../../build/imu_pkg/imu_pkg.egg-info to /home/yuarajan_s/ros2_ws/install/imu_pkg/lib/python3.12/site-packages/imu_pkg-0.0.0-py3.12.egg-info
[5.614s] running install_scripts
[5.823s] Installing imu_publisher script to /home/yuarajan_s/ros2_ws/install/imu_pkg/lib/imu_pkg
[5.823s] writing list of installed files to '/home/yuarajan_s/ros2_ws/build/imu_pkg/install.log'
[5.969s] Invoked command in '/home/yuarajan_s/ros2_ws/src/imu_pkg' returned '0': PYTHONPATH=/home/yuarajan_s/ros2_ws/build/imu_pkg/prefix_override:/usr/lib/python3/dist-packages/colcon_core/task/python/colcon_distutils_commands:/home/yuarajan_s/ros2_ws/install/imu_pkg/lib/python3.12/site-packages:${PYTHONPATH} /usr/bin/python3 -W ignore:setup.py install is deprecated -W ignore:easy_install command is deprecated setup.py egg_info --egg-base ../../build/imu_pkg build --build-base /home/yuarajan_s/ros2_ws/build/imu_pkg/build install --record /home/yuarajan_s/ros2_ws/build/imu_pkg/install.log --single-version-externally-managed install_data
