[0.841s] Invoking command in '/home/yuarajan_s/ros2_ws/build/visual_odometry_pkg': PYTHONPATH=/home/yuarajan_s/ros2_ws/build/visual_odometry_pkg/prefix_override:/usr/lib/python3/dist-packages/colcon_core/task/python/colcon_distutils_commands:/home/yuarajan_s/ros2_ws/install/visual_odometry_pkg/lib/python3.12/site-packages:${PYTHONPATH} /usr/bin/python3 -W ignore:setup.py install is deprecated -W ignore:easy_install command is deprecated setup.py develop --editable --build-directory /home/yuarajan_s/ros2_ws/build/visual_odometry_pkg/build --no-deps symlink_data --force
[1.166s] running develop
[1.350s] running egg_info
[1.366s] writing visual_odometry_pkg.egg-info/PKG-INFO
[1.367s] writing dependency_links to visual_odometry_pkg.egg-info/dependency_links.txt
[1.368s] writing entry points to visual_odometry_pkg.egg-info/entry_points.txt
[1.369s] writing requirements to visual_odometry_pkg.egg-info/requires.txt
[1.369s] writing top-level names to visual_odometry_pkg.egg-info/top_level.txt
[1.404s] reading manifest file 'visual_odometry_pkg.egg-info/SOURCES.txt'
[1.406s] writing manifest file 'visual_odometry_pkg.egg-info/SOURCES.txt'
[1.426s] running build_ext
[1.426s] Creating /home/yuarajan_s/ros2_ws/install/visual_odometry_pkg/lib/python3.12/site-packages/visual-odometry-pkg.egg-link (link to .)
[1.426s] Installing orb_feature_extractor script to /home/yuarajan_s/ros2_ws/install/visual_odometry_pkg/lib/visual_odometry_pkg
[1.427s] Installing visual_odometry script to /home/yuarajan_s/ros2_ws/install/visual_odometry_pkg/lib/visual_odometry_pkg
[1.428s] 
[1.428s] Installed /home/yuarajan_s/ros2_ws/build/visual_odometry_pkg
[1.428s] running symlink_data
[1.428s] symbolically linking /home/yuarajan_s/ros2_ws/build/visual_odometry_pkg/resource/visual_odometry_pkg -> /home/yuarajan_s/ros2_ws/install/visual_odometry_pkg/share/ament_index/resource_index/packages
[1.429s] symbolically linking /home/yuarajan_s/ros2_ws/build/visual_odometry_pkg/package.xml -> /home/yuarajan_s/ros2_ws/install/visual_odometry_pkg/share/visual_odometry_pkg
[1.469s] Invoked command in '/home/yuarajan_s/ros2_ws/build/visual_odometry_pkg' returned '0': PYTHONPATH=/home/yuarajan_s/ros2_ws/build/visual_odometry_pkg/prefix_override:/usr/lib/python3/dist-packages/colcon_core/task/python/colcon_distutils_commands:/home/yuarajan_s/ros2_ws/install/visual_odometry_pkg/lib/python3.12/site-packages:${PYTHONPATH} /usr/bin/python3 -W ignore:setup.py install is deprecated -W ignore:easy_install command is deprecated setup.py develop --editable --build-directory /home/yuarajan_s/ros2_ws/build/visual_odometry_pkg/build --no-deps symlink_data --force
