/home/yuarajan_s/ros2_ws/install/slam_pkg/lib/python3.12/site-packages/slam_pkg/occupancy_grid_slam.py
/home/yuarajan_s/ros2_ws/install/slam_pkg/lib/python3.12/site-packages/slam_pkg/data_association.py
/home/yuarajan_s/ros2_ws/install/slam_pkg/lib/python3.12/site-packages/slam_pkg/pose_graph.py
/home/yuarajan_s/ros2_ws/install/slam_pkg/lib/python3.12/site-packages/slam_pkg/landmark_covariance.py
/home/yuarajan_s/ros2_ws/install/slam_pkg/lib/python3.12/site-packages/slam_pkg/landmark_detector.py
/home/yuarajan_s/ros2_ws/install/slam_pkg/lib/python3.12/site-packages/slam_pkg/ekf_slam.py
/home/yuarajan_s/ros2_ws/install/slam_pkg/lib/python3.12/site-packages/slam_pkg/loop_closure.py
/home/yuarajan_s/ros2_ws/install/slam_pkg/lib/python3.12/site-packages/slam_pkg/__init__.py
/home/yuarajan_s/ros2_ws/install/slam_pkg/lib/python3.12/site-packages/slam_pkg/slam_metrics.py
/home/yuarajan_s/ros2_ws/install/slam_pkg/lib/python3.12/site-packages/slam_pkg/graph_slam_backend.py
/home/yuarajan_s/ros2_ws/install/slam_pkg/lib/python3.12/site-packages/slam_pkg/__pycache__/occupancy_grid_slam.cpython-312.pyc
/home/yuarajan_s/ros2_ws/install/slam_pkg/lib/python3.12/site-packages/slam_pkg/__pycache__/data_association.cpython-312.pyc
/home/yuarajan_s/ros2_ws/install/slam_pkg/lib/python3.12/site-packages/slam_pkg/__pycache__/pose_graph.cpython-312.pyc
/home/yuarajan_s/ros2_ws/install/slam_pkg/lib/python3.12/site-packages/slam_pkg/__pycache__/landmark_covariance.cpython-312.pyc
/home/yuarajan_s/ros2_ws/install/slam_pkg/lib/python3.12/site-packages/slam_pkg/__pycache__/landmark_detector.cpython-312.pyc
/home/yuarajan_s/ros2_ws/install/slam_pkg/lib/python3.12/site-packages/slam_pkg/__pycache__/ekf_slam.cpython-312.pyc
/home/yuarajan_s/ros2_ws/install/slam_pkg/lib/python3.12/site-packages/slam_pkg/__pycache__/loop_closure.cpython-312.pyc
/home/yuarajan_s/ros2_ws/install/slam_pkg/lib/python3.12/site-packages/slam_pkg/__pycache__/__init__.cpython-312.pyc
/home/yuarajan_s/ros2_ws/install/slam_pkg/lib/python3.12/site-packages/slam_pkg/__pycache__/slam_metrics.cpython-312.pyc
/home/yuarajan_s/ros2_ws/install/slam_pkg/lib/python3.12/site-packages/slam_pkg/__pycache__/graph_slam_backend.cpython-312.pyc
/home/yuarajan_s/ros2_ws/install/slam_pkg/share/ament_index/resource_index/packages/slam_pkg
/home/yuarajan_s/ros2_ws/install/slam_pkg/share/slam_pkg/package.xml
/home/yuarajan_s/ros2_ws/install/slam_pkg/lib/python3.12/site-packages/slam_pkg-0.0.0-py3.12.egg-info/top_level.txt
/home/yuarajan_s/ros2_ws/install/slam_pkg/lib/python3.12/site-packages/slam_pkg-0.0.0-py3.12.egg-info/SOURCES.txt
/home/yuarajan_s/ros2_ws/install/slam_pkg/lib/python3.12/site-packages/slam_pkg-0.0.0-py3.12.egg-info/requires.txt
/home/yuarajan_s/ros2_ws/install/slam_pkg/lib/python3.12/site-packages/slam_pkg-0.0.0-py3.12.egg-info/dependency_links.txt
/home/yuarajan_s/ros2_ws/install/slam_pkg/lib/python3.12/site-packages/slam_pkg-0.0.0-py3.12.egg-info/entry_points.txt
/home/yuarajan_s/ros2_ws/install/slam_pkg/lib/python3.12/site-packages/slam_pkg-0.0.0-py3.12.egg-info/zip-safe
/home/yuarajan_s/ros2_ws/install/slam_pkg/lib/python3.12/site-packages/slam_pkg-0.0.0-py3.12.egg-info/PKG-INFO
/home/yuarajan_s/ros2_ws/install/slam_pkg/lib/slam_pkg/data_association
/home/yuarajan_s/ros2_ws/install/slam_pkg/lib/slam_pkg/ekf_slam
/home/yuarajan_s/ros2_ws/install/slam_pkg/lib/slam_pkg/graph_slam_backend
/home/yuarajan_s/ros2_ws/install/slam_pkg/lib/slam_pkg/landmark_covariance
/home/yuarajan_s/ros2_ws/install/slam_pkg/lib/slam_pkg/landmark_detector
/home/yuarajan_s/ros2_ws/install/slam_pkg/lib/slam_pkg/loop_closure
/home/yuarajan_s/ros2_ws/install/slam_pkg/lib/slam_pkg/occupancy_grid_slam
/home/yuarajan_s/ros2_ws/install/slam_pkg/lib/slam_pkg/pose_graph
/home/yuarajan_s/ros2_ws/install/slam_pkg/lib/slam_pkg/slam_metrics
