running egg_info
creating ../../build/autonav_description/autonav_description.egg-info
writing ../../build/autonav_description/autonav_description.egg-info/PKG-INFO
writing dependency_links to ../../build/autonav_description/autonav_description.egg-info/dependency_links.txt
writing top-level names to ../../build/autonav_description/autonav_description.egg-info/top_level.txt
writing manifest file '../../build/autonav_description/autonav_description.egg-info/SOURCES.txt'
reading manifest file '../../build/autonav_description/autonav_description.egg-info/SOURCES.txt'
writing manifest file '../../build/autonav_description/autonav_description.egg-info/SOURCES.txt'
running build
running build_py
creating /home/yuarajan_s/ros2_ws/build/autonav_description/build
creating /home/yuarajan_s/ros2_ws/build/autonav_description/build/lib
creating /home/yuarajan_s/ros2_ws/build/autonav_description/build/lib/autonav_description
copying autonav_description/__init__.py -> /home/yuarajan_s/ros2_ws/build/autonav_description/build/lib/autonav_description
running install
running install_lib
creating /home/yuarajan_s/ros2_ws/install/autonav_description/lib/python3.12/site-packages/autonav_description
copying /home/yuarajan_s/ros2_ws/build/autonav_description/build/lib/autonav_description/__init__.py -> /home/yuarajan_s/ros2_ws/install/autonav_description/lib/python3.12/site-packages/autonav_description
byte-compiling /home/yuarajan_s/ros2_ws/install/autonav_description/lib/python3.12/site-packages/autonav_description/__init__.py to __init__.cpython-312.pyc
running install_data
creating /home/yuarajan_s/ros2_ws/install/autonav_description/share/ament_index
creating /home/yuarajan_s/ros2_ws/install/autonav_description/share/ament_index/resource_index
creating /home/yuarajan_s/ros2_ws/install/autonav_description/share/ament_index/resource_index/packages
copying resource/autonav_description -> /home/yuarajan_s/ros2_ws/install/autonav_description/share/ament_index/resource_index/packages
copying package.xml -> /home/yuarajan_s/ros2_ws/install/autonav_description/share/autonav_description
creating /home/yuarajan_s/ros2_ws/install/autonav_description/share/autonav_description/urdf
copying urdf/robot.urdf -> /home/yuarajan_s/ros2_ws/install/autonav_description/share/autonav_description/urdf
running install_egg_info
Copying ../../build/autonav_description/autonav_description.egg-info to /home/yuarajan_s/ros2_ws/install/autonav_description/lib/python3.12/site-packages/autonav_description-0.0.0-py3.12.egg-info
running install_scripts
writing list of installed files to '/home/yuarajan_s/ros2_ws/build/autonav_description/install.log'
