[3.610s] Invoking command in '/home/yuarajan_s/ros2_ws/src/autonav_description': PYTHONPATH=/home/yuarajan_s/ros2_ws/build/autonav_description/prefix_override:/usr/lib/python3/dist-packages/colcon_core/task/python/colcon_distutils_commands:/home/yuarajan_s/ros2_ws/install/autonav_description/lib/python3.12/site-packages:${PYTHONPATH} /usr/bin/python3 -W ignore:setup.py install is deprecated -W ignore:easy_install command is deprecated setup.py egg_info --egg-base ../../build/autonav_description build --build-base /home/yuarajan_s/ros2_ws/build/autonav_description/build install --record /home/yuarajan_s/ros2_ws/build/autonav_description/install.log --single-version-externally-managed install_data
[4.079s] running egg_info
[4.080s] creating ../../build/autonav_description/autonav_description.egg-info
[4.116s] writing ../../build/autonav_description/autonav_description.egg-info/PKG-INFO
[4.116s] writing dependency_links to ../../build/autonav_description/autonav_description.egg-info/dependency_links.txt
[4.116s] writing top-level names to ../../build/autonav_description/autonav_description.egg-info/top_level.txt
[4.116s] writing manifest file '../../build/autonav_description/autonav_description.egg-info/SOURCES.txt'
[4.171s] reading manifest file '../../build/autonav_description/autonav_description.egg-info/SOURCES.txt'
[4.173s] writing manifest file '../../build/autonav_description/autonav_description.egg-info/SOURCES.txt'
[4.173s] running build
[4.174s] running build_py
[4.174s] creating /home/yuarajan_s/ros2_ws/build/autonav_description/build
[4.175s] creating /home/yuarajan_s/ros2_ws/build/autonav_description/build/lib
[4.175s] creating /home/yuarajan_s/ros2_ws/build/autonav_description/build/lib/autonav_description
[4.176s] copying autonav_description/__init__.py -> /home/yuarajan_s/ros2_ws/build/autonav_description/build/lib/autonav_description
[4.176s] running install
[4.185s] running install_lib
[4.214s] creating /home/yuarajan_s/ros2_ws/install/autonav_description/lib/python3.12/site-packages/autonav_description
[4.214s] copying /home/yuarajan_s/ros2_ws/build/autonav_description/build/lib/autonav_description/__init__.py -> /home/yuarajan_s/ros2_ws/install/autonav_description/lib/python3.12/site-packages/autonav_description
[4.215s] byte-compiling /home/yuarajan_s/ros2_ws/install/autonav_description/lib/python3.12/site-packages/autonav_description/__init__.py to __init__.cpython-312.pyc
[4.218s] running install_data
[4.218s] creating /home/yuarajan_s/ros2_ws/install/autonav_description/share/ament_index
[4.218s] creating /home/yuarajan_s/ros2_ws/install/autonav_description/share/ament_index/resource_index
[4.219s] creating /home/yuarajan_s/ros2_ws/install/autonav_description/share/ament_index/resource_index/packages
[4.228s] copying resource/autonav_description -> /home/yuarajan_s/ros2_ws/install/autonav_description/share/ament_index/resource_index/packages
[4.228s] copying package.xml -> /home/yuarajan_s/ros2_ws/install/autonav_description/share/autonav_description
[4.228s] creating /home/yuarajan_s/ros2_ws/install/autonav_description/share/autonav_description/urdf
[4.242s] copying urdf/robot.urdf -> /home/yuarajan_s/ros2_ws/install/autonav_description/share/autonav_description/urdf
[4.242s] running install_egg_info
[4.277s] Copying ../../build/autonav_description/autonav_description.egg-info to /home/yuarajan_s/ros2_ws/install/autonav_description/lib/python3.12/site-packages/autonav_description-0.0.0-py3.12.egg-info
[4.279s] running install_scripts
[4.486s] writing list of installed files to '/home/yuarajan_s/ros2_ws/build/autonav_description/install.log'
[4.656s] Invoked command in '/home/yuarajan_s/ros2_ws/src/autonav_description' returned '0': PYTHONPATH=/home/yuarajan_s/ros2_ws/build/autonav_description/prefix_override:/usr/lib/python3/dist-packages/colcon_core/task/python/colcon_distutils_commands:/home/yuarajan_s/ros2_ws/install/autonav_description/lib/python3.12/site-packages:${PYTHONPATH} /usr/bin/python3 -W ignore:setup.py install is deprecated -W ignore:easy_install command is deprecated setup.py egg_info --egg-base ../../build/autonav_description build --build-base /home/yuarajan_s/ros2_ws/build/autonav_description/build install --record /home/yuarajan_s/ros2_ws/build/autonav_description/install.log --single-version-externally-managed install_data
