running egg_info
creating ../../build/autonav_planning/autonav_planning.egg-info
writing ../../build/autonav_planning/autonav_planning.egg-info/PKG-INFO
writing dependency_links to ../../build/autonav_planning/autonav_planning.egg-info/dependency_links.txt
writing entry points to ../../build/autonav_planning/autonav_planning.egg-info/entry_points.txt
writing requirements to ../../build/autonav_planning/autonav_planning.egg-info/requires.txt
writing top-level names to ../../build/autonav_planning/autonav_planning.egg-info/top_level.txt
writing manifest file '../../build/autonav_planning/autonav_planning.egg-info/SOURCES.txt'
reading manifest file '../../build/autonav_planning/autonav_planning.egg-info/SOURCES.txt'
writing manifest file '../../build/autonav_planning/autonav_planning.egg-info/SOURCES.txt'
running build
running build_py
creating /home/yuarajan_s/ros2_ws/build/autonav_planning/build
creating /home/yuarajan_s/ros2_ws/build/autonav_planning/build/lib
creating /home/yuarajan_s/ros2_ws/build/autonav_planning/build/lib/autonav_planning
copying autonav_planning/laser_scan_sim.py -> /home/yuarajan_s/ros2_ws/build/autonav_planning/build/lib/autonav_planning
copying autonav_planning/map_publisher.py -> /home/yuarajan_s/ros2_ws/build/autonav_planning/build/lib/autonav_planning
copying autonav_planning/occupancy_mapper.py -> /home/yuarajan_s/ros2_ws/build/autonav_planning/build/lib/autonav_planning
copying autonav_planning/__init__.py -> /home/yuarajan_s/ros2_ws/build/autonav_planning/build/lib/autonav_planning
copying autonav_planning/goal_manager.py -> /home/yuarajan_s/ros2_ws/build/autonav_planning/build/lib/autonav_planning
copying autonav_planning/astar_planner.py -> /home/yuarajan_s/ros2_ws/build/autonav_planning/build/lib/autonav_planning
copying autonav_planning/planner_node.py -> /home/yuarajan_s/ros2_ws/build/autonav_planning/build/lib/autonav_planning
copying autonav_planning/astar_search.py -> /home/yuarajan_s/ros2_ws/build/autonav_planning/build/lib/autonav_planning
copying autonav_planning/replanner.py -> /home/yuarajan_s/ros2_ws/build/autonav_planning/build/lib/autonav_planning
running install
running install_lib
creating /home/yuarajan_s/ros2_ws/install/autonav_planning/lib/python3.12/site-packages/autonav_planning
copying /home/yuarajan_s/ros2_ws/build/autonav_planning/build/lib/autonav_planning/laser_scan_sim.py -> /home/yuarajan_s/ros2_ws/install/autonav_planning/lib/python3.12/site-packages/autonav_planning
copying /home/yuarajan_s/ros2_ws/build/autonav_planning/build/lib/autonav_planning/map_publisher.py -> /home/yuarajan_s/ros2_ws/install/autonav_planning/lib/python3.12/site-packages/autonav_planning
copying /home/yuarajan_s/ros2_ws/build/autonav_planning/build/lib/autonav_planning/occupancy_mapper.py -> /home/yuarajan_s/ros2_ws/install/autonav_planning/lib/python3.12/site-packages/autonav_planning
copying /home/yuarajan_s/ros2_ws/build/autonav_planning/build/lib/autonav_planning/__init__.py -> /home/yuarajan_s/ros2_ws/install/autonav_planning/lib/python3.12/site-packages/autonav_planning
copying /home/yuarajan_s/ros2_ws/build/autonav_planning/build/lib/autonav_planning/goal_manager.py -> /home/yuarajan_s/ros2_ws/install/autonav_planning/lib/python3.12/site-packages/autonav_planning
copying /home/yuarajan_s/ros2_ws/build/autonav_planning/build/lib/autonav_planning/astar_planner.py -> /home/yuarajan_s/ros2_ws/install/autonav_planning/lib/python3.12/site-packages/autonav_planning
copying /home/yuarajan_s/ros2_ws/build/autonav_planning/build/lib/autonav_planning/planner_node.py -> /home/yuarajan_s/ros2_ws/install/autonav_planning/lib/python3.12/site-packages/autonav_planning
copying /home/yuarajan_s/ros2_ws/build/autonav_planning/build/lib/autonav_planning/astar_search.py -> /home/yuarajan_s/ros2_ws/install/autonav_planning/lib/python3.12/site-packages/autonav_planning
copying /home/yuarajan_s/ros2_ws/build/autonav_planning/build/lib/autonav_planning/replanner.py -> /home/yuarajan_s/ros2_ws/install/autonav_planning/lib/python3.12/site-packages/autonav_planning
byte-compiling /home/yuarajan_s/ros2_ws/install/autonav_planning/lib/python3.12/site-packages/autonav_planning/laser_scan_sim.py to laser_scan_sim.cpython-312.pyc
byte-compiling /home/yuarajan_s/ros2_ws/install/autonav_planning/lib/python3.12/site-packages/autonav_planning/map_publisher.py to map_publisher.cpython-312.pyc
byte-compiling /home/yuarajan_s/ros2_ws/install/autonav_planning/lib/python3.12/site-packages/autonav_planning/occupancy_mapper.py to occupancy_mapper.cpython-312.pyc
byte-compiling /home/yuarajan_s/ros2_ws/install/autonav_planning/lib/python3.12/site-packages/autonav_planning/__init__.py to __init__.cpython-312.pyc
byte-compiling /home/yuarajan_s/ros2_ws/install/autonav_planning/lib/python3.12/site-packages/autonav_planning/goal_manager.py to goal_manager.cpython-312.pyc
byte-compiling /home/yuarajan_s/ros2_ws/install/autonav_planning/lib/python3.12/site-packages/autonav_planning/astar_planner.py to astar_planner.cpython-312.pyc
byte-compiling /home/yuarajan_s/ros2_ws/install/autonav_planning/lib/python3.12/site-packages/autonav_planning/planner_node.py to planner_node.cpython-312.pyc
byte-compiling /home/yuarajan_s/ros2_ws/install/autonav_planning/lib/python3.12/site-packages/autonav_planning/astar_search.py to astar_search.cpython-312.pyc
byte-compiling /home/yuarajan_s/ros2_ws/install/autonav_planning/lib/python3.12/site-packages/autonav_planning/replanner.py to replanner.cpython-312.pyc
running install_data
creating /home/yuarajan_s/ros2_ws/install/autonav_planning/share/ament_index
creating /home/yuarajan_s/ros2_ws/install/autonav_planning/share/ament_index/resource_index
creating /home/yuarajan_s/ros2_ws/install/autonav_planning/share/ament_index/resource_index/packages
copying resource/autonav_planning -> /home/yuarajan_s/ros2_ws/install/autonav_planning/share/ament_index/resource_index/packages
copying package.xml -> /home/yuarajan_s/ros2_ws/install/autonav_planning/share/autonav_planning
running install_egg_info
Copying ../../build/autonav_planning/autonav_planning.egg-info to /home/yuarajan_s/ros2_ws/install/autonav_planning/lib/python3.12/site-packages/autonav_planning-0.0.0-py3.12.egg-info
running install_scripts
Installing astar_planner script to /home/yuarajan_s/ros2_ws/install/autonav_planning/lib/autonav_planning
Installing goal_manager script to /home/yuarajan_s/ros2_ws/install/autonav_planning/lib/autonav_planning
Installing laser_scan_sim script to /home/yuarajan_s/ros2_ws/install/autonav_planning/lib/autonav_planning
Installing map_publisher script to /home/yuarajan_s/ros2_ws/install/autonav_planning/lib/autonav_planning
Installing occupancy_mapper script to /home/yuarajan_s/ros2_ws/install/autonav_planning/lib/autonav_planning
Installing replanner script to /home/yuarajan_s/ros2_ws/install/autonav_planning/lib/autonav_planning
writing list of installed files to '/home/yuarajan_s/ros2_ws/build/autonav_planning/install.log'
