running egg_info
writing ../../build/autonav_planning/autonav_planning.egg-info/PKG-INFO
writing dependency_links to ../../build/autonav_planning/autonav_planning.egg-info/dependency_links.txt
writing entry points to ../../build/autonav_planning/autonav_planning.egg-info/entry_points.txt
writing requirements to ../../build/autonav_planning/autonav_planning.egg-info/requires.txt
writing top-level names to ../../build/autonav_planning/autonav_planning.egg-info/top_level.txt
reading manifest file '../../build/autonav_planning/autonav_planning.egg-info/SOURCES.txt'
writing manifest file '../../build/autonav_planning/autonav_planning.egg-info/SOURCES.txt'
running build
running build_py
running install
running install_lib
running install_data
running install_egg_info
removing '/home/yuarajan_s/ros2_ws/install/autonav_planning/lib/python3.12/site-packages/autonav_planning-0.0.0-py3.12.egg-info' (and everything under it)
Copying ../../build/autonav_planning/autonav_planning.egg-info to /home/yuarajan_s/ros2_ws/install/autonav_planning/lib/python3.12/site-packages/autonav_planning-0.0.0-py3.12.egg-info
running install_scripts
Installing astar_planner script to /home/yuarajan_s/ros2_ws/install/autonav_planning/lib/autonav_planning
Installing goal_manager script to /home/yuarajan_s/ros2_ws/install/autonav_planning/lib/autonav_planning
Installing laser_scan_sim script to /home/yuarajan_s/ros2_ws/install/autonav_planning/lib/autonav_planning
Installing map_publisher script to /home/yuarajan_s/ros2_ws/install/autonav_planning/lib/autonav_planning
Installing occupancy_mapper script to /home/yuarajan_s/ros2_ws/install/autonav_planning/lib/autonav_planning
Installing replanner script to /home/yuarajan_s/ros2_ws/install/autonav_planning/lib/autonav_planning
writing list of installed files to '/home/yuarajan_s/ros2_ws/build/autonav_planning/install.log'
