[4.985s] Invoking command in '/home/yuarajan_s/ros2_ws/src/autonav_planning': PYTHONPATH=/home/yuarajan_s/ros2_ws/build/autonav_planning/prefix_override:/usr/lib/python3/dist-packages/colcon_core/task/python/colcon_distutils_commands:/home/yuarajan_s/ros2_ws/install/autonav_planning/lib/python3.12/site-packages:${PYTHONPATH} /usr/bin/python3 -W ignore:setup.py install is deprecated -W ignore:easy_install command is deprecated setup.py egg_info --egg-base ../../build/autonav_planning build --build-base /home/yuarajan_s/ros2_ws/build/autonav_planning/build install --record /home/yuarajan_s/ros2_ws/build/autonav_planning/install.log --single-version-externally-managed install_data
[5.441s] running egg_info
[5.474s] writing ../../build/autonav_planning/autonav_planning.egg-info/PKG-INFO
[5.474s] writing dependency_links to ../../build/autonav_planning/autonav_planning.egg-info/dependency_links.txt
[5.475s] writing entry points to ../../build/autonav_planning/autonav_planning.egg-info/entry_points.txt
[5.475s] writing requirements to ../../build/autonav_planning/autonav_planning.egg-info/requires.txt
[5.475s] writing top-level names to ../../build/autonav_planning/autonav_planning.egg-info/top_level.txt
[5.537s] reading manifest file '../../build/autonav_planning/autonav_planning.egg-info/SOURCES.txt'
[5.539s] writing manifest file '../../build/autonav_planning/autonav_planning.egg-info/SOURCES.txt'
[5.539s] running build
[5.539s] running build_py
[5.540s] running install
[5.556s] running install_lib
[5.584s] running install_data
[5.584s] running install_egg_info
[5.623s] removing '/home/yuarajan_s/ros2_ws/install/autonav_planning/lib/python3.12/site-packages/autonav_planning-0.0.0-py3.12.egg-info' (and everything under it)
[5.623s] Copying ../../build/autonav_planning/autonav_planning.egg-info to /home/yuarajan_s/ros2_ws/install/autonav_planning/lib/python3.12/site-packages/autonav_planning-0.0.0-py3.12.egg-info
[5.625s] running install_scripts
[5.831s] Installing astar_planner script to /home/yuarajan_s/ros2_ws/install/autonav_planning/lib/autonav_planning
[5.831s] Installing goal_manager script to /home/yuarajan_s/ros2_ws/install/autonav_planning/lib/autonav_planning
[5.832s] Installing laser_scan_sim script to /home/yuarajan_s/ros2_ws/install/autonav_planning/lib/autonav_planning
[5.833s] Installing map_publisher script to /home/yuarajan_s/ros2_ws/install/autonav_planning/lib/autonav_planning
[5.833s] Installing occupancy_mapper script to /home/yuarajan_s/ros2_ws/install/autonav_planning/lib/autonav_planning
[5.840s] Installing replanner script to /home/yuarajan_s/ros2_ws/install/autonav_planning/lib/autonav_planning
[5.840s] writing list of installed files to '/home/yuarajan_s/ros2_ws/build/autonav_planning/install.log'
[5.991s] Invoked command in '/home/yuarajan_s/ros2_ws/src/autonav_planning' returned '0': PYTHONPATH=/home/yuarajan_s/ros2_ws/build/autonav_planning/prefix_override:/usr/lib/python3/dist-packages/colcon_core/task/python/colcon_distutils_commands:/home/yuarajan_s/ros2_ws/install/autonav_planning/lib/python3.12/site-packages:${PYTHONPATH} /usr/bin/python3 -W ignore:setup.py install is deprecated -W ignore:easy_install command is deprecated setup.py egg_info --egg-base ../../build/autonav_planning build --build-base /home/yuarajan_s/ros2_ws/build/autonav_planning/build install --record /home/yuarajan_s/ros2_ws/build/autonav_planning/install.log --single-version-externally-managed install_data
