running develop
Removing /home/yuarajan_s/ros2_ws/install/visual_odometry_pkg/lib/python3.12/site-packages/visual-odometry-pkg.egg-link (link to .)
running egg_info
writing ../../build/visual_odometry_pkg/visual_odometry_pkg.egg-info/PKG-INFO
writing dependency_links to ../../build/visual_odometry_pkg/visual_odometry_pkg.egg-info/dependency_links.txt
writing entry points to ../../build/visual_odometry_pkg/visual_odometry_pkg.egg-info/entry_points.txt
writing requirements to ../../build/visual_odometry_pkg/visual_odometry_pkg.egg-info/requires.txt
writing top-level names to ../../build/visual_odometry_pkg/visual_odometry_pkg.egg-info/top_level.txt
reading manifest file '../../build/visual_odometry_pkg/visual_odometry_pkg.egg-info/SOURCES.txt'
writing manifest file '../../build/visual_odometry_pkg/visual_odometry_pkg.egg-info/SOURCES.txt'
running build
running build_py
copying visual_odometry_pkg/feature_matcher.py -> /home/yuarajan_s/ros2_ws/build/visual_odometry_pkg/build/lib/visual_odometry_pkg
copying visual_odometry_pkg/depth_estimator.py -> /home/yuarajan_s/ros2_ws/build/visual_odometry_pkg/build/lib/visual_odometry_pkg
copying visual_odometry_pkg/visual_place_recognition.py -> /home/yuarajan_s/ros2_ws/build/visual_odometry_pkg/build/lib/visual_odometry_pkg
copying visual_odometry_pkg/stereo_vision.py -> /home/yuarajan_s/ros2_ws/build/visual_odometry_pkg/build/lib/visual_odometry_pkg
copying visual_odometry_pkg/ransac_feature_matching.py -> /home/yuarajan_s/ros2_ws/build/visual_odometry_pkg/build/lib/visual_odometry_pkg
copying visual_odometry_pkg/orb_feature_extractor.py -> /home/yuarajan_s/ros2_ws/build/visual_odometry_pkg/build/lib/visual_odometry_pkg
copying visual_odometry_pkg/monocular_visual_odometry.py -> /home/yuarajan_s/ros2_ws/build/visual_odometry_pkg/build/lib/visual_odometry_pkg
copying visual_odometry_pkg/visual_slam.py -> /home/yuarajan_s/ros2_ws/build/visual_odometry_pkg/build/lib/visual_odometry_pkg
copying visual_odometry_pkg/essential_matrix_estimator.py -> /home/yuarajan_s/ros2_ws/build/visual_odometry_pkg/build/lib/visual_odometry_pkg
copying visual_odometry_pkg/stereo_camera_publisher.py -> /home/yuarajan_s/ros2_ws/build/visual_odometry_pkg/build/lib/visual_odometry_pkg
copying visual_odometry_pkg/vision_loop_closure.py -> /home/yuarajan_s/ros2_ws/build/visual_odometry_pkg/build/lib/visual_odometry_pkg
running install
running install_lib
creating /home/yuarajan_s/ros2_ws/install/visual_odometry_pkg/lib/python3.12/site-packages/visual_odometry_pkg
copying /home/yuarajan_s/ros2_ws/build/visual_odometry_pkg/build/lib/visual_odometry_pkg/feature_matcher.py -> /home/yuarajan_s/ros2_ws/install/visual_odometry_pkg/lib/python3.12/site-packages/visual_odometry_pkg
copying /home/yuarajan_s/ros2_ws/build/visual_odometry_pkg/build/lib/visual_odometry_pkg/visual_odometry.py -> /home/yuarajan_s/ros2_ws/install/visual_odometry_pkg/lib/python3.12/site-packages/visual_odometry_pkg
copying /home/yuarajan_s/ros2_ws/build/visual_odometry_pkg/build/lib/visual_odometry_pkg/depth_estimator.py -> /home/yuarajan_s/ros2_ws/install/visual_odometry_pkg/lib/python3.12/site-packages/visual_odometry_pkg
copying /home/yuarajan_s/ros2_ws/build/visual_odometry_pkg/build/lib/visual_odometry_pkg/visual_place_recognition.py -> /home/yuarajan_s/ros2_ws/install/visual_odometry_pkg/lib/python3.12/site-packages/visual_odometry_pkg
copying /home/yuarajan_s/ros2_ws/build/visual_odometry_pkg/build/lib/visual_odometry_pkg/stereo_vision.py -> /home/yuarajan_s/ros2_ws/install/visual_odometry_pkg/lib/python3.12/site-packages/visual_odometry_pkg
copying /home/yuarajan_s/ros2_ws/build/visual_odometry_pkg/build/lib/visual_odometry_pkg/ransac_feature_matching.py -> /home/yuarajan_s/ros2_ws/install/visual_odometry_pkg/lib/python3.12/site-packages/visual_odometry_pkg
copying /home/yuarajan_s/ros2_ws/build/visual_odometry_pkg/build/lib/visual_odometry_pkg/orb_feature_extractor.py -> /home/yuarajan_s/ros2_ws/install/visual_odometry_pkg/lib/python3.12/site-packages/visual_odometry_pkg
copying /home/yuarajan_s/ros2_ws/build/visual_odometry_pkg/build/lib/visual_odometry_pkg/monocular_visual_odometry.py -> /home/yuarajan_s/ros2_ws/install/visual_odometry_pkg/lib/python3.12/site-packages/visual_odometry_pkg
copying /home/yuarajan_s/ros2_ws/build/visual_odometry_pkg/build/lib/visual_odometry_pkg/__init__.py -> /home/yuarajan_s/ros2_ws/install/visual_odometry_pkg/lib/python3.12/site-packages/visual_odometry_pkg
copying /home/yuarajan_s/ros2_ws/build/visual_odometry_pkg/build/lib/visual_odometry_pkg/visual_slam.py -> /home/yuarajan_s/ros2_ws/install/visual_odometry_pkg/lib/python3.12/site-packages/visual_odometry_pkg
copying /home/yuarajan_s/ros2_ws/build/visual_odometry_pkg/build/lib/visual_odometry_pkg/essential_matrix_estimator.py -> /home/yuarajan_s/ros2_ws/install/visual_odometry_pkg/lib/python3.12/site-packages/visual_odometry_pkg
copying /home/yuarajan_s/ros2_ws/build/visual_odometry_pkg/build/lib/visual_odometry_pkg/stereo_camera_publisher.py -> /home/yuarajan_s/ros2_ws/install/visual_odometry_pkg/lib/python3.12/site-packages/visual_odometry_pkg
copying /home/yuarajan_s/ros2_ws/build/visual_odometry_pkg/build/lib/visual_odometry_pkg/vision_loop_closure.py -> /home/yuarajan_s/ros2_ws/install/visual_odometry_pkg/lib/python3.12/site-packages/visual_odometry_pkg
byte-compiling /home/yuarajan_s/ros2_ws/install/visual_odometry_pkg/lib/python3.12/site-packages/visual_odometry_pkg/feature_matcher.py to feature_matcher.cpython-312.pyc
byte-compiling /home/yuarajan_s/ros2_ws/install/visual_odometry_pkg/lib/python3.12/site-packages/visual_odometry_pkg/visual_odometry.py to visual_odometry.cpython-312.pyc
byte-compiling /home/yuarajan_s/ros2_ws/install/visual_odometry_pkg/lib/python3.12/site-packages/visual_odometry_pkg/depth_estimator.py to depth_estimator.cpython-312.pyc
byte-compiling /home/yuarajan_s/ros2_ws/install/visual_odometry_pkg/lib/python3.12/site-packages/visual_odometry_pkg/visual_place_recognition.py to visual_place_recognition.cpython-312.pyc
byte-compiling /home/yuarajan_s/ros2_ws/install/visual_odometry_pkg/lib/python3.12/site-packages/visual_odometry_pkg/stereo_vision.py to stereo_vision.cpython-312.pyc
byte-compiling /home/yuarajan_s/ros2_ws/install/visual_odometry_pkg/lib/python3.12/site-packages/visual_odometry_pkg/ransac_feature_matching.py to ransac_feature_matching.cpython-312.pyc
byte-compiling /home/yuarajan_s/ros2_ws/install/visual_odometry_pkg/lib/python3.12/site-packages/visual_odometry_pkg/orb_feature_extractor.py to orb_feature_extractor.cpython-312.pyc
byte-compiling /home/yuarajan_s/ros2_ws/install/visual_odometry_pkg/lib/python3.12/site-packages/visual_odometry_pkg/monocular_visual_odometry.py to monocular_visual_odometry.cpython-312.pyc
byte-compiling /home/yuarajan_s/ros2_ws/install/visual_odometry_pkg/lib/python3.12/site-packages/visual_odometry_pkg/__init__.py to __init__.cpython-312.pyc
byte-compiling /home/yuarajan_s/ros2_ws/install/visual_odometry_pkg/lib/python3.12/site-packages/visual_odometry_pkg/visual_slam.py to visual_slam.cpython-312.pyc
byte-compiling /home/yuarajan_s/ros2_ws/install/visual_odometry_pkg/lib/python3.12/site-packages/visual_odometry_pkg/essential_matrix_estimator.py to essential_matrix_estimator.cpython-312.pyc
byte-compiling /home/yuarajan_s/ros2_ws/install/visual_odometry_pkg/lib/python3.12/site-packages/visual_odometry_pkg/stereo_camera_publisher.py to stereo_camera_publisher.cpython-312.pyc
byte-compiling /home/yuarajan_s/ros2_ws/install/visual_odometry_pkg/lib/python3.12/site-packages/visual_odometry_pkg/vision_loop_closure.py to vision_loop_closure.cpython-312.pyc
running install_data
copying resource/visual_odometry_pkg -> /home/yuarajan_s/ros2_ws/install/visual_odometry_pkg/share/ament_index/resource_index/packages
copying package.xml -> /home/yuarajan_s/ros2_ws/install/visual_odometry_pkg/share/visual_odometry_pkg
running install_egg_info
Copying ../../build/visual_odometry_pkg/visual_odometry_pkg.egg-info to /home/yuarajan_s/ros2_ws/install/visual_odometry_pkg/lib/python3.12/site-packages/visual_odometry_pkg-0.0.0-py3.12.egg-info
running install_scripts
Installing depth_estimator script to /home/yuarajan_s/ros2_ws/install/visual_odometry_pkg/lib/visual_odometry_pkg
Installing essential_matrix_estimator script to /home/yuarajan_s/ros2_ws/install/visual_odometry_pkg/lib/visual_odometry_pkg
Installing feature_matcher script to /home/yuarajan_s/ros2_ws/install/visual_odometry_pkg/lib/visual_odometry_pkg
Installing monocular_visual_odometry script to /home/yuarajan_s/ros2_ws/install/visual_odometry_pkg/lib/visual_odometry_pkg
Installing orb_feature_extractor script to /home/yuarajan_s/ros2_ws/install/visual_odometry_pkg/lib/visual_odometry_pkg
Installing ransac_feature_matching script to /home/yuarajan_s/ros2_ws/install/visual_odometry_pkg/lib/visual_odometry_pkg
Installing stereo_camera_publisher script to /home/yuarajan_s/ros2_ws/install/visual_odometry_pkg/lib/visual_odometry_pkg
Installing stereo_vision script to /home/yuarajan_s/ros2_ws/install/visual_odometry_pkg/lib/visual_odometry_pkg
Installing vision_loop_closure script to /home/yuarajan_s/ros2_ws/install/visual_odometry_pkg/lib/visual_odometry_pkg
Installing visual_odometry script to /home/yuarajan_s/ros2_ws/install/visual_odometry_pkg/lib/visual_odometry_pkg
Installing visual_place_recognition script to /home/yuarajan_s/ros2_ws/install/visual_odometry_pkg/lib/visual_odometry_pkg
Installing visual_slam script to /home/yuarajan_s/ros2_ws/install/visual_odometry_pkg/lib/visual_odometry_pkg
writing list of installed files to '/home/yuarajan_s/ros2_ws/build/visual_odometry_pkg/install.log'
