running egg_info
writing ../../build/autonav_localization/autonav_localization.egg-info/PKG-INFO
writing dependency_links to ../../build/autonav_localization/autonav_localization.egg-info/dependency_links.txt
writing entry points to ../../build/autonav_localization/autonav_localization.egg-info/entry_points.txt
writing requirements to ../../build/autonav_localization/autonav_localization.egg-info/requires.txt
writing top-level names to ../../build/autonav_localization/autonav_localization.egg-info/top_level.txt
reading manifest file '../../build/autonav_localization/autonav_localization.egg-info/SOURCES.txt'
writing manifest file '../../build/autonav_localization/autonav_localization.egg-info/SOURCES.txt'
running build
running build_py
running install
running install_lib
running install_data
running install_egg_info
removing '/home/yuarajan_s/ros2_ws/install/autonav_localization/lib/python3.12/site-packages/autonav_localization-0.0.0-py3.12.egg-info' (and everything under it)
Copying ../../build/autonav_localization/autonav_localization.egg-info to /home/yuarajan_s/ros2_ws/install/autonav_localization/lib/python3.12/site-packages/autonav_localization-0.0.0-py3.12.egg-info
running install_scripts
Installing ekf_localization_node script to /home/yuarajan_s/ros2_ws/install/autonav_localization/lib/autonav_localization
Installing ekf_node script to /home/yuarajan_s/ros2_ws/install/autonav_localization/lib/autonav_localization
Installing path_publisher script to /home/yuarajan_s/ros2_ws/install/autonav_localization/lib/autonav_localization
Installing robot_marker script to /home/yuarajan_s/ros2_ws/install/autonav_localization/lib/autonav_localization
Installing tf_broadcaster script to /home/yuarajan_s/ros2_ws/install/autonav_localization/lib/autonav_localization
writing list of installed files to '/home/yuarajan_s/ros2_ws/build/autonav_localization/install.log'
