[4.992s] Invoking command in '/home/yuarajan_s/ros2_ws/src/autonav_localization': PYTHONPATH=/home/yuarajan_s/ros2_ws/build/autonav_localization/prefix_override:/usr/lib/python3/dist-packages/colcon_core/task/python/colcon_distutils_commands:/home/yuarajan_s/ros2_ws/install/autonav_localization/lib/python3.12/site-packages:${PYTHONPATH} /usr/bin/python3 -W ignore:setup.py install is deprecated -W ignore:easy_install command is deprecated setup.py egg_info --egg-base ../../build/autonav_localization build --build-base /home/yuarajan_s/ros2_ws/build/autonav_localization/build install --record /home/yuarajan_s/ros2_ws/build/autonav_localization/install.log --single-version-externally-managed install_data
[5.451s] running egg_info
[5.484s] writing ../../build/autonav_localization/autonav_localization.egg-info/PKG-INFO
[5.484s] writing dependency_links to ../../build/autonav_localization/autonav_localization.egg-info/dependency_links.txt
[5.485s] writing entry points to ../../build/autonav_localization/autonav_localization.egg-info/entry_points.txt
[5.485s] writing requirements to ../../build/autonav_localization/autonav_localization.egg-info/requires.txt
[5.485s] writing top-level names to ../../build/autonav_localization/autonav_localization.egg-info/top_level.txt
[5.554s] reading manifest file '../../build/autonav_localization/autonav_localization.egg-info/SOURCES.txt'
[5.555s] writing manifest file '../../build/autonav_localization/autonav_localization.egg-info/SOURCES.txt'
[5.555s] running build
[5.555s] running build_py
[5.555s] running install
[5.566s] running install_lib
[5.604s] running install_data
[5.604s] running install_egg_info
[5.636s] removing '/home/yuarajan_s/ros2_ws/install/autonav_localization/lib/python3.12/site-packages/autonav_localization-0.0.0-py3.12.egg-info' (and everything under it)
[5.638s] Copying ../../build/autonav_localization/autonav_localization.egg-info to /home/yuarajan_s/ros2_ws/install/autonav_localization/lib/python3.12/site-packages/autonav_localization-0.0.0-py3.12.egg-info
[5.642s] running install_scripts
[5.859s] Installing ekf_localization_node script to /home/yuarajan_s/ros2_ws/install/autonav_localization/lib/autonav_localization
[5.859s] Installing ekf_node script to /home/yuarajan_s/ros2_ws/install/autonav_localization/lib/autonav_localization
[5.859s] Installing path_publisher script to /home/yuarajan_s/ros2_ws/install/autonav_localization/lib/autonav_localization
[5.860s] Installing robot_marker script to /home/yuarajan_s/ros2_ws/install/autonav_localization/lib/autonav_localization
[5.860s] Installing tf_broadcaster script to /home/yuarajan_s/ros2_ws/install/autonav_localization/lib/autonav_localization
[5.860s] writing list of installed files to '/home/yuarajan_s/ros2_ws/build/autonav_localization/install.log'
[6.032s] Invoked command in '/home/yuarajan_s/ros2_ws/src/autonav_localization' returned '0': PYTHONPATH=/home/yuarajan_s/ros2_ws/build/autonav_localization/prefix_override:/usr/lib/python3/dist-packages/colcon_core/task/python/colcon_distutils_commands:/home/yuarajan_s/ros2_ws/install/autonav_localization/lib/python3.12/site-packages:${PYTHONPATH} /usr/bin/python3 -W ignore:setup.py install is deprecated -W ignore:easy_install command is deprecated setup.py egg_info --egg-base ../../build/autonav_localization build --build-base /home/yuarajan_s/ros2_ws/build/autonav_localization/build install --record /home/yuarajan_s/ros2_ws/build/autonav_localization/install.log --single-version-externally-managed install_data
