[1.754s] Invoking command in '/home/yuarajan_s/ros2_ws/src/slam_pkg': PYTHONPATH=/home/yuarajan_s/ros2_ws/build/slam_pkg/prefix_override:/usr/lib/python3/dist-packages/colcon_core/task/python/colcon_distutils_commands:/home/yuarajan_s/ros2_ws/install/slam_pkg/lib/python3.12/site-packages:${PYTHONPATH} /usr/bin/python3 -W ignore:setup.py install is deprecated -W ignore:easy_install command is deprecated setup.py egg_info --egg-base ../../build/slam_pkg build --build-base /home/yuarajan_s/ros2_ws/build/slam_pkg/build install --record /home/yuarajan_s/ros2_ws/build/slam_pkg/install.log --single-version-externally-managed install_data
[2.268s] running egg_info
[2.294s] writing ../../build/slam_pkg/slam_pkg.egg-info/PKG-INFO
[2.301s] writing dependency_links to ../../build/slam_pkg/slam_pkg.egg-info/dependency_links.txt
[2.301s] writing entry points to ../../build/slam_pkg/slam_pkg.egg-info/entry_points.txt
[2.301s] writing requirements to ../../build/slam_pkg/slam_pkg.egg-info/requires.txt
[2.301s] writing top-level names to ../../build/slam_pkg/slam_pkg.egg-info/top_level.txt
[2.359s] reading manifest file '../../build/slam_pkg/slam_pkg.egg-info/SOURCES.txt'
[2.360s] writing manifest file '../../build/slam_pkg/slam_pkg.egg-info/SOURCES.txt'
[2.360s] running build
[2.360s] running build_py
[2.361s] running install
[2.372s] running install_lib
[2.401s] running install_data
[2.402s] running install_egg_info
[2.431s] removing '/home/yuarajan_s/ros2_ws/install/slam_pkg/lib/python3.12/site-packages/slam_pkg-0.0.0-py3.12.egg-info' (and everything under it)
[2.431s] Copying ../../build/slam_pkg/slam_pkg.egg-info to /home/yuarajan_s/ros2_ws/install/slam_pkg/lib/python3.12/site-packages/slam_pkg-0.0.0-py3.12.egg-info
[2.436s] running install_scripts
[2.656s] Installing data_association script to /home/yuarajan_s/ros2_ws/install/slam_pkg/lib/slam_pkg
[2.656s] Installing landmark_detector script to /home/yuarajan_s/ros2_ws/install/slam_pkg/lib/slam_pkg
[2.656s] writing list of installed files to '/home/yuarajan_s/ros2_ws/build/slam_pkg/install.log'
[2.742s] Invoked command in '/home/yuarajan_s/ros2_ws/src/slam_pkg' returned '0': PYTHONPATH=/home/yuarajan_s/ros2_ws/build/slam_pkg/prefix_override:/usr/lib/python3/dist-packages/colcon_core/task/python/colcon_distutils_commands:/home/yuarajan_s/ros2_ws/install/slam_pkg/lib/python3.12/site-packages:${PYTHONPATH} /usr/bin/python3 -W ignore:setup.py install is deprecated -W ignore:easy_install command is deprecated setup.py egg_info --egg-base ../../build/slam_pkg build --build-base /home/yuarajan_s/ros2_ws/build/slam_pkg/build install --record /home/yuarajan_s/ros2_ws/build/slam_pkg/install.log --single-version-externally-managed install_data
