running egg_info
writing ../../build/autonav_control/autonav_control.egg-info/PKG-INFO
writing dependency_links to ../../build/autonav_control/autonav_control.egg-info/dependency_links.txt
writing entry points to ../../build/autonav_control/autonav_control.egg-info/entry_points.txt
writing requirements to ../../build/autonav_control/autonav_control.egg-info/requires.txt
writing top-level names to ../../build/autonav_control/autonav_control.egg-info/top_level.txt
reading manifest file '../../build/autonav_control/autonav_control.egg-info/SOURCES.txt'
writing manifest file '../../build/autonav_control/autonav_control.egg-info/SOURCES.txt'
running build
running build_py
running install
running install_lib
running install_data
running install_egg_info
removing '/home/yuarajan_s/ros2_ws/install/autonav_control/lib/python3.12/site-packages/autonav_control-0.0.0-py3.12.egg-info' (and everything under it)
Copying ../../build/autonav_control/autonav_control.egg-info to /home/yuarajan_s/ros2_ws/install/autonav_control/lib/python3.12/site-packages/autonav_control-0.0.0-py3.12.egg-info
running install_scripts
Installing path_follower script to /home/yuarajan_s/ros2_ws/install/autonav_control/lib/autonav_control
Installing pure_pursuit script to /home/yuarajan_s/ros2_ws/install/autonav_control/lib/autonav_control
writing list of installed files to '/home/yuarajan_s/ros2_ws/build/autonav_control/install.log'
