[4.927s] Invoking command in '/home/yuarajan_s/ros2_ws/src/odometry_pkg': PYTHONPATH=/home/yuarajan_s/ros2_ws/build/odometry_pkg/prefix_override:/usr/lib/python3/dist-packages/colcon_core/task/python/colcon_distutils_commands:/home/yuarajan_s/ros2_ws/install/odometry_pkg/lib/python3.12/site-packages:${PYTHONPATH} /usr/bin/python3 -W ignore:setup.py install is deprecated -W ignore:easy_install command is deprecated setup.py egg_info --egg-base ../../build/odometry_pkg build --build-base /home/yuarajan_s/ros2_ws/build/odometry_pkg/build install --record /home/yuarajan_s/ros2_ws/build/odometry_pkg/install.log --single-version-externally-managed install_data
[5.396s] running egg_info
[5.432s] writing ../../build/odometry_pkg/odometry_pkg.egg-info/PKG-INFO
[5.433s] writing dependency_links to ../../build/odometry_pkg/odometry_pkg.egg-info/dependency_links.txt
[5.435s] writing entry points to ../../build/odometry_pkg/odometry_pkg.egg-info/entry_points.txt
[5.435s] writing requirements to ../../build/odometry_pkg/odometry_pkg.egg-info/requires.txt
[5.435s] writing top-level names to ../../build/odometry_pkg/odometry_pkg.egg-info/top_level.txt
[5.502s] reading manifest file '../../build/odometry_pkg/odometry_pkg.egg-info/SOURCES.txt'
[5.503s] writing manifest file '../../build/odometry_pkg/odometry_pkg.egg-info/SOURCES.txt'
[5.503s] running build
[5.503s] running build_py
[5.504s] running install
[5.514s] running install_lib
[5.545s] running install_data
[5.545s] running install_egg_info
[5.580s] removing '/home/yuarajan_s/ros2_ws/install/odometry_pkg/lib/python3.12/site-packages/odometry_pkg-0.0.0-py3.12.egg-info' (and everything under it)
[5.581s] Copying ../../build/odometry_pkg/odometry_pkg.egg-info to /home/yuarajan_s/ros2_ws/install/odometry_pkg/lib/python3.12/site-packages/odometry_pkg-0.0.0-py3.12.egg-info
[5.585s] running install_scripts
[5.798s] Installing wheel_odometry script to /home/yuarajan_s/ros2_ws/install/odometry_pkg/lib/odometry_pkg
[5.799s] writing list of installed files to '/home/yuarajan_s/ros2_ws/build/odometry_pkg/install.log'
[5.947s] Invoked command in '/home/yuarajan_s/ros2_ws/src/odometry_pkg' returned '0': PYTHONPATH=/home/yuarajan_s/ros2_ws/build/odometry_pkg/prefix_override:/usr/lib/python3/dist-packages/colcon_core/task/python/colcon_distutils_commands:/home/yuarajan_s/ros2_ws/install/odometry_pkg/lib/python3.12/site-packages:${PYTHONPATH} /usr/bin/python3 -W ignore:setup.py install is deprecated -W ignore:easy_install command is deprecated setup.py egg_info --egg-base ../../build/odometry_pkg build --build-base /home/yuarajan_s/ros2_ws/build/odometry_pkg/build install --record /home/yuarajan_s/ros2_ws/build/odometry_pkg/install.log --single-version-externally-managed install_data
